
 -----------------------------------------------
    Iterated - Restrained ESP Fit 3.1  Amber 15 
 -----------------------------------------------
 Resp charges for organic molecule                                               
 -----------------------------------------------


 inopt       =     0   ioutopt     =     1
 nmol        =     1   iqopt       =     2
 ihfree      =     1   irstrnt     =     1
 iunits      =     0   qwt         =   0.00100000

 wtmol(1) =     1.000000
 subtitle:

Resp charges for organic molecule                                               
ich =   0  iuniq = 200
    1    6    0
    2    6  -99
    3    8  -99
    4    1    0
    5    1    4
    6    1    4
    7    7  -99
    8    6  -99
    9    6  -99
   10    8  -99
   11    6    0
   12    6  -99
   13    8  -99
   14    8  -99
   15    1  -99
   16    1  -99
   17    1    0
   18    1   17
   19    7  -99
   20    6  -99
   21    6  -99
   22    8  -99
   23    6    0
   24    6    0
   25    6    0
   26    6    0
   27    7  -99
   28    1  -99
   29    1  -99
   30    1    0
   31    1   30
   32    1    0
   33    1   32
   34    1    0
   35    1   34
   36    1    0
   37    1   36
   38    1  -99
   39    1  -99
   40    1  -99
   41    7  -99
   42    6  -99
   43    6  -99
   44    8  -99
   45    6    0
   46    6  -99
   47    8  -99
   48    8  -99
   49    1  -99
   50    1  -99
   51    1    0
   52    1   51
   53    7  -99
   54    6    0
   55    6  -99
   56    8  -99
   57    1  -99
   58    1    0
   59    1   58
   60    7  -99
   61    6  -99
   62    6  -99
   63    8  -99
   64    6    0
   65    6  -99
   66    7  -99
   67    8  -99
   68    1  -99
   69    1  -99
   70    1    0
   71    1   70
   72    1  -99
   73    1  -99
   74    7  -99
   75    6    0
   76    6  -99
   77    8  -99
   78    1  -99
   79    1    0
   80    1   79
   81    7  -99
   82    6  -99
   83    6  -99
   84    8  -99
   85    6    0
   86    6  -99
   87    6  -99
   88    6  -99
   89    6  -99
   90    6  -99
   91    6  -99
   92    8  -99
   93    1  -99
   94    1  -99
   95    1    0
   96    1   95
   97    1  -99
   98    1  -99
   99    1  -99
  100    1  -99
  101    1  -99
  102    7  -99
  103    6  -99
  104    6  -99
  105    8  -99
  106    6  -99
  107    6    0
  108    6    0
  109    6    0
  110    1  -99
  111    1  -99
  112    1  -99
  113    1    0
  114    1  113
  115    1    0
  116    1  115
  117    1  115
  118    1    0
  119    1  118
  120    1  118
  121    7  -99
  122    6  -99
  123    6  -99
  124    8  -99
  125    6    0
  126    8  -99
  127    1  -99
  128    1  -99
  129    1    0
  130    1  129
  131    1  -99
  132    7  -99
  133    6  -99
  134    6  -99
  135    8  -99
  136    6    0
  137    1  -99
  138    1  -99
  139    1    0
  140    1  139
  141    1  139
  142    7  -99
  143    6  -99
  144    6  -99
  145    8  -99
  146    6    0
  147    1  -99
  148    1  -99
  149    1    0
  150    1  149
  151    1  149
  152    7  -99
  153    6  -99
  154    6  -99
  155    8  -99
  156    6    0
  157    6    0
  158    6  -99
  159    8  -99
  160    8  -99
  161    1  -99
  162    1  -99
  163    1    0
  164    1  163
  165    1    0
  166    1  165
  167    7  -99
  168    6    0
  169    1    0
  170    1  169
  171    1  169
  172    1  -99
  173   20  -99
  174    8  -99
  175    1  -99
  176    1  -99
  177    8  -99
  178    1  -99
  179    1  -99
  180    8  -99
  181    1  -99
  182    1  -99
  183    8  -99
  184    1  -99
  185    1  -99
  186    8  -99
  187    1  -99
  188    1  -99
  189    8  -99
  190    1  -99
  191    1  -99
  192    8  -99
  193    1  -99
  194    1  -99
  195    8  -99
  196    1  -99
  197    1  -99
  198    8  -99
  199    1  -99
  200    1  -99
 new q0 values to be read 200

 Charge on the molecule(ich) =    0
 Total number of atoms (iuniq)     =  200
 Weight factor on initial charge restraints(qwt)=     0.10000D-02


  there are   1 charge constraints:


     1       1
     2       1
     3       1
     4       1
     5       1
     6       1
     7       1
     8       1
     9       1
    10       1
    11       1
    12       1
    13       1
    14       1
    15       1
    16       1
    17       1
    18       1
    19       1
    20       1
    21       1
    22       1
    23       1
    24       1
    25       1
    26       1
    27       1
    28       1
    29       1
    30       1
    31       1
    32       1
    33       1
    34       1
    35       1
    36       1
    37       1
    38       1
    39       1
    40       1
    41       1
    42       1
    43       1
    44       1
    45       1
    46       1
    47       1
    48       1
    49       1
    50       1
    51       1
    52       1
    53       1
    54       1
    55       1
    56       1
    57       1
    58       1
    59       1
    60       1
    61       1
    62       1
    63       1
    64       1
    65       1
    66       1
    67       1
    68       1
    69       1
    70       1
    71       1
    72       1
    73       1
    74       1
    75       1
    76       1
    77       1
    78       1
    79       1
    80       1
    81       1
    82       1
    83       1
    84       1
    85       1
    86       1
    87       1
    88       1
    89       1
    90       1
    91       1
    92       1
    93       1
    94       1
    95       1
    96       1
    97       1
    98       1
    99       1
   100       1
   101       1
   102       1
   103       1
   104       1
   105       1
   106       1
   107       1
   108       1
   109       1
   110       1
   111       1
   112       1
   113       1
   114       1
   115       1
   116       1
   117       1
   118       1
   119       1
   120       1
   121       1
   122       1
   123       1
   124       1
   125       1
   126       1
   127       1
   128       1
   129       1
   130       1
   131       1
   132       1
   133       1
   134       1
   135       1
   136       1
   137       1
   138       1
   139       1
   140       1
   141       1
   142       1
   143       1
   144       1
   145       1
   146       1
   147       1
   148       1
   149       1
   150       1
   151       1
   152       1
   153       1
   154       1
   155       1
   156       1
   157       1
   158       1
   159       1
   160       1
   161       1
   162       1
   163       1
   164       1
   165       1
   166       1
   167       1
   168       1
   169       1
   170       1
   171       1
   172       1
   173       1
   174       1
   175       1
   176       1
   177       1
   178       1
   179       1
   180       1
   181       1
   182       1
   183       1
   184       1
   185       1
   186       1
   187       1
   188       1
   189       1
   190       1
   191       1
   192       1
   193       1
   194       1
   195       1
   196       1
   197       1
   198       1
   199       1
   200       1

  charge:      0.000

 Reading esp's for molecule   1
 total number of atoms      =   200
 total number of esp points = 39909


 center     X             Y             Z 
    1   0.1260585E+02   0.1011739E+01  -0.5555518E+01
    2   0.1097737E+02   0.1593506E+01  -0.3259133E+01
    3   0.1172520E+02   0.3052973E+01  -0.1543934E+01
    4   0.1259730E+02   0.2629261E+01  -0.6830226E+01
    5   0.1453563E+02   0.6266823E+00  -0.4949158E+01
    6   0.1185123E+02  -0.6363879E+00  -0.6533924E+01
    7   0.8803789E+01   0.3571903E+00  -0.2890719E+01
    8   0.7035444E+01   0.8348564E+00  -0.6696338E+00
    9   0.8209450E+01  -0.6997844E-01   0.1881759E+01
   10   0.8111025E+01   0.1237786E+01   0.3789791E+01
   11   0.4285672E+01  -0.2186753E+00  -0.1176785E+01
   12   0.4002466E+01  -0.3067074E+01  -0.1825273E+01
   13   0.5900409E+01  -0.4439796E+01  -0.1403946E+01
   14   0.1940414E+01  -0.3934772E+01  -0.2723775E+01
   15   0.8357251E+01  -0.8559533E+00  -0.4282512E+01
   16   0.6701675E+01   0.2866166E+01  -0.5863253E+00
   17   0.3528542E+01   0.1121728E+01  -0.2557907E+01
   18   0.3059393E+01  -0.1198275E-01   0.4784692E+00
   19   0.9213155E+01  -0.2463556E+01   0.2003450E+01
   20   0.1054477E+02  -0.3324565E+01   0.4310588E+01
   21   0.8850696E+01  -0.3645295E+01   0.6586940E+01
   22   0.7183223E+01  -0.5070851E+01   0.6533030E+01
   23   0.1189209E+02  -0.5722436E+01   0.3714600E+01
   24   0.1318040E+02  -0.5912163E+01   0.1109692E+01
   25   0.1486001E+02  -0.8244839E+01   0.1176969E+01
   26   0.1371722E+02  -0.1085237E+02   0.1867981E+01
   27   0.1201897E+02  -0.1193580E+02  -0.2000218E+00
   28   0.8827806E+01  -0.3765931E+01   0.6877620E+00
   29   0.1184562E+02  -0.1902194E+01   0.5030900E+01
   30   0.1064363E+02  -0.7358279E+01   0.3865554E+01
   31   0.1336862E+02  -0.5896178E+01   0.5139112E+01
   32   0.1417339E+02  -0.4207416E+01   0.5270106E+00
   33   0.1187237E+02  -0.6151143E+01  -0.4555846E+00
   34   0.1635998E+02  -0.7794891E+01   0.2520896E+01
   35   0.1601403E+02  -0.8420511E+01  -0.5339685E+00
   36   0.1255183E+02  -0.1062971E+02   0.3549308E+01
   37   0.1523950E+02  -0.1215679E+02   0.2385197E+01
   38   0.1296233E+02  -0.1197756E+02  -0.1870808E+01
   39   0.1166055E+02  -0.1376074E+02   0.2617667E+00
   40   0.1035120E+02  -0.1102621E+02  -0.1904201E+00
   41   0.8991722E+01  -0.2111262E+01   0.8605281E+01
   42   0.7293159E+01  -0.1751094E+01   0.1072166E+02
   43   0.5066189E+01   0.1028672E+00   0.1032203E+02
   44   0.3505646E+01   0.4343497E+00   0.1194189E+02
   45   0.8878736E+01  -0.8956961E+00   0.1311027E+02
   46   0.1091093E+02   0.1124757E+01   0.1290682E+02
   47   0.1205515E+02   0.1847959E+01   0.1494160E+02
   48   0.1145056E+02   0.2117160E+01   0.1076486E+02
   49   0.1048246E+02  -0.9188188E+00   0.8598357E+01
   50   0.6589697E+01  -0.3614655E+01   0.1121850E+02
   51   0.9888862E+01  -0.2465032E+01   0.1395857E+02
   52   0.7584479E+01  -0.3056235E+00   0.1457991E+02
   53   0.4923766E+01   0.1437804E+01   0.8261976E+01
   54   0.3423250E+01   0.3821440E+01   0.7772609E+01
   55   0.1939167E+01   0.3467122E+01   0.5223592E+01
   56   0.1754573E+00   0.1978976E+01   0.5131443E+01
   57   0.6313941E+01   0.9334774E+00   0.7036279E+01
   58   0.4861749E+01   0.5289334E+01   0.7595720E+01
   59   0.2073067E+01   0.4124204E+01   0.9302282E+01
   60   0.2341265E+01   0.4979813E+01   0.3248532E+01
   61   0.4107905E+01   0.7252689E+01   0.3113475E+01
   62   0.4869903E+01   0.7678784E+01   0.2648338E+00
   63   0.3269311E+01   0.7515884E+01  -0.1417090E+01
   64   0.2640429E+01   0.9443307E+01   0.4295060E+01
   65   0.4058814E+01   0.1189510E+02   0.3781712E+01
   66   0.6320075E+01   0.1227415E+02   0.4829270E+01
   67   0.3451271E+01   0.1338589E+02   0.2123498E+01
   68   0.1338090E+01   0.4384212E+01   0.1723869E+01
   69   0.5860178E+01   0.6756037E+01   0.4064385E+01
   70   0.2665767E+01   0.8962961E+01   0.6296928E+01
   71   0.7492877E+00   0.9633294E+01   0.3513858E+01
   72   0.6900164E+01   0.1125013E+02   0.6334214E+01
   73   0.7455253E+01   0.1373676E+02   0.4350448E+01
   74   0.7266117E+01   0.7635215E+01  -0.4834297E+00
   75   0.9612104E+01   0.7846721E+01   0.9893339E+00
   76   0.1176114E+02   0.8764016E+01  -0.7562891E+00
   77   0.1135747E+02   0.9970750E+01  -0.2798845E+01
   78   0.7514548E+01   0.7982635E+01  -0.2331036E+01
   79   0.1000360E+02   0.6071417E+01   0.1929299E+01
   80   0.9287523E+01   0.9342187E+01   0.2365514E+01
   81   0.1407781E+02   0.7812541E+01  -0.2011878E+00
   82   0.1629848E+02   0.8300835E+01  -0.1714397E+01
   83   0.1794491E+02   0.5957614E+01  -0.2097339E+01
   84   0.1787462E+02   0.4315700E+01  -0.5030205E+00
   85   0.1773517E+02   0.1054703E+02  -0.5831751E+00
   86   0.1993771E+02   0.1161410E+02  -0.1942829E+01
   87   0.2243395E+02   0.1119670E+02  -0.1079540E+01
   88   0.1952325E+02   0.1294612E+02  -0.4228653E+01
   89   0.2457336E+02   0.1218074E+02  -0.2377867E+01
   90   0.2161786E+02   0.1402075E+02  -0.5450448E+01
   91   0.2410830E+02   0.1369493E+02  -0.4451656E+01
   92   0.2621816E+02   0.1454076E+02  -0.5897652E+01
   93   0.1429869E+02   0.6733566E+01   0.1354520E+01
   94   0.1562668E+02   0.8745455E+01  -0.3609089E+01
   95   0.1838518E+02   0.9756179E+01   0.1204634E+01
   96   0.1626310E+02   0.1189059E+02  -0.1047985E+00
   97   0.2270566E+02   0.9954959E+01   0.5119268E+00
   98   0.1759868E+02   0.1317971E+02  -0.4903712E+01
   99   0.2648356E+02   0.1170476E+02  -0.1876919E+01
  100   0.2130334E+02   0.1487439E+02  -0.7279523E+01
  101   0.2590662E+02   0.1560174E+02  -0.7326485E+01
  102   0.1956283E+02   0.5964837E+01  -0.4154508E+01
  103   0.2125319E+02   0.3928667E+01  -0.5019825E+01
  104   0.2329395E+02   0.3385234E+01  -0.3084112E+01
  105   0.2392713E+02   0.5021797E+01  -0.1538318E+01
  106   0.2242059E+02   0.4650733E+01  -0.7626868E+01
  107   0.2434456E+02   0.6783937E+01  -0.7742487E+01
  108   0.2326752E+02   0.2163929E+01  -0.8835098E+01
  109   0.2510590E+02   0.7545037E+01  -0.1049343E+02
  110   0.1959744E+02   0.7501243E+01  -0.5299540E+01
  111   0.2000578E+02   0.2336389E+01  -0.5391093E+01
  112   0.2086290E+02   0.5433249E+01  -0.8741589E+01
  113   0.2593822E+02   0.5919688E+01  -0.6771276E+01
  114   0.2358067E+02   0.8432502E+01  -0.6762664E+01
  115   0.2322303E+02   0.2372946E+01  -0.1088631E+02
  116   0.2527072E+02   0.1886033E+01  -0.8453517E+01
  117   0.2217656E+02   0.5324360E+00  -0.8219150E+01
  118   0.2617284E+02   0.6088998E+01  -0.1147710E+02
  119   0.2343048E+02   0.8257832E+01  -0.1146855E+02
  120   0.2653047E+02   0.9016009E+01  -0.1040682E+02
  121   0.2426694E+02   0.9855431E+00  -0.2996501E+01
  122   0.2601294E+02  -0.1998177E+00  -0.1266744E+01
  123   0.2448293E+02  -0.2318235E+01   0.8383391E-01
  124   0.2335395E+02  -0.4011707E+01  -0.1036218E+01
  125   0.2825966E+02  -0.1324927E+01  -0.2660798E+01
  126   0.2957886E+02   0.4946906E+00  -0.4103060E+01
  127   0.2383681E+02  -0.1442031E+00  -0.4491399E+01
  128   0.2673489E+02   0.1157863E+01   0.9184635E-01
  129   0.2768057E+02  -0.2733415E+01  -0.4034281E+01
  130   0.2962847E+02  -0.2153636E+01  -0.1377990E+01
  131   0.3130649E+02   0.1028200E-01  -0.4389578E+01
  132   0.2417550E+02  -0.2229151E+01   0.2514107E+01
  133   0.2266483E+02  -0.3850177E+01   0.4103840E+01
  134   0.2325172E+02  -0.6730378E+01   0.3661656E+01
  135   0.2146580E+02  -0.8210336E+01   0.3808115E+01
  136   0.1986362E+02  -0.3197673E+01   0.4164930E+01
  137   0.2481035E+02  -0.6773761E+00   0.3382001E+01
  138   0.2361821E+02  -0.3501027E+01   0.5895733E+01
  139   0.1883519E+02  -0.4462184E+01   0.5423638E+01
  140   0.1947451E+02  -0.1219773E+01   0.4643021E+01
  141   0.1904788E+02  -0.3427744E+01   0.2279992E+01
  142   0.2563040E+02  -0.7376192E+01   0.2953377E+01
  143   0.2655664E+02  -0.9931115E+01   0.2450799E+01
  144   0.2539353E+02  -0.1126849E+02   0.1240378E+00
  145   0.2560491E+02  -0.1364767E+02  -0.9042717E-01
  146   0.2689091E+02  -0.1153885E+02   0.4764063E+01
  147   0.2689434E+02  -0.5949734E+01   0.2826019E+01
  148   0.2840500E+02  -0.9685679E+01   0.1599715E+01
  149   0.2574789E+02  -0.1089167E+02   0.6338615E+01
  150   0.2664661E+02  -0.1352866E+02   0.4293274E+01
  151   0.2884671E+02  -0.1156342E+02   0.5457306E+01
  152   0.2430842E+02  -0.9929612E+01  -0.1736549E+01
  153   0.2291926E+02  -0.1081065E+02  -0.3951844E+01
  154   0.2449374E+02  -0.1077448E+02  -0.6404669E+01
  155   0.2444460E+02  -0.1247367E+02  -0.8057081E+01
  156   0.2068011E+02  -0.9007411E+01  -0.4415218E+01
  157   0.1864519E+02  -0.1002154E+02  -0.6328362E+01
  158   0.1706695E+02  -0.1213993E+02  -0.5248674E+01
  159   0.1796063E+02  -0.1431591E+02  -0.5318301E+01
  160   0.1493458E+02  -0.1168661E+02  -0.4518348E+01
  161   0.2404663E+02  -0.8112817E+01  -0.1333867E+01
  162   0.2228894E+02  -0.1273213E+02  -0.3562937E+01
  163   0.2134098E+02  -0.7223840E+01  -0.5215602E+01
  164   0.1997656E+02  -0.8524902E+01  -0.2547163E+01
  165   0.1960712E+02  -0.1084089E+02  -0.7949782E+01
  166   0.1744993E+02  -0.8430984E+01  -0.6866864E+01
  167   0.2613337E+02  -0.8889983E+01  -0.6648971E+01
  168   0.2804732E+02  -0.8704189E+01  -0.8753555E+01
  169   0.2707195E+02  -0.8670254E+01  -0.1056708E+02
  170   0.2914532E+02  -0.6976197E+01  -0.8532852E+01
  171   0.2930725E+02  -0.1033337E+02  -0.8683486E+01
  172   0.2642827E+02  -0.8112524E+01  -0.4937559E+01
  173  -0.9652249E+02  -0.9102413E+00  -0.1515611E+01
  174  -0.9558456E+02  -0.2355065E+01  -0.6628879E+01
  175  -0.9661915E+02  -0.3230150E+01  -0.7813129E+01
  176  -0.9392550E+02  -0.3060727E+01  -0.6866295E+01
  177  -0.9396983E+02  -0.1728978E+01   0.3392619E+01
  178  -0.9972482E+02  -0.3240801E+01   0.1925531E+01
  179  -0.9470622E+02  -0.2983783E+01   0.4470147E+01
  180  -0.1009466E+03  -0.4544050E+01   0.1605094E+01
  181  -0.9353591E+02  -0.3677369E+00   0.4517743E+01
  182  -0.1003932E+03  -0.2329354E+01   0.3339140E+01
  183  -0.9921477E+02   0.2220400E+01   0.1471303E+01
  184  -0.9949188E+02   0.2152162E+01   0.3242303E+01
  185  -0.9907651E+02   0.3996782E+01   0.1101438E+01
  186  -0.9594587E+02  -0.5907338E+01  -0.1212626E+01
  187  -0.9442566E+02  -0.6764066E+01  -0.7319192E+00
  188  -0.9727106E+02  -0.7119956E+01  -0.9636110E+00
  189  -0.9631172E+02   0.3234551E+01  -0.4450388E+01
  190  -0.9591433E+02   0.2519351E+01  -0.6063575E+01
  191  -0.9575800E+02   0.4959301E+01  -0.4567288E+01
  192  -0.1008690E+03  -0.1049159E+01  -0.4058593E+01
  193  -0.1010471E+03  -0.2420418E+01  -0.5213438E+01
  194  -0.1015601E+03   0.3865435E+00  -0.4939963E+01
  195  -0.9333963E+02   0.3110434E+01   0.2171239E+00
  196  -0.9366942E+02   0.2701435E+01   0.1950016E+01
  197  -0.9202909E+02   0.4341453E+01   0.2923784E+00
  198  -0.9142928E+02  -0.1768991E+01  -0.2338062E+01
  199  -0.9033313E+02  -0.3145710E+01  -0.2712603E+01
  200  -0.9035269E+02  -0.3063397E+00  -0.2323964E+01
 ipol imol nesp i matpot     0    139909
 Initial ssvpot =   188.818


 Number of unique UNfrozen centers=   40

 Non-linear optimization requested.
 qchnge =    0.2855227162E-01
 qchnge =    0.7142435995E-03
 qchnge =    0.1073221696E-03
 qchnge =    0.2088127101E-04
 qchnge =    0.4276661738E-05

 Convergence in    4 iterations
elec_mom   12.3801    0.9384   -5.6175
elec_mom   10.7534    1.5438   -3.3259
elec_mom   11.5034    3.0192   -1.6254
elec_mom   12.3722    2.5434   -6.9078
elec_mom   14.3099    0.5576   -5.0085
elec_mom   11.6235   -0.7186   -6.5794
elec_mom    8.5790    0.3130   -2.9443
elec_mom    6.8123    0.8137   -0.7270
elec_mom    7.9869   -0.0673    1.8324
elec_mom    7.8907    1.2591    3.7277
elec_mom    4.0613   -0.2423   -1.2224
elec_mom    3.7753   -3.0966   -1.8430
elec_mom    5.6723   -4.4668   -1.4094
elec_mom    1.7120   -3.9713   -2.7319
elec_mom    8.1306   -0.9132   -4.3240
elec_mom    6.4803    2.8460   -0.6633
elec_mom    3.3046    1.0852   -2.6160
elec_mom    2.8362   -0.0185    0.4315
elec_mom    8.9887   -2.4604    1.9768
elec_mom   10.3209   -3.3001    4.2915
elec_mom    8.6278   -3.5972    6.5718
elec_mom    6.9591   -5.0218    6.5326
elec_mom   11.6658   -5.7048    3.7181
elec_mom   12.9525   -5.9209    1.1144
elec_mom   14.6302   -8.2543    1.2034
elec_mom   13.4855  -10.8540    1.9204
elec_mom   11.7852  -11.9560   -0.1361
elec_mom    8.6015   -3.7752    0.6740
elec_mom   11.6233   -1.8719    4.9972
elec_mom   10.4160   -7.3380    3.8856
elec_mom   13.1430   -5.8659    5.1434
elec_mom   13.9466   -4.2228    0.5146
elec_mom   11.6434   -6.1740   -0.4477
elec_mom   16.1313   -7.7926    2.5421
elec_mom   15.7831   -8.4476   -0.5064
elec_mom   12.3213  -10.6140    3.6001
elec_mom   15.0070  -12.1546    2.4494
elec_mom   12.7276  -12.0148   -1.8069
elec_mom   11.4255  -13.7761    0.3436
elec_mom   10.1182  -11.0449   -0.1344
elec_mom    8.7713   -2.0438    8.5750
elec_mom    7.0742   -1.6616   10.6887
elec_mom    4.8486    0.1903   10.2723
elec_mom    3.2892    0.5388   11.8898
elec_mom    8.6618   -0.7844   13.0680
elec_mom   10.6956    1.2323   12.8438
elec_mom   11.8416    1.9742   14.8709
elec_mom   11.2349    2.2033   10.6920
elec_mom   10.2630   -0.8527    8.5557
elec_mom    6.3694   -3.5196   11.2041
elec_mom    9.6711   -2.3463   13.9310
elec_mom    7.3689   -0.1790   14.5326
elec_mom    4.7061    1.5053    8.1995
elec_mom    3.2074    3.8853    7.6878
elec_mom    1.7216    3.5075    5.1432
elec_mom   -0.0435    2.0200    5.0665
elec_mom    6.0952    0.9879    6.9780
elec_mom    4.6470    5.3502    7.4959
elec_mom    1.8583    4.2041    9.2152
elec_mom    2.1238    5.0006    3.1533
elec_mom    3.8923    7.2705    2.9952
elec_mom    4.6531    7.6683    0.1421
elec_mom    3.0514    7.4904   -1.5373
elec_mom    2.4274    9.4738    4.1562
elec_mom    3.8476   11.9193    3.6183
elec_mom    6.1097   12.3065    4.6608
elec_mom    3.2403   13.3944    1.9460
elec_mom    1.1193    4.3911    1.6350
elec_mom    5.6447    6.7816    3.9499
elec_mom    2.4534    9.0129    6.1626
elec_mom    0.5360    9.6578    3.3742
elec_mom    6.6898   11.2967    6.1754
elec_mom    7.2459   13.7634    4.1672
elec_mom    7.0488    7.6154   -0.6070
elec_mom    9.3958    7.8392    0.8623
elec_mom   11.5447    8.7376   -0.8933
elec_mom   11.1409    9.9248   -2.9473
elec_mom    7.2965    7.9446   -2.4581
elec_mom    9.7863    6.0728    1.8193
elec_mom    9.0733    9.3482    2.2241
elec_mom   13.8608    7.7896   -0.3303
elec_mom   16.0811    8.2613   -1.8494
elec_mom   17.7253    5.9130   -2.2105
elec_mom   17.6545    4.2868   -0.6002
elec_mom   17.5203   10.5171   -0.7409
elec_mom   19.7230   11.5690   -2.1121
elec_mom   22.2194   11.1579   -1.2461
elec_mom   19.3084   12.8791   -4.4105
elec_mom   24.3589   12.1275   -2.5551
elec_mom   21.4032   13.9401   -5.6438
elec_mom   23.8939   13.6218   -4.6433
elec_mom   26.0037   14.4518   -6.0986
elec_mom   14.0817    6.7256    1.2357
elec_mom   15.4086    8.6880   -3.7480
elec_mom   18.1706    9.7431    1.0542
elec_mom   16.0497   11.8665   -0.2748
elec_mom   22.4909    9.9315    0.3572
elec_mom   17.3836   13.1078   -5.0867
elec_mom   26.2689   11.6547   -2.0506
elec_mom   21.0884   14.7761   -7.4809
elec_mom   25.6923   15.4991   -7.5375
elec_mom   19.3421    5.8989   -4.2685
elec_mom   21.0302    3.8529   -5.1149
elec_mom   23.0716    3.3266   -3.1752
elec_mom   23.7070    4.9776   -1.6457
elec_mom   22.1968    4.5486   -7.7295
elec_mom   24.1225    6.6790   -7.8669
elec_mom   23.0409    2.0495   -8.9140
elec_mom   24.8829    7.4127  -10.6256
elec_mom   19.3773    7.4241   -5.4284
elec_mom   19.7812    2.2582   -5.4700
elec_mom   20.6391    5.3216   -8.8509
elec_mom   25.7159    5.8228   -6.8882
elec_mom   23.3605    8.3376   -6.9028
elec_mom   22.9954    2.2386  -10.9671
elec_mom   25.0441    1.7736   -8.5308
elec_mom   21.9489    0.4250   -8.2816
elec_mom   25.9481    5.9462  -11.5956
elec_mom   23.2075    8.1174  -11.6066
elec_mom   26.3088    8.8832  -10.5540
elec_mom   24.0426    0.9271   -3.0648
elec_mom   25.7885   -0.2429   -1.3245
elec_mom   24.2575   -2.3468    0.0474
elec_mom   23.1264   -4.0501   -1.0555
elec_mom   28.0335   -1.3835   -2.7088
elec_mom   29.3535    0.4209   -4.1694
elec_mom   23.6107   -0.2168   -4.5484
elec_mom   26.5124    1.1273    0.0204
elec_mom   27.4525   -2.8047   -4.0682
elec_mom   29.4024   -2.2008   -1.4188
elec_mom   31.0805   -0.0677   -4.4522
elec_mom   23.9515   -2.2339    2.4769
elec_mom   22.4404   -3.8381    4.0831
elec_mom   23.0245   -6.7229    3.6686
elec_mom   21.2374   -8.1999    3.8305
elec_mom   19.6397   -3.1826    4.1394
elec_mom   24.5882   -0.6743    3.3293
elec_mom   23.3950   -3.4723    5.8710
elec_mom   18.6109   -4.4339    5.4109
elec_mom   19.2526   -1.1998    4.5985
elec_mom   18.8227   -3.4303    2.2573
elec_mom   25.4023   -7.3776    2.9653
elec_mom   26.3261   -9.9381    2.4871
elec_mom   25.1605  -11.2970    0.1741
elec_mom   25.3697  -13.6784   -0.0173
elec_mom   26.6603  -11.5236    4.8157
elec_mom   26.6674   -5.9536    2.8234
elec_mom   28.1741   -9.7025    1.6327
elec_mom   25.5187  -10.8601    6.3845
elec_mom   26.4140  -13.5176    4.3644
elec_mom   28.6164  -11.5431    5.5081
elec_mom   24.0755   -9.9754   -1.6988
elec_mom   22.6843  -10.8767   -3.9047
elec_mom   24.2575  -10.8657   -6.3586
elec_mom   24.2060  -12.5809   -7.9944
elec_mom   20.4465   -9.0761   -4.3843
elec_mom   18.4096  -10.1071   -6.2864
elec_mom   16.8302  -12.2135   -5.1853
elec_mom   17.7220  -14.3908   -5.2342
elec_mom   14.6986  -11.7513   -4.4582
elec_mom   23.8155   -8.1545   -1.3137
elec_mom   22.0526  -12.7938   -3.4968
elec_mom   21.1084   -7.3010   -5.2024
elec_mom   19.7444   -8.5749   -2.5206
elec_mom   19.3699  -10.9430   -7.9003
elec_mom   17.2154   -8.5208   -6.8397
elec_mom   25.8986   -8.9851   -6.6221
elec_mom   27.8115   -8.8214   -8.7295
elec_mom   26.8351   -8.8043  -10.5427
elec_mom   28.9111   -7.0923   -8.5262
elec_mom   29.0701  -10.4509   -8.6443
elec_mom   26.1951   -8.1913   -4.9185
elec_mom  -96.7476   -0.8509   -1.4987
elec_mom  -95.8137   -2.3461   -6.5982
elec_mom  -96.8497   -3.2318   -7.7733
elec_mom  -94.1554   -3.0555   -6.8297
elec_mom  -94.1928   -1.6241    3.4159
elec_mom  -99.9499   -3.1451    1.9667
elec_mom  -94.9297   -2.8677    4.5059
elec_mom -101.1730   -4.4504    1.6596
elec_mom  -93.7571   -0.2523    4.5275
elec_mom -100.6167   -2.2194    3.3718
elec_mom  -99.4355    2.3110    1.4591
elec_mom  -99.7117    2.2602    3.2309
elec_mom  -99.2959    4.0835    1.0720
elec_mom  -96.1750   -5.8453   -1.1475
elec_mom  -94.6553   -6.6986   -0.6593
elec_mom  -97.5011   -7.0543   -0.8859
elec_mom  -96.5349    3.2650   -4.4737
elec_mom  -96.1390    2.5338   -6.0801
elec_mom  -95.9798    4.9881   -4.6077
elec_mom -101.0956   -1.0108   -4.0378
elec_mom -101.2755   -2.3930   -5.1792
elec_mom -101.7860    0.4169   -4.9327
elec_mom  -93.5603    3.1837    0.1931
elec_mom  -93.8895    2.7919    1.9301
elec_mom  -92.2487    4.4143    0.2557
elec_mom  -91.6555   -1.7219   -2.3156
elec_mom  -90.5608   -3.1032   -2.6773
elec_mom  -90.5777   -0.2601   -2.3163


Resp charges for organic molecule                                               

          Point Charges Before & After Optimization

    no.  At.no.    q(init)       q(opt)     ivary    d(rstr)/dq
    1   6      -0.592732      -0.586255      0       0.001681
    2   6       0.783213       0.783213    -99       0.001267
    3   8      -0.713977      -0.713977    -99       0.001387
    4   1       0.181007       0.176741      0       0.000000
    5   1       0.190102       0.176741      4       0.000000
    6   1       0.168924       0.176741      4       0.000000
    7   7      -0.759447      -0.759447    -99       0.001305
    8   6       0.169703       0.169703    -99       0.005077
    9   6       0.473975       0.473975    -99       0.002064
   10   8      -0.570096      -0.570096    -99       0.001728
   11   6      -0.420512      -0.418166      0       0.002326
   12   6       0.757621       0.757621    -99       0.001309
   13   8      -0.623272      -0.623272    -99       0.001584
   14   8      -0.623272      -0.623272    -99       0.001584
   15   1       0.423663       0.423663    -99       0.000000
   16   1       0.301945       0.301945    -99       0.000000
   17   1       0.156736       0.126597      0       0.000000
   18   1       0.092276       0.126597     17       0.000000
   19   7      -0.316259      -0.316259    -99       0.003015
   20   6       0.027793       0.027793    -99       0.009635
   21   6       0.505468       0.505468    -99       0.001941
   22   8      -0.565831      -0.565831    -99       0.001740
   23   6      -0.160571      -0.091061      0       0.007386
   24   6       0.379236       0.220906      0       0.004116
   25   6      -0.362290      -0.332776      0       0.002873
   26   6       0.550296       0.545152      0       0.001804
   27   7      -0.500868      -0.500868    -99       0.001958
   28   1       0.178168       0.178168    -99       0.000000
   29   1       0.083636       0.083636    -99       0.000000
   30   1       0.136739       0.065674      0       0.000000
   31   1       0.019245       0.065674     30       0.000000
   32   1      -0.051864      -0.002680      0       0.000000
   33   1      -0.049000      -0.002680     32       0.000000
   34   1       0.046764       0.012082      0       0.000000
   35   1      -0.010160       0.012082     34       0.000000
   36   1      -0.052631      -0.033106      0       0.000000
   37   1      -0.037254      -0.033106     36       0.000000
   38   1       0.353037       0.353037    -99       0.000000
   39   1       0.353037       0.353037    -99       0.000000
   40   1       0.353037       0.353037    -99       0.000000
   41   7      -0.302477      -0.302477    -99       0.003139
   42   6       0.253038       0.253038    -99       0.003675
   43   6       0.252525       0.252525    -99       0.003682
   44   8      -0.530970      -0.530970    -99       0.001851
   45   6      -0.206532      -0.261600      0       0.003571
   46   6       0.697628       0.697628    -99       0.001419
   47   8      -0.580467      -0.580467    -99       0.001698
   48   8      -0.580467      -0.580467    -99       0.001698
   49   1       0.182787       0.182787    -99       0.000000
   50   1       0.055750       0.055750    -99       0.000000
   51   1       0.091947       0.099539      0       0.000000
   52   1       0.064520       0.099539     51       0.000000
   53   7      -0.178310      -0.178310    -99       0.004891
   54   6       0.093047       0.043679      0       0.009164
   55   6       0.347134       0.347134    -99       0.002768
   56   8      -0.563855      -0.563855    -99       0.001746
   57   1       0.094706       0.094706    -99       0.000000
   58   1       0.056347       0.104782      0       0.000000
   59   1       0.097982       0.104782     58       0.000000
   60   7      -0.004728      -0.004728    -99       0.009989
   61   6       0.049672       0.049672    -99       0.008956
   62   6       0.444666       0.444666    -99       0.002194
   63   8      -0.588347      -0.588347    -99       0.001676
   64   6      -0.436174      -0.441893      0       0.002207
   65   6       0.769456       0.769456    -99       0.001289
   66   7      -0.919431      -0.919431    -99       0.001081
   67   8      -0.646107      -0.646107    -99       0.001530
   68   1       0.174469       0.174469    -99       0.000000
   69   1       0.143524       0.143524    -99       0.000000
   70   1       0.145502       0.128213      0       0.000000
   71   1       0.113238       0.128213     70       0.000000
   72   1       0.419416       0.419416    -99       0.000000
   73   1       0.419416       0.419416    -99       0.000000
   74   7      -0.241731      -0.241731    -99       0.003823
   75   6      -0.156641      -0.125694      0       0.006226
   76   6       0.716750       0.716750    -99       0.001382
   77   8      -0.586564      -0.586564    -99       0.001681
   78   1       0.180340       0.180340    -99       0.000000
   79   1       0.070002       0.061945      0       0.000000
   80   1       0.084595       0.061945     79       0.000000
   81   7      -0.640698      -0.640698    -99       0.001542
   82   6       0.266692       0.266692    -99       0.003511
   83   6       0.381857       0.381857    -99       0.002533
   84   8      -0.461727      -0.461727    -99       0.002117
   85   6      -0.189893      -0.146569      0       0.005636
   86   6       0.010008       0.010008    -99       0.009950
   87   6      -0.041254      -0.041254    -99       0.009244
   88   6      -0.041254      -0.041254    -99       0.009244
   89   6      -0.474692      -0.474692    -99       0.002061
   90   6      -0.474692      -0.474692    -99       0.002061
   91   6       0.544708       0.544708    -99       0.001806
   92   8      -0.606839      -0.606839    -99       0.001626
   93   1       0.324797       0.324797    -99       0.000000
   94   1      -0.015141      -0.015141    -99       0.000000
   95   1       0.090700       0.078612      0       0.000000
   96   1       0.097737       0.078612     95       0.000000
   97   1       0.118589       0.118589    -99       0.000000
   98   1       0.118589       0.118589    -99       0.000000
   99   1       0.208360       0.208360    -99       0.000000
  100   1       0.208360       0.208360    -99       0.000000
  101   1       0.412174       0.412174    -99       0.000000
  102   7      -0.362733      -0.362733    -99       0.002658
  103   6      -0.215647      -0.215647    -99       0.004207
  104   6       0.450091       0.450091    -99       0.002169
  105   8      -0.476742      -0.476742    -99       0.002053
  106   6       0.364920       0.364920    -99       0.002643
  107   6       0.036569       0.021875      0       0.009768
  108   6      -0.387226      -0.292609      0       0.003234
  109   6      -0.109865      -0.242992      0       0.003805
  110   1       0.237251       0.237251    -99       0.000000
  111   1       0.152595       0.152595    -99       0.000000
  112   1      -0.034703      -0.034703    -99       0.000000
  113   1      -0.029272       0.027608      0       0.000000
  114   1       0.053251       0.027608    113       0.000000
  115   1       0.053795       0.068610      0       0.000000
  116   1       0.100047       0.068610    115       0.000000
  117   1       0.137326       0.068610    115       0.000000
  118   1       0.033902       0.059134      0       0.000000
  119   1       0.007274       0.059134    118       0.000000
  120   1       0.035729       0.059134    118       0.000000
  121   7      -0.204743      -0.204743    -99       0.004389
  122   6      -0.035842      -0.035842    -99       0.009414
  123   6       0.333228       0.333228    -99       0.002874
  124   8      -0.604966      -0.604966    -99       0.001631
  125   6       0.355159       0.297362      0       0.003187
  126   8      -0.641403      -0.641403    -99       0.001540
  127   1       0.202356       0.202356    -99       0.000000
  128   1       0.082732       0.082732    -99       0.000000
  129   1       0.016191       0.024289      0       0.000000
  130   1      -0.026341       0.024289    129       0.000000
  131   1       0.414374       0.414374    -99       0.000000
  132   7      -0.389924      -0.389924    -99       0.002484
  133   6       0.295939       0.295939    -99       0.003201
  134   6       0.316503       0.316503    -99       0.003013
  135   8      -0.485672      -0.485672    -99       0.002017
  136   6      -0.323303      -0.263251      0       0.003551
  137   1       0.316214       0.316214    -99       0.000000
  138   1       0.008834       0.008834    -99       0.000000
  139   1       0.104058       0.105447      0       0.000000
  140   1       0.117225       0.105447    139       0.000000
  141   1       0.165517       0.105447    139       0.000000
  142   7      -0.317783      -0.317783    -99       0.003002
  143   6       0.319921       0.319921    -99       0.002983
  144   6       0.095656       0.095656    -99       0.007226
  145   8      -0.452832      -0.452832    -99       0.002156
  146   6      -0.309121      -0.331036      0       0.002892
  147   1       0.238462       0.238462    -99       0.000000
  148   1       0.042558       0.042558    -99       0.000000
  149   1       0.118483       0.099617      0       0.000000
  150   1       0.057584       0.099617    149       0.000000
  151   1       0.106579       0.099617    149       0.000000
  152   7       0.263471       0.263471    -99       0.003548
  153   6      -0.834609      -0.834609    -99       0.001190
  154   6       0.900946       0.900946    -99       0.001103
  155   8      -0.666523      -0.666523    -99       0.001484
  156   6       0.741159       0.635200      0       0.001555
  157   6      -0.863898      -0.781675      0       0.001269
  158   6       0.970145       0.970145    -99       0.001025
  159   8      -0.754566      -0.754566    -99       0.001314
  160   8      -0.754566      -0.754566    -99       0.001314
  161   1      -0.074548      -0.074548    -99       0.000000
  162   1       0.283607       0.283607    -99       0.000000
  163   1      -0.142438      -0.062119      0       0.000000
  164   1      -0.072869      -0.062119    163       0.000000
  165   1       0.264861       0.202216      0       0.000000
  166   1       0.207209       0.202216    165       0.000000
  167   7      -0.397167      -0.397167    -99       0.002442
  168   6      -0.015697       0.007919      0       0.009969
  169   1       0.031808       0.051570      0       0.000000
  170   1       0.103824       0.051570    169       0.000000
  171   1       0.038968       0.051570    169       0.000000
  172   1       0.243969       0.243969    -99       0.000000
  173  20       0.957084       0.957084    -99       0.001039
  174   8      -0.730000      -0.730000    -99       0.001357
  175   1       0.365000       0.365000    -99       0.000000
  176   1       0.365000       0.365000    -99       0.000000
  177   8      -0.730000      -0.730000    -99       0.001357
  178   1       0.365000       0.365000    -99       0.000000
  179   1       0.365000       0.365000    -99       0.000000
  180   8      -0.730000      -0.730000    -99       0.001357
  181   1       0.365000       0.365000    -99       0.000000
  182   1       0.365000       0.365000    -99       0.000000
  183   8      -0.730000      -0.730000    -99       0.001357
  184   1       0.365000       0.365000    -99       0.000000
  185   1       0.365000       0.365000    -99       0.000000
  186   8      -0.730000      -0.730000    -99       0.001357
  187   1       0.365000       0.365000    -99       0.000000
  188   1       0.365000       0.365000    -99       0.000000
  189   8      -0.730000      -0.730000    -99       0.001357
  190   1       0.365000       0.365000    -99       0.000000
  191   1       0.365000       0.365000    -99       0.000000
  192   8      -0.730000      -0.730000    -99       0.001357
  193   1       0.365000       0.365000    -99       0.000000
  194   1       0.365000       0.365000    -99       0.000000
  195   8      -0.730000      -0.730000    -99       0.001357
  196   1       0.365000       0.365000    -99       0.000000
  197   1       0.365000       0.365000    -99       0.000000
  198   8      -0.730000      -0.730000    -99       0.001357
  199   1       0.365000       0.365000    -99       0.000000
  200   1       0.365000       0.365000    -99       0.000000

 Sum over the calculated charges:     -0.000

        Statistics of the fitting:
  The initial sum of squares (ssvpot)                    188.818
  The residual sum of squares (chipot)                     5.274
  The std err of estimate (sqrt(chipot/N))               0.01150
  ESP relative RMS (SQRT(chipot/ssvpot))                 0.16712

 Center of Mass (Angst.):

 X  =   0.11825      Y  =   0.00439      Z  =   0.02413

 Dipole (Debye):

 X  =-232.40653      Y  =   7.57428      Z  =  -6.85468

 Dipole Moment (Debye)= 232.63094

 Quadrupole (Debye*Angst.):

 Qxx =**********     QYY =**********     QZZ =**********
 Qxy = 170.72699     QXZ = 154.96343     QYZ =-248.81871



 Dipole (Debye) (wrt. Center of Mass and rotated along the principal axes of moment of inertia):

 X  =-232.40382      Y  =   7.70620      Z  =  -6.79937

 Dipole Moment (Debye)= 232.63094

 Quadrupole (Debye*Angst.) (wrt. Center of Mass and rotated along the principal axes of moment of inertia):

 Qxx =**********     QYY =**********     QZZ =**********
 Qxy = 142.32374     QXZ = 152.88896     QYZ =-246.80156
