
 -----------------------------------------------
    Iterated - Restrained ESP Fit 3.1  Amber 15 
 -----------------------------------------------
 Resp charges for organic molecule                                               
 -----------------------------------------------


 inopt       =     0   ioutopt     =     1
 nmol        =     1   iqopt       =     2
 ihfree      =     1   irstrnt     =     1
 iunits      =     0   qwt         =   0.00100000

 wtmol(1) =     1.000000
 subtitle:

Resp charges for organic molecule                                               
ich =   0  iuniq = 176
    1    6    0
    2    6  -99
    3    8  -99
    4    1    0
    5    1    4
    6    1    4
    7    7  -99
    8    6  -99
    9    6  -99
   10    8  -99
   11    6    0
   12    6  -99
   13    8  -99
   14    8  -99
   15    1  -99
   16    1  -99
   17    1    0
   18    1   17
   19    7  -99
   20    6  -99
   21    6  -99
   22    8  -99
   23    6    0
   24    6    0
   25    6    0
   26    6    0
   27    7  -99
   28    1  -99
   29    1  -99
   30    1    0
   31    1   30
   32    1    0
   33    1   32
   34    1    0
   35    1   34
   36    1    0
   37    1   36
   38    1  -99
   39    1  -99
   40    1  -99
   41    7  -99
   42    6  -99
   43    6  -99
   44    8  -99
   45    6    0
   46    6  -99
   47    8  -99
   48    8  -99
   49    1  -99
   50    1  -99
   51    1    0
   52    1   51
   53    7  -99
   54    6    0
   55    6  -99
   56    8  -99
   57    1  -99
   58    1    0
   59    1   58
   60    7  -99
   61    6  -99
   62    6  -99
   63    8  -99
   64    6    0
   65    6  -99
   66    7  -99
   67    8  -99
   68    1  -99
   69    1  -99
   70    1    0
   71    1   70
   72    1  -99
   73    1  -99
   74    7  -99
   75    6    0
   76    6  -99
   77    8  -99
   78    1  -99
   79    1    0
   80    1   79
   81    7  -99
   82    6  -99
   83    6  -99
   84    8  -99
   85    6    0
   86    6  -99
   87    6  -99
   88    6  -99
   89    6  -99
   90    6  -99
   91    6  -99
   92    8  -99
   93    1  -99
   94    1  -99
   95    1    0
   96    1   95
   97    1  -99
   98    1  -99
   99    1  -99
  100    1  -99
  101    1  -99
  102    7  -99
  103    6  -99
  104    6  -99
  105    8  -99
  106    6  -99
  107    6    0
  108    6    0
  109    6    0
  110    1  -99
  111    1  -99
  112    1  -99
  113    1    0
  114    1  113
  115    1    0
  116    1  115
  117    1  115
  118    1    0
  119    1  118
  120    1  118
  121    7  -99
  122    6  -99
  123    6  -99
  124    8  -99
  125    6    0
  126    8  -99
  127    1  -99
  128    1  -99
  129    1    0
  130    1  129
  131    1  -99
  132    7  -99
  133    6  -99
  134    6  -99
  135    8  -99
  136    6    0
  137    1  -99
  138    1  -99
  139    1    0
  140    1  139
  141    1  139
  142    7  -99
  143    6  -99
  144    6  -99
  145    8  -99
  146    6    0
  147    1  -99
  148    1  -99
  149    1    0
  150    1  149
  151    1  149
  152    7  -99
  153    6  -99
  154    6  -99
  155    8  -99
  156    6    0
  157    6    0
  158    6  -99
  159    8  -99
  160    8  -99
  161    1  -99
  162    1  -99
  163    1    0
  164    1  163
  165    1    0
  166    1  165
  167    7  -99
  168    6    0
  169    1    0
  170    1  169
  171    1  169
  172    1  -99
  173   20  -99
  174    8  -99
  175    1  -99
  176    1  -99
 new q0 values to be read 176

 Charge on the molecule(ich) =    0
 Total number of atoms (iuniq)     =  176
 Weight factor on initial charge restraints(qwt)=     0.10000D-02


  there are   1 charge constraints:


     1       1
     2       1
     3       1
     4       1
     5       1
     6       1
     7       1
     8       1
     9       1
    10       1
    11       1
    12       1
    13       1
    14       1
    15       1
    16       1
    17       1
    18       1
    19       1
    20       1
    21       1
    22       1
    23       1
    24       1
    25       1
    26       1
    27       1
    28       1
    29       1
    30       1
    31       1
    32       1
    33       1
    34       1
    35       1
    36       1
    37       1
    38       1
    39       1
    40       1
    41       1
    42       1
    43       1
    44       1
    45       1
    46       1
    47       1
    48       1
    49       1
    50       1
    51       1
    52       1
    53       1
    54       1
    55       1
    56       1
    57       1
    58       1
    59       1
    60       1
    61       1
    62       1
    63       1
    64       1
    65       1
    66       1
    67       1
    68       1
    69       1
    70       1
    71       1
    72       1
    73       1
    74       1
    75       1
    76       1
    77       1
    78       1
    79       1
    80       1
    81       1
    82       1
    83       1
    84       1
    85       1
    86       1
    87       1
    88       1
    89       1
    90       1
    91       1
    92       1
    93       1
    94       1
    95       1
    96       1
    97       1
    98       1
    99       1
   100       1
   101       1
   102       1
   103       1
   104       1
   105       1
   106       1
   107       1
   108       1
   109       1
   110       1
   111       1
   112       1
   113       1
   114       1
   115       1
   116       1
   117       1
   118       1
   119       1
   120       1
   121       1
   122       1
   123       1
   124       1
   125       1
   126       1
   127       1
   128       1
   129       1
   130       1
   131       1
   132       1
   133       1
   134       1
   135       1
   136       1
   137       1
   138       1
   139       1
   140       1
   141       1
   142       1
   143       1
   144       1
   145       1
   146       1
   147       1
   148       1
   149       1
   150       1
   151       1
   152       1
   153       1
   154       1
   155       1
   156       1
   157       1
   158       1
   159       1
   160       1
   161       1
   162       1
   163       1
   164       1
   165       1
   166       1
   167       1
   168       1
   169       1
   170       1
   171       1
   172       1
   173       1
   174       1
   175       1
   176       1

  charge:      0.000

 Reading esp's for molecule   1
 total number of atoms      =   176
 total number of esp points = 27464


 center     X             Y             Z 
    1   0.4580199E+01   0.7157424E+01   0.9570727E+01
    2   0.3488636E+01   0.6465159E+01   0.7001571E+01
    3   0.4980010E+01   0.6451853E+01   0.5233681E+01
    4   0.4881450E+01   0.9191928E+01   0.9661383E+01
    5   0.3265405E+01   0.6592695E+01   0.1105223E+02
    6   0.6377326E+01   0.6186090E+01   0.9838592E+01
    7   0.1044143E+01   0.5931177E+01   0.6700808E+01
    8  -0.1714076E+00   0.5045689E+01   0.4410280E+01
    9  -0.4709934E+00   0.7053410E+01   0.2381848E+01
   10  -0.1878728E+01   0.8868650E+01   0.2778421E+01
   11  -0.2839782E+01   0.4081581E+01   0.4918921E+01
   12  -0.4386345E+01   0.3301603E+01   0.2627320E+01
   13  -0.6590221E+01   0.2575657E+01   0.3073339E+01
   14  -0.3619060E+01   0.3713092E+01   0.4229528E+00
   15  -0.1152922E-01   0.5562866E+01   0.8264647E+01
   16   0.8802514E+00   0.3469907E+01   0.3617595E+01
   17  -0.3978671E+01   0.5406882E+01   0.5993801E+01
   18  -0.2602094E+01   0.2419609E+01   0.6126567E+01
   19   0.8130622E+00   0.6988055E+01   0.2126150E+00
   20   0.1348705E+01   0.9173703E+01  -0.1359204E+01
   21  -0.7184889E+00   0.9691842E+01  -0.3277046E+01
   22  -0.4866007E+00   0.1146360E+02  -0.4758402E+01
   23   0.3980111E+01   0.9013367E+01  -0.2517965E+01
   24   0.6180145E+01   0.9063761E+01  -0.6517155E+00
   25   0.5961226E+01   0.1134618E+02   0.1101546E+01
   26   0.8176022E+01   0.1102273E+02   0.2921454E+01
   27   0.7853486E+01   0.1262622E+02   0.5156184E+01
   28   0.1785638E+01   0.5388607E+01  -0.1446453E+00
   29   0.1280524E+01   0.1089724E+02  -0.2199414E+00
   30   0.4329823E+01   0.1063264E+02  -0.3756571E+01
   31   0.4144209E+01   0.7289614E+01  -0.3648022E+01
   32   0.7924929E+01   0.9375414E+01  -0.1716215E+01
   33   0.6213532E+01   0.7331587E+01   0.4329986E+00
   34   0.4239948E+01   0.1109502E+02   0.2194106E+01
   35   0.6062079E+01   0.1313813E+02   0.9366994E-01
   36   0.9808485E+01   0.1143404E+02   0.1710748E+01
   37   0.8338363E+01   0.9102738E+01   0.3666722E+01
   38   0.7783679E+01   0.1451639E+02   0.4881276E+01
   39   0.6417715E+01   0.1189246E+02   0.6171853E+01
   40   0.9385730E+01   0.1219114E+02   0.6210456E+01
   41  -0.2758650E+01   0.8216319E+01  -0.3235697E+01
   42  -0.5105048E+01   0.8941983E+01  -0.4450747E+01
   43  -0.7478453E+01   0.8538302E+01  -0.2890319E+01
   44  -0.9515111E+01   0.9268203E+01  -0.3724931E+01
   45  -0.5447553E+01   0.7567668E+01  -0.6966035E+01
   46  -0.5675998E+01   0.4716743E+01  -0.6826216E+01
   47  -0.5959194E+01   0.3752060E+01  -0.4674712E+01
   48  -0.5380263E+01   0.3492017E+01  -0.8811490E+01
   49  -0.2589645E+01   0.6563052E+01  -0.2281990E+01
   50  -0.5262806E+01   0.1096107E+02  -0.4853544E+01
   51  -0.3736071E+01   0.7811638E+01  -0.8073068E+01
   52  -0.6973023E+01   0.8522129E+01  -0.7962145E+01
   53  -0.7213250E+01   0.7600283E+01  -0.5557514E+00
   54  -0.9311430E+01   0.7245992E+01   0.1163965E+01
   55  -0.1120453E+02   0.5142901E+01   0.6279257E+00
   56  -0.1328342E+02   0.5291792E+01   0.1615767E+01
   57  -0.5673683E+01   0.6530685E+01  -0.2522520E+00
   58  -0.1029372E+02   0.8995408E+01   0.1626030E+01
   59  -0.8592059E+01   0.6522427E+01   0.2961172E+01
   60  -0.1064526E+02   0.3396837E+01  -0.1128684E+01
   61  -0.1229505E+02   0.1294583E+01  -0.1755812E+01
   62  -0.1241306E+02  -0.7712746E+00   0.2387253E+00
   63  -0.1391818E+02  -0.2537384E+01   0.1290116E-01
   64  -0.1157478E+02   0.2853089E+00  -0.4357587E+01
   65  -0.9352872E+01  -0.1542672E+01  -0.4237920E+01
   66  -0.8842121E+01  -0.2841932E+01  -0.6331718E+01
   67  -0.7786468E+01  -0.1758959E+01  -0.2525849E+01
   68  -0.8906984E+01   0.3444387E+01  -0.1860165E+01
   69  -0.1425340E+02   0.1890996E+01  -0.1935552E+01
   70  -0.1113574E+02   0.1794799E+01  -0.5676149E+01
   71  -0.1304780E+02  -0.9885818E+00  -0.5022408E+01
   72  -0.1023643E+02  -0.2988626E+01  -0.7634495E+01
   73  -0.7181068E+01  -0.3649785E+01  -0.6783357E+01
   74  -0.1122976E+02  -0.3806229E+00   0.2426788E+01
   75  -0.1124818E+02  -0.1883977E+01   0.4716023E+01
   76  -0.9341413E+01  -0.4034102E+01   0.4814255E+01
   77  -0.9278562E+01  -0.5405206E+01   0.6686667E+01
   78  -0.9863956E+01   0.9600526E+00   0.2464764E+01
   79  -0.1312884E+02  -0.2712159E+01   0.4895337E+01
   80  -0.1089546E+02  -0.5754140E+00   0.6270037E+01
   81  -0.7802563E+01  -0.4249402E+01   0.2818470E+01
   82  -0.5673139E+01  -0.5985913E+01   0.2856599E+01
   83  -0.3240049E+01  -0.4520599E+01   0.2406281E+01
   84  -0.3031703E+01  -0.2410801E+01   0.1488511E+01
   85  -0.6028498E+01  -0.7756463E+01   0.6208921E+00
   86  -0.8542280E+01  -0.9112656E+01   0.7508354E+00
   87  -0.1070070E+02  -0.8060195E+01  -0.3590064E+00
   88  -0.8774300E+01  -0.1141492E+02   0.2027005E+01
   89  -0.1301334E+02  -0.9364499E+01  -0.2676230E+00
   90  -0.1100138E+02  -0.1283865E+02   0.1922403E+01
   91  -0.1315354E+02  -0.1181122E+02   0.7467290E+00
   92  -0.1524871E+02  -0.1332023E+02   0.8172744E+00
   93  -0.8174004E+01  -0.3186379E+01   0.1283334E+01
   94  -0.5608614E+01  -0.6987105E+01   0.4642804E+01
   95  -0.4472379E+01  -0.9071376E+01   0.3194676E+00
   96  -0.6137770E+01  -0.6610519E+01  -0.1083559E+01
   97  -0.1073266E+02  -0.6247234E+01  -0.1262739E+01
   98  -0.7160930E+01  -0.1206591E+02   0.3084277E+01
   99  -0.1461292E+02  -0.8503047E+01  -0.1192032E+01
  100  -0.1120168E+02  -0.1466260E+02   0.2840766E+01
  101  -0.1487774E+02  -0.1501450E+02   0.1333857E+01
  102  -0.1144067E+01  -0.5867223E+01   0.2840887E+01
  103   0.1445281E+01  -0.5047470E+01   0.2531486E+01
  104   0.2998602E+01  -0.7138680E+01   0.1309818E+01
  105   0.2718768E+01  -0.9339689E+01   0.2000513E+01
  106   0.2626902E+01  -0.4532693E+01   0.5127855E+01
  107   0.2068303E+01  -0.1764706E+01   0.5660720E+01
  108   0.5502585E+01  -0.4633969E+01   0.5304279E+01
  109   0.2301849E+01  -0.1196225E+01   0.8477381E+01
  110  -0.1339077E+01  -0.7625921E+01   0.3550523E+01
  111   0.1414566E+01  -0.3251844E+01   0.1536820E+01
  112   0.1927851E+01  -0.5800327E+01   0.6600970E+01
  113   0.2307091E+00  -0.1150541E+01   0.4921580E+01
  114   0.3375746E+01  -0.5401101E+00   0.4636118E+01
  115   0.6239940E+01  -0.6346936E+01   0.4447054E+01
  116   0.6247731E+01  -0.3093423E+01   0.4133214E+01
  117   0.6135921E+01  -0.4387233E+01   0.7245213E+01
  118   0.1490878E+01  -0.2566494E+01   0.9756462E+01
  119   0.4262814E+01  -0.8027632E+00   0.9002541E+01
  120   0.1096147E+01   0.4234744E+00   0.8859013E+01
  121   0.4729472E+01  -0.6450564E+01  -0.3764523E+00
  122   0.6535952E+01  -0.7848703E+01  -0.1891735E+01
  123   0.9200715E+01  -0.7237169E+01  -0.1013662E+01
  124   0.9716311E+01  -0.5563363E+01   0.5200715E+00
  125   0.6073632E+01  -0.7157832E+01  -0.4660998E+01
  126   0.6574364E+01  -0.4576244E+01  -0.5122760E+01
  127   0.4535603E+01  -0.4599077E+01  -0.7949151E+00
  128   0.6204090E+01  -0.9851313E+01  -0.1585170E+01
  129   0.4086916E+01  -0.7599686E+01  -0.4996634E+01
  130   0.7325336E+01  -0.8316230E+01  -0.5821136E+01
  131   0.5423412E+01  -0.3523876E+01  -0.4200228E+01
  132   0.1099769E+02  -0.8603410E+01  -0.2118870E+01
  133   0.1368475E+02  -0.8312583E+01  -0.1713452E+01
  134   0.1471418E+02  -0.5659675E+01  -0.2173731E+01
  135   0.1617877E+02  -0.4503194E+01  -0.8033074E+00
  136   0.1508414E+02  -0.1010722E+02  -0.3496449E+01
  137   0.1049914E+02  -0.1010748E+02  -0.3205610E+01
  138   0.1401036E+02  -0.8899204E+01   0.2329163E+00
  139   0.1705628E+02  -0.9687433E+01  -0.3164658E+01
  140   0.1480150E+02  -0.1209645E+02  -0.3081799E+01
  141   0.1478549E+02  -0.9585045E+01  -0.5453725E+01
  142   0.1359957E+02  -0.4447565E+01  -0.4069478E+01
  143   0.1413715E+02  -0.1948421E+01  -0.5033412E+01
  144   0.1327831E+02  -0.3159622E-02  -0.3098948E+01
  145   0.1451006E+02   0.1869901E+01  -0.2543800E+01
  146   0.1270549E+02  -0.1588139E+01  -0.7525119E+01
  147   0.1219552E+02  -0.5345530E+01  -0.5017094E+01
  148   0.1615796E+02  -0.1809619E+01  -0.5409269E+01
  149   0.1072233E+02  -0.1225894E+01  -0.7102890E+01
  150   0.1338262E+02   0.1409925E-01  -0.8606768E+01
  151   0.1274400E+02  -0.3406178E+01  -0.8473972E+01
  152   0.1114764E+02  -0.5180230E+00  -0.1820328E+01
  153   0.1002021E+02   0.1055028E+01   0.1107361E+00
  154   0.1146621E+02   0.7393836E+00   0.2570566E+01
  155   0.1195498E+02   0.2514105E+01   0.3998295E+01
  156   0.7181546E+01   0.5485874E+00   0.3098716E+00
  157   0.5692017E+01   0.1701882E+01  -0.1870400E+01
  158   0.3118866E+01   0.4067219E+00  -0.2051371E+01
  159   0.1131628E+01   0.1396619E+01  -0.1222611E+01
  160   0.2999010E+01  -0.1834614E+01  -0.2756747E+01
  161   0.1034247E+02  -0.2232866E+01  -0.1928545E+01
  162   0.1005677E+02   0.3039006E+01  -0.4555090E+00
  163   0.6537526E+01   0.1203763E+01   0.2147625E+01
  164   0.6899618E+01  -0.1474497E+01   0.1733181E+00
  165   0.6699082E+01   0.1242410E+01  -0.3606979E+01
  166   0.5482324E+01   0.3730979E+01  -0.1576770E+01
  167   0.1240284E+02  -0.1552937E+01   0.3075368E+01
  168   0.1400327E+02  -0.2080940E+01   0.5240053E+01
  169   0.1359900E+02  -0.7254715E+00   0.6737863E+01
  170   0.1363034E+02  -0.3989232E+01   0.5922367E+01
  171   0.1598223E+02  -0.1922603E+01   0.4687889E+01
  172   0.1212604E+02  -0.2985504E+01   0.1852357E+01
  173  -0.2989333E+01   0.3268942E+00  -0.2960056E+01
  174  -0.3709753E+01  -0.1141073E+01  -0.7591203E+01
  175  -0.3366982E+01  -0.1966965E+01  -0.9164895E+01
  176  -0.4636356E+01   0.3301332E+00  -0.8064997E+01
 ipol imol nesp i matpot     0    127464
 Initial ssvpot =    76.777


 Number of unique UNfrozen centers=   40

 Non-linear optimization requested.
 qchnge =    0.4309907237E-01
 qchnge =    0.6054228433E-03
 qchnge =    0.5671692589E-04
 qchnge =    0.7722846420E-05

 Convergence in    3 iterations
elec_mom    4.6503    7.0609    9.6953
elec_mom    3.5654    6.3963    7.1161
elec_mom    5.0597    6.4095    5.3507
elec_mom    4.9445    9.0951    9.8113
elec_mom    3.3349    6.4738   11.1676
elec_mom    6.4502    6.0924    9.9545
elec_mom    1.1232    5.8579    6.8046
elec_mom   -0.0855    4.9963    4.5014
elec_mom   -0.3884    7.0275    2.4970
elec_mom   -1.8029    8.8331    2.9132
elec_mom   -2.7515    4.0171    4.9937
elec_mom   -4.2916    3.2599    2.6901
elec_mom   -6.4937    2.5213    3.1234
elec_mom   -3.5220    3.7008    0.4922
elec_mom    0.0661    5.4670    8.3620
elec_mom    0.9728    3.4338    3.6914
elec_mom   -3.8966    5.3254    6.0826
elec_mom   -2.5103    2.3414    6.1814
elec_mom    0.8995    6.9928    0.3294
elec_mom    1.4304    9.1992   -1.2148
elec_mom   -0.6353    9.7338   -3.1298
elec_mom   -0.4068   11.5242   -4.5891
elec_mom    4.0643    9.0618   -2.3709
elec_mom    6.2610    9.0968   -0.5004
elec_mom    6.0315   11.3570    1.2801
elec_mom    8.2443   11.0188    3.0998
elec_mom    7.9126   12.5939    5.3533
elec_mom    1.8780    5.4011   -0.0456
elec_mom    1.3545   10.9085   -0.0548
elec_mom    4.4107   10.6972   -3.5891
elec_mom    4.2361    7.3525   -3.5216
elec_mom    8.0065    9.4272   -1.5580
elec_mom    6.2984    7.3517    0.5632
elec_mom    4.3092   11.0868    2.3666
elec_mom    6.1280   13.1614    0.2943
elec_mom    9.8774   11.4503    1.8970
elec_mom    8.4118    9.0905    3.8219
elec_mom    7.8369   14.4870    5.1013
elec_mom    6.4776   11.8431    6.3575
elec_mom    9.4445   12.1511    6.4048
elec_mom   -2.6705    8.2510   -3.1099
elec_mom   -5.0173    8.9836   -4.3201
elec_mom   -7.3920    8.5530   -2.7688
elec_mom   -9.4296    9.2862   -3.5980
elec_mom   -5.3509    7.6389   -6.8525
elec_mom   -5.5700    4.7857   -6.7477
elec_mom   -5.8536    3.7940   -4.6086
elec_mom   -5.2669    3.5862   -8.7473
elec_mom   -2.4976    6.5869   -2.1761
elec_mom   -5.1812   11.0069   -4.6986
elec_mom   -3.6384    7.9020   -7.9535
elec_mom   -6.8779    8.6003   -7.8395
elec_mom   -7.1275    7.5876   -0.4453
elec_mom   -9.2274    7.2054    1.2663
elec_mom  -11.1125    5.1026    0.7015
elec_mom  -13.1936    5.2326    1.6875
elec_mom   -5.5849    6.5195   -0.1522
elec_mom  -10.2164    8.9457    1.7479
elec_mom   -8.5086    6.4624    3.0558
elec_mom  -10.5444    3.3800   -1.0753
elec_mom  -12.1861    1.2800   -1.7308
elec_mom  -12.3005   -0.8104    0.2383
elec_mom  -13.7993   -2.5786   -0.0116
elec_mom  -11.4581    0.3049   -4.3434
elec_mom   -9.2302   -1.5170   -4.2421
elec_mom   -8.7116   -2.7890   -6.3507
elec_mom   -7.6660   -1.7489   -2.5301
elec_mom   -8.8051    3.4422   -1.8031
elec_mom  -14.1461    1.8720   -1.9066
elec_mom  -11.0219    1.8318   -5.6427
elec_mom  -12.9257   -0.9657   -5.0262
elec_mom  -10.1032   -2.9245   -7.6576
elec_mom   -7.0471   -3.5857   -6.8093
elec_mom  -11.1222   -0.4424    2.4330
elec_mom  -11.1394   -1.9736    4.7037
elec_mom   -9.2256   -4.1184    4.7791
elec_mom   -9.1613   -5.5119    6.6348
elec_mom   -9.7610    0.9023    2.4896
elec_mom  -13.0176   -2.8102    4.8697
elec_mom  -10.7937   -0.6828    6.2741
elec_mom   -7.6827   -4.3042    2.7835
elec_mom   -5.5475   -6.0339    2.8042
elec_mom   -3.1186   -4.5551    2.3759
elec_mom   -2.9158   -2.4336    1.4842
elec_mom   -5.8932   -7.7783    0.5465
elec_mom   -8.4026   -9.1444    0.6556
elec_mom  -10.5627   -8.0857   -0.4451
elec_mom   -8.6290  -11.4628    1.9032
elec_mom  -12.8711   -9.3987   -0.3736
elec_mom  -10.8511  -12.8926    1.7775
elec_mom  -13.0047  -11.8581    0.6107
elec_mom  -15.0949  -13.3748    0.6592
elec_mom   -8.0551   -3.2238    1.2607
elec_mom   -5.4826   -7.0566    4.5782
elec_mom   -4.3321   -9.0843    0.2318
elec_mom   -6.0034   -6.6121   -1.1441
elec_mom  -10.5992   -6.2620   -1.3268
elec_mom   -7.0153  -12.1212    2.9553
elec_mom  -14.4720   -8.5315   -1.2902
elec_mom  -11.0468  -14.7282    2.6732
elec_mom  -14.7192  -15.0740    1.1558
elec_mom   -1.0189   -5.8999    2.7977
elec_mom    1.5682   -5.0678    2.5028
elec_mom    3.1306   -7.1388    1.2584
elec_mom    2.8570   -9.3490    1.9218
elec_mom    2.7437   -4.5807    5.1072
elec_mom    2.1749   -1.8213    5.6728
elec_mom    5.6194   -4.6746    5.2874
elec_mom    2.4018   -1.2864    8.4965
elec_mom   -1.2092   -7.6678    3.4856
elec_mom    1.5332   -3.2603    1.5300
elec_mom    2.0465   -5.8685    6.5636
elec_mom    0.3365   -1.2044    4.9380
elec_mom    3.4800   -0.5800    4.6654
elec_mom    6.3640   -6.3745    4.4106
elec_mom    6.3614   -3.1174    4.1364
elec_mom    6.2487   -4.4493    7.2323
elec_mom    1.5933   -2.6748    9.7574
elec_mom    4.3606   -0.8928    9.0298
elec_mom    1.1901    0.3245    8.8958
elec_mom    4.8620   -6.4245   -0.4164
elec_mom    6.6757   -7.7980   -1.9454
elec_mom    9.3369   -7.1883   -1.0554
elec_mom    9.8443   -5.5316    0.4995
elec_mom    6.2158   -7.0750   -4.7069
elec_mom    6.7086   -4.4864   -5.1363
elec_mom    4.6626   -4.5687   -0.8126
elec_mom    6.3501   -9.8053   -1.6638
elec_mom    4.2311   -7.5194   -5.0513
elec_mom    7.4733   -8.2150   -5.8788
elec_mom    5.5526   -3.4492   -4.2030
elec_mom   11.1404   -8.5350   -2.1740
elec_mom   13.8257   -8.2402   -1.7605
elec_mom   14.8470   -5.5784   -2.1867
elec_mom   16.3054   -4.4338   -0.7997
elec_mom   15.2342  -10.0083   -3.5627
elec_mom   10.6487  -10.0274   -3.2798
elec_mom   14.1500   -8.8493    0.1792
elec_mom   17.2043   -9.5860   -3.2225
elec_mom   14.9575  -12.0033   -3.1728
elec_mom   14.9370   -9.4633   -5.5140
elec_mom   13.7315   -4.3471   -4.0694
elec_mom   14.2623   -1.8346   -5.0020
elec_mom   13.3937    0.0841   -3.0455
elec_mom   14.6182    1.9544   -2.4655
elec_mom   12.8337   -1.4488   -7.4916
elec_mom   12.3321   -5.2381   -5.0303
elec_mom   16.2833   -1.6845   -5.3726
elec_mom   10.8486   -1.0983   -7.0684
elec_mom   13.5072    0.1688   -8.5525
elec_mom   12.8799   -3.2550   -8.4624
elec_mom   11.2626   -0.4534   -1.7769
elec_mom   10.1267    1.0923    0.1712
elec_mom   11.5696    0.7516    2.6295
elec_mom   12.0500    2.5104    4.0796
elec_mom    7.2894    0.5740    0.3593
elec_mom    5.7997    1.7487   -1.8094
elec_mom    3.2312    0.4473   -2.0105
elec_mom    1.2393    1.4204   -1.1732
elec_mom    3.1201   -1.7857   -2.7433
elec_mom   10.4634   -2.1695   -1.9073
elec_mom   10.1575    3.0831   -0.3708
elec_mom    6.6401    1.2046    2.2038
elec_mom    7.0145   -1.4482    0.1976
elec_mom    6.8112    1.3138   -3.5497
elec_mom    5.5827    3.7734   -1.4914
elec_mom   12.5131   -1.5436    3.1080
elec_mom   14.1116   -2.0926    5.2689
elec_mom   13.7003   -0.7568    6.7824
elec_mom   13.7439   -4.0103    5.9273
elec_mom   16.0909   -1.9209    4.7221
elec_mom   12.2431   -2.9621    1.8672
elec_mom   -2.8752    0.3581   -2.9306
elec_mom   -3.5828   -1.0558   -7.5805
elec_mom   -3.2346   -1.8613   -9.1636
elec_mom   -4.5136    0.4180   -8.0380


Resp charges for organic molecule                                               

          Point Charges Before & After Optimization

    no.  At.no.    q(init)       q(opt)     ivary    d(rstr)/dq
    1   6      -0.541000      -0.541093      0       0.001817
    2   6       0.703185       0.703185    -99       0.001408
    3   8      -0.580599      -0.580599    -99       0.001697
    4   1       0.185333       0.161331      0       0.000000
    5   1       0.149706       0.161331      4       0.000000
    6   1       0.174309       0.161331      4       0.000000
    7   7      -0.696615      -0.696615    -99       0.001421
    8   6       0.263533       0.263533    -99       0.003548
    9   6       0.611721       0.611721    -99       0.001613
   10   8      -0.563174      -0.563174    -99       0.001748
   11   6      -0.405860      -0.312989      0       0.003043
   12   6       0.376775       0.376775    -99       0.002565
   13   8      -0.657565      -0.657565    -99       0.001503
   14   8      -0.657565      -0.657565    -99       0.001503
   15   1       0.453181       0.453181    -99       0.000000
   16   1      -0.115591      -0.115591    -99       0.000000
   17   1       0.185997       0.174540      0       0.000000
   18   1       0.225820       0.174540     17       0.000000
   19   7      -0.016912      -0.016912    -99       0.009860
   20   6      -0.063490      -0.063490    -99       0.008442
   21   6       0.463730       0.463730    -99       0.002108
   22   8      -0.572044      -0.572044    -99       0.001722
   23   6       0.167855       0.364460      0       0.002644
   24   6      -0.036033      -0.363561      0       0.002646
   25   6      -0.054192      -0.103732      0       0.006920
   26   6       0.449399       0.528534      0       0.001859
   27   7      -0.424224      -0.424224    -99       0.002294
   28   1      -0.190788      -0.190788    -99       0.000000
   29   1       0.009274       0.009274    -99       0.000000
   30   1      -0.023737      -0.059689      0       0.000000
   31   1      -0.036616      -0.059689     30       0.000000
   32   1       0.024517       0.147224      0       0.000000
   33   1      -0.093212       0.147224     32       0.000000
   34   1       0.053171       0.061873      0       0.000000
   35   1       0.062922       0.061873     34       0.000000
   36   1      -0.027079      -0.087800      0       0.000000
   37   1      -0.121903      -0.087800     36       0.000000
   38   1       0.367050       0.367050    -99       0.000000
   39   1       0.367050       0.367050    -99       0.000000
   40   1       0.367050       0.367050    -99       0.000000
   41   7      -0.531714      -0.531714    -99       0.001848
   42   6       0.380667       0.380667    -99       0.002541
   43   6      -0.000329      -0.000329    -99       0.010000
   44   8      -0.453253      -0.453253    -99       0.002154
   45   6      -0.567647      -0.610919      0       0.001615
   46   6       1.019146       1.019146    -99       0.000977
   47   8      -0.811097      -0.811097    -99       0.001224
   48   8      -0.811097      -0.811097    -99       0.001224
   49   1       0.458544       0.458544    -99       0.000000
   50   1       0.054544       0.054544    -99       0.000000
   51   1       0.234887       0.198347      0       0.000000
   52   1       0.131632       0.198347     51       0.000000
   53   7       0.008940       0.008940    -99       0.009960
   54   6      -0.079239      -0.171848      0       0.005030
   55   6       0.221725       0.221725    -99       0.004111
   56   8      -0.519787      -0.519787    -99       0.001889
   57   1      -0.277226      -0.277226    -99       0.000000
   58   1       0.109680       0.165497      0       0.000000
   59   1       0.163804       0.165497     58       0.000000
   60   7      -0.119221      -0.119221    -99       0.006426
   61   6      -0.033326      -0.033326    -99       0.009487
   62   6       0.330290       0.330290    -99       0.002898
   63   8      -0.508981      -0.508981    -99       0.001928
   64   6      -0.188483      -0.168644      0       0.005100
   65   6       0.674923       0.674923    -99       0.001466
   66   7      -0.837669      -0.837669    -99       0.001185
   67   8      -0.473409      -0.473409    -99       0.002067
   68   1       0.158838       0.158838    -99       0.000000
   69   1       0.137230       0.137230    -99       0.000000
   70   1       0.120705       0.105387      0       0.000000
   71   1       0.101724       0.105387     70       0.000000
   72   1       0.392012       0.392012    -99       0.000000
   73   1       0.392012       0.392012    -99       0.000000
   74   7      -0.025309      -0.025309    -99       0.009694
   75   6      -0.292472      -0.321874      0       0.002967
   76   6       0.476101       0.476101    -99       0.002056
   77   8      -0.577151      -0.577151    -99       0.001707
   78   1       0.235217       0.235217    -99       0.000000
   79   1       0.142528       0.168087      0       0.000000
   80   1       0.166343       0.168087     79       0.000000
   81   7      -0.256611      -0.256611    -99       0.003631
   82   6      -0.208827      -0.208827    -99       0.004319
   83   6       0.704228       0.704228    -99       0.001406
   84   8      -0.546822      -0.546822    -99       0.001799
   85   6      -0.051045       0.056681      0       0.008700
   86   6       0.031266       0.031266    -99       0.009544
   87   6      -0.000979      -0.000979    -99       0.010000
   88   6      -0.000979      -0.000979    -99       0.010000
   89   6      -0.547402      -0.547402    -99       0.001797
   90   6      -0.547402      -0.547402    -99       0.001797
   91   6       0.708984       0.708984    -99       0.001397
   92   8      -0.649684      -0.649684    -99       0.001521
   93   1       0.071313       0.071313    -99       0.000000
   94   1       0.123607       0.123607    -99       0.000000
   95   1       0.042648      -0.030899      0       0.000000
   96   1       0.040094      -0.030899     95       0.000000
   97   1       0.116831       0.116831    -99       0.000000
   98   1       0.116831       0.116831    -99       0.000000
   99   1       0.211765       0.211765    -99       0.000000
  100   1       0.211765       0.211765    -99       0.000000
  101   1       0.464339       0.464339    -99       0.000000
  102   7      -0.522245      -0.522245    -99       0.001881
  103   6       0.003557       0.003557    -99       0.009994
  104   6       0.808578       0.808578    -99       0.001227
  105   8      -0.582547      -0.582547    -99       0.001692
  106   6       0.169673       0.169673    -99       0.005077
  107   6       0.026957      -0.262542      0       0.003556
  108   6      -0.111931      -0.021165      0       0.009786
  109   6      -0.153945       0.867128      0       0.001145
  110   1       0.303640       0.303640    -99       0.000000
  111   1      -0.076313      -0.076313    -99       0.000000
  112   1       0.033075       0.033075    -99       0.000000
  113   1       0.029676       0.008989      0       0.000000
  114   1       0.219936       0.008989    113       0.000000
  115   1      -0.013615      -0.093522      0       0.000000
  116   1       0.097164      -0.093522    115       0.000000
  117   1       0.083958      -0.093522    115       0.000000
  118   1       0.064267      -0.180943      0       0.000000
  119   1       0.021274      -0.180943    118       0.000000
  120   1       0.036433      -0.180943    118       0.000000
  121   7      -0.107093      -0.107093    -99       0.006825
  122   6       0.004645       0.004645    -99       0.009989
  123   6       0.253482       0.253482    -99       0.003670
  124   8      -0.159461      -0.159461    -99       0.005313
  125   6       0.231377      -1.134840      0       0.000878
  126   8      -0.383771      -0.383771    -99       0.002522
  127   1       0.038977       0.038977    -99       0.000000
  128   1       0.096228       0.096228    -99       0.000000
  129   1       0.035909       0.475976      0       0.000000
  130   1       0.033535       0.475976    129       0.000000
  131   1       0.270735       0.270735    -99       0.000000
  132   7      -0.084361      -0.084361    -99       0.007643
  133   6       0.001494       0.001494    -99       0.009999
  134   6       0.618738       0.618738    -99       0.001595
  135   8      -0.624119      -0.624119    -99       0.001582
  136   6      -0.190180      -0.464918      0       0.002103
  137   1       0.301425       0.301425    -99       0.000000
  138   1       0.069612       0.069612    -99       0.000000
  139   1       0.037459       0.140001      0       0.000000
  140   1       0.098410       0.140001    139       0.000000
  141   1       0.043745       0.140001    139       0.000000
  142   7      -0.385242      -0.385242    -99       0.002513
  143   6       0.420271       0.420271    -99       0.002315
  144   6      -0.306236      -0.306236    -99       0.003104
  145   8      -0.289532      -0.289532    -99       0.003265
  146   6      -0.209974      -0.359138      0       0.002682
  147   1       0.307954       0.307954    -99       0.000000
  148   1       0.005727       0.005727    -99       0.000000
  149   1       0.038185       0.095072      0       0.000000
  150   1       0.083673       0.095072    149       0.000000
  151   1       0.058688       0.095072    149       0.000000
  152   7       1.675409       1.675409    -99       0.000596
  153   6      -2.367416      -2.367416    -99       0.000422
  154   6       1.698760       1.698760    -99       0.000588
  155   8      -0.750377      -0.750377    -99       0.001321
  156   6       2.299614       0.849312      0       0.001169
  157   6      -2.556520      -3.251433      0       0.000307
  158   6       1.838869       1.838869    -99       0.000543
  159   8      -0.601191      -0.601191    -99       0.001641
  160   8      -0.601191      -0.601191    -99       0.001641
  161   1      -0.369321      -0.369321    -99       0.000000
  162   1       0.698142       0.698142    -99       0.000000
  163   1      -0.383166      -0.437431      0       0.000000
  164   1      -3.562010      -0.437431    163       0.000000
  165   1       0.899227       1.013733      0       0.000000
  166   1       0.896586       1.013733    165       0.000000
  167   7      -0.650276      -0.650276    -99       0.001520
  168   6       0.145649      -0.851865      0       0.001166
  169   1      -0.018461       0.288081      0       0.000000
  170   1       0.020248       0.288081    169       0.000000
  171   1       0.046557       0.288081    169       0.000000
  172   1       0.273680       0.273680    -99       0.000000
  173  20       1.762711       1.762711    -99       0.000566
  174   8      -0.543297      -0.543297    -99       0.001810
  175   1       0.289252       0.289252    -99       0.000000
  176   1       0.289252       0.289252    -99       0.000000

 Sum over the calculated charges:      0.000

        Statistics of the fitting:
  The initial sum of squares (ssvpot)                     76.777
  The residual sum of squares (chipot)                     0.708
  The std err of estimate (sqrt(chipot/N))               0.00508
  ESP relative RMS (SQRT(chipot/ssvpot))                 0.09605

 Center of Mass (Angst.):

 X  =  -0.05839      Y  =  -0.00276      Z  =  -0.01594

 Dipole (Debye):

 X  =  32.57065      Y  =  -3.93109      Z  =  -4.90312

 Dipole Moment (Debye)=  33.17139

 Quadrupole (Debye*Angst.):

 Qxx =-464.91636     QYY = 391.04490     QZZ =  73.87145
 Qxy = 436.68116     QXZ =  36.83602     QYZ = 495.99522



 Dipole (Debye) (wrt. Center of Mass and rotated along the principal axes of moment of inertia):

 X  =  32.59189      Y  =  -3.76233      Z  =  -4.89438

 Dipole Moment (Debye)=  33.17139

 Quadrupole (Debye*Angst.) (wrt. Center of Mass and rotated along the principal axes of moment of inertia):

 Qxx =-460.17352     QYY = 378.14298     QZZ =  82.03054
 Qxy = 432.12074     QXZ =  40.23726     QYZ = 500.37101
