
 -----------------------------------------------
    Iterated - Restrained ESP Fit 3.1  Amber 15 
 -----------------------------------------------
 Resp charges for organic molecule                                               
 -----------------------------------------------


 inopt       =     0   ioutopt     =     1
 nmol        =     1   iqopt       =     2
 ihfree      =     1   irstrnt     =     1
 iunits      =     0   qwt         =   0.00100000

 wtmol(1) =     1.000000
 subtitle:

Resp charges for organic molecule                                               
ich =   0  iuniq = 176
    1    6    0
    2    6  -99
    3    8  -99
    4    1    0
    5    1    4
    6    1    4
    7    7  -99
    8    6  -99
    9    6  -99
   10    8  -99
   11    6    0
   12    6  -99
   13    8  -99
   14    8  -99
   15    1  -99
   16    1  -99
   17    1    0
   18    1   17
   19    7  -99
   20    6  -99
   21    6  -99
   22    8  -99
   23    6    0
   24    6    0
   25    6    0
   26    6    0
   27    7  -99
   28    1  -99
   29    1  -99
   30    1    0
   31    1   30
   32    1    0
   33    1   32
   34    1    0
   35    1   34
   36    1    0
   37    1   36
   38    1  -99
   39    1  -99
   40    1  -99
   41    7  -99
   42    6  -99
   43    6  -99
   44    8  -99
   45    6    0
   46    6  -99
   47    8  -99
   48    8  -99
   49    1  -99
   50    1  -99
   51    1    0
   52    1   51
   53    7  -99
   54    6    0
   55    6  -99
   56    8  -99
   57    1  -99
   58    1    0
   59    1   58
   60    7  -99
   61    6  -99
   62    6  -99
   63    8  -99
   64    6    0
   65    6  -99
   66    7  -99
   67    8  -99
   68    1  -99
   69    1  -99
   70    1    0
   71    1   70
   72    1  -99
   73    1  -99
   74    7  -99
   75    6    0
   76    6  -99
   77    8  -99
   78    1  -99
   79    1    0
   80    1   79
   81    7  -99
   82    6  -99
   83    6  -99
   84    8  -99
   85    6    0
   86    6  -99
   87    6  -99
   88    6  -99
   89    6  -99
   90    6  -99
   91    6  -99
   92    8  -99
   93    1  -99
   94    1  -99
   95    1    0
   96    1   95
   97    1  -99
   98    1  -99
   99    1  -99
  100    1  -99
  101    1  -99
  102    7  -99
  103    6  -99
  104    6  -99
  105    8  -99
  106    6  -99
  107    6    0
  108    6    0
  109    6    0
  110    1  -99
  111    1  -99
  112    1  -99
  113    1    0
  114    1  113
  115    1    0
  116    1  115
  117    1  115
  118    1    0
  119    1  118
  120    1  118
  121    7  -99
  122    6  -99
  123    6  -99
  124    8  -99
  125    6    0
  126    8  -99
  127    1  -99
  128    1  -99
  129    1    0
  130    1  129
  131    1  -99
  132    7  -99
  133    6  -99
  134    6  -99
  135    8  -99
  136    6    0
  137    1  -99
  138    1  -99
  139    1    0
  140    1  139
  141    1  139
  142    7  -99
  143    6  -99
  144    6  -99
  145    8  -99
  146    6    0
  147    1  -99
  148    1  -99
  149    1    0
  150    1  149
  151    1  149
  152    7  -99
  153    6  -99
  154    6  -99
  155    8  -99
  156    6    0
  157    6    0
  158    6  -99
  159    8  -99
  160    8  -99
  161    1  -99
  162    1  -99
  163    1    0
  164    1  163
  165    1    0
  166    1  165
  167    7  -99
  168    6    0
  169    1    0
  170    1  169
  171    1  169
  172    1  -99
  173   20  -99
  174    8  -99
  175    1  -99
  176    1  -99
 new q0 values to be read 176

 Charge on the molecule(ich) =    0
 Total number of atoms (iuniq)     =  176
 Weight factor on initial charge restraints(qwt)=     0.10000D-02


  there are   1 charge constraints:


     1       1
     2       1
     3       1
     4       1
     5       1
     6       1
     7       1
     8       1
     9       1
    10       1
    11       1
    12       1
    13       1
    14       1
    15       1
    16       1
    17       1
    18       1
    19       1
    20       1
    21       1
    22       1
    23       1
    24       1
    25       1
    26       1
    27       1
    28       1
    29       1
    30       1
    31       1
    32       1
    33       1
    34       1
    35       1
    36       1
    37       1
    38       1
    39       1
    40       1
    41       1
    42       1
    43       1
    44       1
    45       1
    46       1
    47       1
    48       1
    49       1
    50       1
    51       1
    52       1
    53       1
    54       1
    55       1
    56       1
    57       1
    58       1
    59       1
    60       1
    61       1
    62       1
    63       1
    64       1
    65       1
    66       1
    67       1
    68       1
    69       1
    70       1
    71       1
    72       1
    73       1
    74       1
    75       1
    76       1
    77       1
    78       1
    79       1
    80       1
    81       1
    82       1
    83       1
    84       1
    85       1
    86       1
    87       1
    88       1
    89       1
    90       1
    91       1
    92       1
    93       1
    94       1
    95       1
    96       1
    97       1
    98       1
    99       1
   100       1
   101       1
   102       1
   103       1
   104       1
   105       1
   106       1
   107       1
   108       1
   109       1
   110       1
   111       1
   112       1
   113       1
   114       1
   115       1
   116       1
   117       1
   118       1
   119       1
   120       1
   121       1
   122       1
   123       1
   124       1
   125       1
   126       1
   127       1
   128       1
   129       1
   130       1
   131       1
   132       1
   133       1
   134       1
   135       1
   136       1
   137       1
   138       1
   139       1
   140       1
   141       1
   142       1
   143       1
   144       1
   145       1
   146       1
   147       1
   148       1
   149       1
   150       1
   151       1
   152       1
   153       1
   154       1
   155       1
   156       1
   157       1
   158       1
   159       1
   160       1
   161       1
   162       1
   163       1
   164       1
   165       1
   166       1
   167       1
   168       1
   169       1
   170       1
   171       1
   172       1
   173       1
   174       1
   175       1
   176       1

  charge:      0.000

 Reading esp's for molecule   1
 total number of atoms      =   176
 total number of esp points = 28786


 center     X             Y             Z 
    1   0.2428317E+01   0.5677355E+01   0.1198665E+02
    2   0.1894509E+01   0.5628692E+01   0.9158532E+01
    3   0.3495798E+01   0.6221615E+01   0.7585029E+01
    4   0.4377592E+01   0.5105575E+01   0.1232590E+02
    5   0.2137925E+01   0.7583691E+01   0.1270816E+02
    6   0.1154672E+01   0.4375046E+01   0.1294915E+02
    7  -0.4247216E+00   0.5036543E+01   0.8383552E+01
    8  -0.1064560E+01   0.4769485E+01   0.5728580E+01
    9  -0.1026507E+01   0.7300490E+01   0.4394565E+01
   10  -0.2102647E+01   0.9131407E+01   0.5327211E+01
   11  -0.3737816E+01   0.3662225E+01   0.5508100E+01
   12  -0.4474242E+01   0.3036176E+01   0.2803163E+01
   13  -0.3800003E+01   0.4335912E+01   0.9594989E+00
   14  -0.5664992E+01   0.1027041E+01   0.2408662E+01
   15  -0.1676162E+01   0.4698307E+01   0.9766556E+01
   16   0.1573972E+00   0.3483761E+01   0.4692233E+01
   17  -0.5177651E+01   0.4944426E+01   0.6233339E+01
   18  -0.3820353E+01   0.1820910E+01   0.6404022E+01
   19   0.5202964E+00   0.7620205E+01   0.2430722E+01
   20   0.1049582E+01   0.9759819E+01   0.8007374E+00
   21  -0.1231175E+01   0.1079653E+02  -0.6165118E+00
   22  -0.1887468E+01   0.1301842E+02  -0.5815027E+00
   23   0.3206986E+01   0.9262636E+01  -0.1062650E+01
   24   0.4083509E+01   0.1172530E+02  -0.2282899E+01
   25   0.6124103E+01   0.1120772E+02  -0.4245610E+01
   26   0.7289871E+01   0.1359155E+02  -0.5394344E+01
   27   0.9509729E+01   0.1459032E+02  -0.4053910E+01
   28   0.1373956E+01   0.5997628E+01   0.1853549E+01
   29   0.1704166E+01   0.1115978E+02   0.2163031E+01
   30   0.2551910E+01   0.8060481E+01  -0.2594426E+01
   31   0.4719814E+01   0.8289374E+01  -0.7481047E-01
   32   0.5021457E+01   0.1288429E+02  -0.8592036E+00
   33   0.2590013E+01   0.1286883E+02  -0.3116321E+01
   34   0.5383790E+01   0.1006404E+02  -0.5782633E+01
   35   0.7643628E+01   0.1010127E+02  -0.3421651E+01
   36   0.5940023E+01   0.1509421E+02  -0.5783758E+01
   37   0.7896299E+01   0.1304714E+02  -0.7293607E+01
   38   0.9212758E+01   0.1460839E+02  -0.2158793E+01
   39   0.1100450E+02   0.1343583E+02  -0.4316310E+01
   40   0.1011913E+02   0.1632448E+02  -0.4562303E+01
   41  -0.2728819E+01   0.9188753E+01  -0.1829109E+01
   42  -0.4931773E+01   0.9784988E+01  -0.3362435E+01
   43  -0.7457983E+01   0.9219374E+01  -0.2112579E+01
   44  -0.9365338E+01   0.1008022E+02  -0.3116699E+01
   45  -0.4774224E+01   0.8210009E+01  -0.5780488E+01
   46  -0.4212736E+01   0.5426231E+01  -0.5297378E+01
   47  -0.2032914E+01   0.4679334E+01  -0.4795284E+01
   48  -0.5953801E+01   0.3856073E+01  -0.4994642E+01
   49  -0.1978679E+01   0.7442200E+01  -0.1629894E+01
   50  -0.4801833E+01   0.1174679E+02  -0.3957742E+01
   51  -0.3146774E+01   0.8900967E+01  -0.6822453E+01
   52  -0.6521630E+01   0.8350032E+01  -0.6867803E+01
   53  -0.7498881E+01   0.7885375E+01   0.1796185E-01
   54  -0.9787524E+01   0.7234801E+01   0.1361822E+01
   55  -0.1162361E+02   0.5358407E+01   0.2033326E+00
   56  -0.1389743E+02   0.5736125E+01   0.4484811E+00
   57  -0.5806727E+01   0.7227134E+01   0.5827990E+00
   58  -0.1081329E+02   0.8968020E+01   0.1748352E+01
   59  -0.9372946E+01   0.6576008E+01   0.3278225E+01
   60  -0.1074840E+02   0.3442901E+01  -0.1198294E+01
   61  -0.1216329E+02   0.1200065E+01  -0.1917577E+01
   62  -0.1224271E+02  -0.9015467E+00   0.4201806E-01
   63  -0.1375309E+02  -0.2649989E+01  -0.2853997E+00
   64  -0.1133911E+02   0.1101994E+00  -0.4449853E+01
   65  -0.9064439E+01  -0.1641947E+01  -0.4305835E+01
   66  -0.8944878E+01  -0.3528761E+01  -0.5975200E+01
   67  -0.7216066E+01  -0.1315145E+01  -0.2922612E+01
   68  -0.8903574E+01   0.3308377E+01  -0.1632455E+01
   69  -0.1410820E+02   0.1873739E+01  -0.1947440E+01
   70  -0.1084430E+02   0.1469691E+01  -0.5911414E+01
   71  -0.1290418E+02  -0.1052972E+01  -0.5124387E+01
   72  -0.1045981E+02  -0.3769918E+01  -0.7124585E+01
   73  -0.7446189E+01  -0.4647781E+01  -0.6314206E+01
   74  -0.1069867E+02  -0.9402199E+00   0.2023600E+01
   75  -0.1084758E+02  -0.2837140E+01   0.3990515E+01
   76  -0.9153731E+01  -0.5114373E+01   0.3498106E+01
   77  -0.9878996E+01  -0.7212232E+01   0.4149152E+01
   78  -0.9290794E+01   0.3393986E+00   0.2193953E+01
   79  -0.1278540E+02  -0.3525575E+01   0.4113438E+01
   80  -0.1039157E+02  -0.2027079E+01   0.5815363E+01
   81  -0.6972320E+01  -0.4563847E+01   0.2372810E+01
   82  -0.5172104E+01  -0.6502339E+01   0.1613822E+01
   83  -0.2549866E+01  -0.5378383E+01   0.1419883E+01
   84  -0.2210602E+01  -0.3460404E+01   0.1343935E+00
   85  -0.5863000E+01  -0.7618275E+01  -0.9613471E+00
   86  -0.8101994E+01  -0.9369751E+01  -0.8519282E+00
   87  -0.1049852E+02  -0.8583487E+01  -0.1682502E+01
   88  -0.7626613E+01  -0.1196529E+02  -0.5471021E+00
   89  -0.1247134E+02  -0.1028996E+02  -0.2060741E+01
   90  -0.9526439E+01  -0.1374779E+02  -0.9847797E+00
   91  -0.1194308E+02  -0.1288878E+02  -0.1698790E+01
   92  -0.1389886E+02  -0.1456307E+02  -0.1790880E+01
   93  -0.6378704E+01  -0.2814668E+01   0.1879890E+01
   94  -0.5093216E+01  -0.8034119E+01   0.2996960E+01
   95  -0.4307935E+01  -0.8829771E+01  -0.1545401E+01
   96  -0.6109957E+01  -0.6097295E+01  -0.2320782E+01
   97  -0.1081199E+02  -0.6582105E+01  -0.1983802E+01
   98  -0.5704926E+01  -0.1251791E+02  -0.2199698E+00
   99  -0.1438162E+02  -0.9751270E+01  -0.2524264E+01
  100  -0.8988476E+01  -0.1566529E+02  -0.6051961E+00
  101  -0.1372439E+02  -0.1637293E+02  -0.1724989E+01
  102  -0.5856034E+00  -0.6581806E+01   0.2445419E+01
  103   0.1946811E+01  -0.5566604E+01   0.2634720E+01
  104   0.3611361E+01  -0.7193550E+01   0.9502185E+00
  105   0.3939929E+01  -0.9450648E+01   0.1422899E+01
  106   0.2733959E+01  -0.5726856E+01   0.5416344E+01
  107   0.1771450E+01  -0.3395832E+01   0.6810126E+01
  108   0.5569792E+01  -0.6108792E+01   0.5794650E+01
  109   0.2625542E+01  -0.3097006E+01   0.9537377E+01
  110  -0.9759566E+00  -0.8269552E+01   0.3247547E+01
  111   0.2000581E+01  -0.3646032E+01   0.1932523E+01
  112   0.1618788E+01  -0.7225250E+01   0.6287751E+01
  113  -0.2920609E+00  -0.3457537E+01   0.6704056E+01
  114   0.2354268E+01  -0.1775449E+01   0.5669656E+01
  115   0.6219060E+01  -0.7888000E+01   0.5022625E+01
  116   0.6698421E+01  -0.4493341E+01   0.5192566E+01
  117   0.5891572E+01  -0.6337236E+01   0.7821676E+01
  118   0.1530480E+01  -0.1529548E+01   0.1029112E+02
  119   0.2265252E+01  -0.4869104E+01   0.1054438E+02
  120   0.4658624E+01  -0.2801128E+01   0.9685061E+01
  121   0.4413801E+01  -0.6105202E+01  -0.1180563E+01
  122   0.6306250E+01  -0.7144825E+01  -0.2879799E+01
  123   0.8964253E+01  -0.7190525E+01  -0.1786175E+01
  124   0.9369273E+01  -0.5928046E+01   0.1243553E+00
  125   0.6263366E+01  -0.5645740E+01  -0.5348399E+01
  126   0.7074074E+01  -0.3161997E+01  -0.4856110E+01
  127   0.3932301E+01  -0.4275855E+01  -0.1486201E+01
  128   0.5778784E+01  -0.9115660E+01  -0.3073494E+01
  129   0.4353927E+01  -0.5672527E+01  -0.6138986E+01
  130   0.7652532E+01  -0.6681971E+01  -0.6456459E+01
  131   0.7516570E+01  -0.2698595E+01  -0.6539491E+01
  132   0.1078383E+02  -0.8311036E+01  -0.3135019E+01
  133   0.1343135E+02  -0.7986090E+01  -0.2504280E+01
  134   0.1451490E+02  -0.5320363E+01  -0.2510463E+01
  135   0.1640023E+02  -0.4663668E+01  -0.1317553E+01
  136   0.1507974E+02  -0.9666054E+01  -0.4176865E+01
  137   0.1051277E+02  -0.8759965E+01  -0.4960332E+01
  138   0.1377217E+02  -0.8813871E+01  -0.6605707E+00
  139   0.1672544E+02  -0.1008219E+02  -0.3017494E+01
  140   0.1395709E+02  -0.1128215E+02  -0.4768140E+01
  141   0.1548263E+02  -0.8602930E+01  -0.5882912E+01
  142   0.1328190E+02  -0.3637617E+01  -0.3947944E+01
  143   0.1386241E+02  -0.9614038E+00  -0.3900396E+01
  144   0.1278868E+02   0.5297620E+00  -0.1689181E+01
  145   0.1388641E+02   0.2474127E+01  -0.1049730E+01
  146   0.1304550E+02   0.1617379E+00  -0.6424142E+01
  147   0.1174858E+02  -0.4283414E+01  -0.4884738E+01
  148   0.1591884E+02  -0.9434910E+00  -0.3759026E+01
  149   0.1376553E+02  -0.1236168E+01  -0.7771167E+01
  150   0.1101111E+02   0.2500504E+00  -0.6692338E+01
  151   0.1378042E+02   0.2075339E+01  -0.6563334E+01
  152   0.1081296E+02  -0.4661860E+00  -0.4985740E+00
  153   0.9666266E+01   0.8308388E+00   0.1619015E+01
  154   0.1079799E+02  -0.2974693E+00   0.4007289E+01
  155   0.1063688E+02   0.8743573E+00   0.6005402E+01
  156   0.6788398E+01   0.8045225E+00   0.1525003E+01
  157   0.5666130E+01   0.2010098E+01  -0.8363322E+00
  158   0.2844744E+01   0.1516532E+01  -0.1134493E+01
  159   0.1205517E+01   0.2504155E+01   0.2272981E+00
  160   0.1971946E+01  -0.7294342E-02  -0.2714467E+01
  161   0.9864596E+01  -0.1897927E+01  -0.1321888E+01
  162   0.1013327E+02   0.2850034E+01   0.1496379E+01
  163   0.6072926E+01   0.1721950E+01   0.3227815E+01
  164   0.5986348E+01  -0.1088775E+01   0.1483701E+01
  165   0.6649008E+01   0.1455045E+01  -0.2572112E+01
  166   0.6135965E+01   0.4026195E+01  -0.6992081E+00
  167   0.1199322E+02  -0.2508685E+01   0.3911536E+01
  168   0.1331071E+02  -0.3680105E+01   0.6000320E+01
  169   0.1498160E+02  -0.4659170E+01   0.5294869E+01
  170   0.1388384E+02  -0.2233900E+01   0.7350033E+01
  171   0.1206413E+02  -0.5031626E+01   0.6927429E+01
  172   0.1187109E+02  -0.3487531E+01   0.2267998E+01
  173  -0.2808845E+01   0.7797028E+00  -0.2100272E+01
  174  -0.2472746E+01  -0.3054918E+01  -0.5788599E+01
  175  -0.1500715E+01  -0.2492551E+01  -0.7212625E+01
  176  -0.3518549E+01  -0.4389098E+01  -0.6459839E+01
 ipol imol nesp i matpot     0    128786
 Initial ssvpot =    95.199


 Number of unique UNfrozen centers=   40

 Non-linear optimization requested.
 qchnge =    0.3554577091E-01
 qchnge =    0.5545135220E-03
 qchnge =    0.6132712295E-04
 qchnge =    0.7678656902E-05

 Convergence in    3 iterations
elec_mom    2.5232    5.7640   11.9507
elec_mom    1.9811    5.6956    9.1246
elec_mom    3.5722    6.2944    7.5429
elec_mom    4.4785    5.2114   12.2868
elec_mom    2.2181    7.6715   12.6630
elec_mom    1.2642    4.4556   12.9240
elec_mom   -0.3351    5.0787    8.3600
elec_mom   -0.9807    4.7919    5.7085
elec_mom   -0.9694    7.3160    4.3610
elec_mom   -2.0589    9.1422    5.2873
elec_mom   -3.6447    3.6597    5.5022
elec_mom   -4.3839    3.0128    2.8030
elec_mom   -3.7269    4.3087    0.9504
elec_mom   -5.5579    0.9911    2.4228
elec_mom   -1.5792    4.7367    9.7487
elec_mom    0.2494    3.5116    4.6751
elec_mom   -5.0937    4.9329    6.2252
elec_mom   -3.7081    1.8225    6.4081
elec_mom    0.5685    7.6390    2.3907
elec_mom    1.0736    9.7746    0.7477
elec_mom   -1.2207   10.7834   -0.6678
elec_mom   -1.8966   12.9995   -0.6425
elec_mom    3.2296    9.2867   -1.1198
elec_mom    4.0804   11.7506   -2.3557
elec_mom    6.1194   11.2407   -4.3221
elec_mom    7.2604   13.6287   -5.4870
elec_mom    9.4754   14.6543   -4.1589
elec_mom    1.4348    6.0211    1.8194
elec_mom    1.7199   11.1875    2.1005
elec_mom    2.5805    8.0707   -2.6431
elec_mom    4.7541    8.3322   -0.1315
elec_mom    5.0124   12.9254   -0.9411
elec_mom    2.5742   12.8763   -3.1905
elec_mom    5.3846   10.0824   -5.8507
elec_mom    7.6513   10.1522   -3.4971
elec_mom    5.8960   15.1172   -5.8802
elec_mom    7.8657   13.0796   -7.3853
elec_mom    9.1841   14.6798   -2.2630
elec_mom   10.9795   13.5118   -4.4199
elec_mom   10.0677   16.3911   -4.6783
elec_mom   -2.7076    9.1560   -1.8672
elec_mom   -4.9205    9.7244   -3.3967
elec_mom   -7.4377    9.1430   -2.1360
elec_mom   -9.3558    9.9815   -3.1387
elec_mom   -4.7564    8.1381   -5.8069
elec_mom   -4.1687    5.3620   -5.3109
elec_mom   -1.9807    4.6372   -4.8117
elec_mom   -5.8947    3.7781   -4.9944
elec_mom   -1.9414    7.4172   -1.6611
elec_mom   -4.8099   11.6841   -4.0028
elec_mom   -3.1384    8.8380   -6.8576
elec_mom   -6.5084    8.2568   -6.8895
elec_mom   -7.4602    7.8200    0.0017
elec_mom   -9.7388    7.1563    1.3561
elec_mom  -11.5616    5.2575    0.2133
elec_mom  -13.8380    5.6163    0.4636
elec_mom   -5.7605    7.1799    0.5647
elec_mom  -10.7787    8.8823    1.7367
elec_mom   -9.3124    6.5114    3.2747
elec_mom  -10.6737    3.3424   -1.1809
elec_mom  -12.0708    1.0833   -1.8839
elec_mom  -12.1254   -1.0085    0.0870
elec_mom  -13.6212   -2.7720   -0.2264
elec_mom  -11.2447   -0.0126   -4.4129
elec_mom   -8.9541   -1.7437   -4.2668
elec_mom   -8.8229   -3.6382   -5.9265
elec_mom   -7.1045   -1.3931   -2.8911
elec_mom   -8.8291    3.2220   -1.6201
elec_mom  -14.0217    1.7395   -1.9112
elec_mom  -10.7666    1.3434   -5.8832
elec_mom  -12.8015   -1.1932   -5.0764
elec_mom  -10.3392   -3.8989   -7.0699
elec_mom   -7.3154   -4.7456   -6.2643
elec_mom  -10.5750   -1.0229    2.0639
elec_mom  -10.7009   -2.9106    4.0413
elec_mom   -8.9884   -5.1752    3.5556
elec_mom   -9.6929   -7.2760    4.2200
elec_mom   -9.1780    0.2701    2.2231
elec_mom  -12.6321   -3.6156    4.1740
elec_mom  -10.2465   -2.0868    5.8604
elec_mom   -6.8154   -4.6113    2.4206
elec_mom   -5.0004   -6.5377    1.6662
elec_mom   -2.3889   -5.3915    1.4582
elec_mom   -2.0707   -3.4775    0.1615
elec_mom   -5.6892   -7.6734   -0.9008
elec_mom   -7.9122   -9.4441   -0.7751
elec_mom  -10.3182   -8.6837   -1.6023
elec_mom   -7.4128  -12.0337   -0.4581
elec_mom  -12.2769  -10.4096   -1.9653
elec_mom   -9.2980  -13.8353   -0.8804
elec_mom  -11.7244  -13.0016   -1.5913
elec_mom  -13.6654  -14.6937   -1.6684
elec_mom   -6.2389   -2.8596    1.9166
elec_mom   -4.9036   -8.0614    3.0572
elec_mom   -4.1252   -8.8741   -1.4833
elec_mom   -5.9539   -6.1619   -2.2675
elec_mom  -10.6504   -6.6868   -1.9132
elec_mom   -5.4852  -12.5675   -0.1341
elec_mom  -14.1933   -9.8904   -2.4257
elec_mom   -8.7418  -15.7459   -0.4923
elec_mom  -13.4746  -16.5016   -1.5935
elec_mom   -0.4108   -6.5720    2.4839
elec_mom    2.1131   -5.5333    2.6599
elec_mom    3.7868   -7.1543    0.9788
elec_mom    4.1370   -9.4058    1.4623
elec_mom    2.9102   -5.6718    5.4398
elec_mom    1.9312   -3.3420    6.8243
elec_mom    5.7505   -6.0264    5.8112
elec_mom    2.7911   -3.0211    9.5472
elec_mom   -0.7836   -8.2588    3.2961
elec_mom    2.1475   -3.6161    1.9474
elec_mom    1.8111   -7.1754    6.3226
elec_mom   -0.1320   -3.4226    6.7250
elec_mom    2.4961   -1.7226    5.6734
elec_mom    6.4132   -7.8039    5.0466
elec_mom    6.8628   -4.4042    5.1971
elec_mom    6.0805   -6.2412    7.8384
elec_mom    1.6844   -1.4595   10.2961
elec_mom    2.4497   -4.7910   10.5647
elec_mom    4.8219   -2.7064    9.6870
elec_mom    4.5729   -6.0702   -1.1602
elec_mom    6.4693   -7.1020   -2.8599
elec_mom    9.1310   -7.1182   -1.7744
elec_mom    9.5307   -5.8420    0.1282
elec_mom    6.4055   -5.6164   -5.3362
elec_mom    7.1955   -3.1230   -4.8596
elec_mom    4.0742   -4.2468   -1.4740
elec_mom    5.9589   -9.0784   -3.0415
elec_mom    4.4939   -5.6644   -6.1207
elec_mom    7.8004   -6.6461   -6.4431
elec_mom    7.6287   -2.6646   -6.5468
elec_mom   10.9563   -8.2296   -3.1230
elec_mom   13.6028   -7.8778   -2.5023
elec_mom   14.6625   -5.2026   -2.5259
elec_mom   16.5456   -4.5228   -1.3424
elec_mom   15.2609   -9.5519   -4.1711
elec_mom   10.6836   -8.6906   -4.9450
elec_mom   13.9566   -8.6927   -0.6553
elec_mom   16.9138   -9.9472   -3.0147
elec_mom   14.1509  -11.1810   -4.7503
elec_mom   15.6490   -8.4943   -5.8840
elec_mom   13.4101   -3.5386   -3.9684
elec_mom   13.9669   -0.8571   -3.9368
elec_mom   12.8868    0.6362   -1.7302
elec_mom   13.9691    2.5936   -1.1044
elec_mom   13.1322    0.2453   -6.4639
elec_mom   11.8797   -4.2029   -4.8970
elec_mom   16.0235   -0.8201   -3.8020
elec_mom   13.8605   -1.1532   -7.8058
elec_mom   11.0963    0.3141   -6.7262
elec_mom   13.8496    2.1646   -6.6155
elec_mom   10.9237   -0.3709   -0.5281
elec_mom    9.7720    0.9271    1.5862
elec_mom   10.9211   -0.1784    3.9768
elec_mom   10.7557    1.0025    5.9692
elec_mom    6.8942    0.8747    1.5013
elec_mom    5.7540    2.0576   -0.8628
elec_mom    2.9362    1.5374   -1.1495
elec_mom    1.2924    2.5176    0.2122
elec_mom    2.0721   -0.0025   -2.7187
elec_mom    9.9856   -1.8154   -1.3409
elec_mom   10.2206    2.9497    1.4514
elec_mom    6.1759    1.7947    3.2015
elec_mom    6.1090   -1.0259    1.4725
elec_mom    6.7364    1.5021   -2.5987
elec_mom    6.2062    4.0785   -0.7378
elec_mom   12.1357   -2.3794    3.8890
elec_mom   13.4700   -3.5279    5.9798
elec_mom   15.1474   -4.4958    5.2743
elec_mom   14.0344   -2.0695    7.3201
elec_mom   12.2384   -4.8855    6.9179
elec_mom   12.0172   -3.3680    2.2510
elec_mom   -2.7136    0.7452   -2.0937
elec_mom   -2.3547   -3.1058   -5.7627
elec_mom   -1.3921   -2.5424   -7.1927
elec_mom   -3.3906   -4.4528   -6.4236


Resp charges for organic molecule                                               

          Point Charges Before & After Optimization

    no.  At.no.    q(init)       q(opt)     ivary    d(rstr)/dq
    1   6      -0.626562      -0.661048      0       0.001496
    2   6       0.840284       0.840284    -99       0.001182
    3   8      -0.702861      -0.702861    -99       0.001409
    4   1       0.171553       0.194541      0       0.000000
    5   1       0.189869       0.194541      4       0.000000
    6   1       0.199496       0.194541      4       0.000000
    7   7      -0.848503      -0.848503    -99       0.001170
    8   6       0.476588       0.476588    -99       0.002054
    9   6      -0.026636      -0.026636    -99       0.009663
   10   8      -0.444866      -0.444866    -99       0.002193
   11   6      -0.135266      -0.069611      0       0.008206
   12   6       0.174418       0.174418    -99       0.004974
   13   8      -0.232459      -0.232459    -99       0.003952
   14   8      -0.232459      -0.232459    -99       0.003952
   15   1       0.412126       0.412126    -99       0.000000
   16   1      -0.041704      -0.041704    -99       0.000000
   17   1       0.055395       0.056799      0       0.000000
   18   1       0.065963       0.056799     17       0.000000
   19   7       0.407144       0.407144    -99       0.002385
   20   6      -0.943181      -0.943181    -99       0.001054
   21   6       1.117470       1.117470    -99       0.000891
   22   8      -0.786575      -0.786575    -99       0.001261
   23   6       0.587139       0.703845      0       0.001406
   24   6      -0.353663      -0.758489      0       0.001306
   25   6      -0.041557       0.070233      0       0.008168
   26   6       0.380298       0.430004      0       0.002266
   27   7      -0.299647      -0.299647    -99       0.003166
   28   1      -0.192868      -0.192868    -99       0.000000
   29   1       0.239379       0.239379    -99       0.000000
   30   1      -0.181618      -0.092638      0       0.000000
   31   1      -0.040622      -0.092638     30       0.000000
   32   1       0.103186       0.239241      0       0.000000
   33   1       0.168631       0.239241     32       0.000000
   34   1      -0.006833      -0.007902      0       0.000000
   35   1       0.043435      -0.007902     34       0.000000
   36   1      -0.028586      -0.051243      0       0.000000
   37   1      -0.036997      -0.051243     36       0.000000
   38   1       0.333435       0.333435    -99       0.000000
   39   1       0.333435       0.333435    -99       0.000000
   40   1       0.333435       0.333435    -99       0.000000
   41   7      -1.006585      -1.006585    -99       0.000989
   42   6       0.991814       0.991814    -99       0.001003
   43   6      -0.481350      -0.481350    -99       0.002034
   44   8      -0.381909      -0.381909    -99       0.002533
   45   6      -1.050394      -1.092916      0       0.000911
   46   6       0.954856       0.954856    -99       0.001042
   47   8      -0.850734      -0.850734    -99       0.001167
   48   8      -0.850734      -0.850734    -99       0.001167
   49   1       0.600207       0.600207    -99       0.000000
   50   1      -0.109249      -0.109249    -99       0.000000
   51   1       0.270281       0.289710      0       0.000000
   52   1       0.281079       0.289710     51       0.000000
   53   7       0.254576       0.254576    -99       0.003656
   54   6      -0.575865      -0.593357      0       0.001662
   55   6       0.715159       0.715159    -99       0.001385
   56   8      -0.621423      -0.621423    -99       0.001589
   57   1       0.035899       0.035899    -99       0.000000
   58   1       0.171309       0.215905      0       0.000000
   59   1       0.268503       0.215905     58       0.000000
   60   7      -0.299885      -0.299885    -99       0.003163
   61   6      -0.008189      -0.008189    -99       0.009967
   62   6       0.385410       0.385410    -99       0.002511
   63   8      -0.568464      -0.568464    -99       0.001733
   64   6      -0.196576      -0.191468      0       0.004629
   65   6       0.315309       0.315309    -99       0.003023
   66   7      -0.570237      -0.570237    -99       0.001727
   67   8      -0.295911      -0.295911    -99       0.003202
   68   1       0.182004       0.182004    -99       0.000000
   69   1       0.082947       0.082947    -99       0.000000
   70   1       0.142596       0.131195      0       0.000000
   71   1       0.120767       0.131195     70       0.000000
   72   1       0.332251       0.332251    -99       0.000000
   73   1       0.332251       0.332251    -99       0.000000
   74   7      -0.014680      -0.014680    -99       0.009894
   75   6      -0.219576      -0.142646      0       0.005741
   76   6       0.408314       0.408314    -99       0.002379
   77   8      -0.539775      -0.539775    -99       0.001822
   78   1      -0.006048      -0.006048    -99       0.000000
   79   1       0.103854       0.104444      0       0.000000
   80   1       0.163455       0.104444     79       0.000000
   81   7       0.160337       0.160337    -99       0.005292
   82   6      -0.604827      -0.604827    -99       0.001631
   83   6       1.000738       1.000738    -99       0.000994
   84   8      -0.736249      -0.736249    -99       0.001346
   85   6       0.078342       0.016058      0       0.009874
   86   6      -0.011358      -0.011358    -99       0.009936
   87   6      -0.111082      -0.111082    -99       0.006691
   88   6      -0.111082      -0.111082    -99       0.006691
   89   6      -0.410546      -0.410546    -99       0.002367
   90   6      -0.410546      -0.410546    -99       0.002367
   91   6       0.584480       0.584480    -99       0.001686
   92   8      -0.644578      -0.644578    -99       0.001533
   93   1      -0.285043      -0.285043    -99       0.000000
   94   1       0.220364       0.220364    -99       0.000000
   95   1      -0.015786       0.034521      0       0.000000
   96   1       0.045419       0.034521     95       0.000000
   97   1       0.144174       0.144174    -99       0.000000
   98   1       0.144174       0.144174    -99       0.000000
   99   1       0.193713       0.193713    -99       0.000000
  100   1       0.193713       0.193713    -99       0.000000
  101   1       0.452035       0.452035    -99       0.000000
  102   7      -0.656062      -0.656062    -99       0.001507
  103   6      -0.038118      -0.038118    -99       0.009344
  104   6       0.660650       0.660650    -99       0.001497
  105   8      -0.540533      -0.540533    -99       0.001819
  106   6       0.003771       0.003771    -99       0.009993
  107   6       0.238103       0.275588      0       0.003404
  108   6      -0.133450      -0.069749      0       0.008178
  109   6      -0.303948      -0.281528      0       0.003341
  110   1       0.385508       0.385508    -99       0.000000
  111   1       0.100286       0.100286    -99       0.000000
  112   1       0.053961       0.053961    -99       0.000000
  113   1      -0.032697      -0.060487      0       0.000000
  114   1      -0.030396      -0.060487    113       0.000000
  115   1       0.018306      -0.007429      0       0.000000
  116   1       0.008338      -0.007429    115       0.000000
  117   1       0.034465      -0.007429    115       0.000000
  118   1       0.070553       0.068677      0       0.000000
  119   1       0.077901       0.068677    118       0.000000
  120   1       0.075226       0.068677    118       0.000000
  121   7      -0.260085      -0.260085    -99       0.003589
  122   6      -0.309625      -0.309625    -99       0.003073
  123   6       0.579107       0.579107    -99       0.001702
  124   8      -0.505161      -0.505161    -99       0.001942
  125   6       0.255335       0.183740      0       0.004779
  126   8      -0.726483      -0.726483    -99       0.001364
  127   1       0.269133       0.269133    -99       0.000000
  128   1       0.125339       0.125339    -99       0.000000
  129   1       0.009629       0.007461      0       0.000000
  130   1      -0.055065       0.007461    129       0.000000
  131   1       0.443237       0.443237    -99       0.000000
  132   7      -0.774358      -0.774358    -99       0.001281
  133   6       0.440726       0.440726    -99       0.002213
  134   6       0.192889       0.192889    -99       0.004603
  135   8      -0.554779      -0.554779    -99       0.001774
  136   6      -0.328280      -0.359638      0       0.002679
  137   1       0.466138       0.466138    -99       0.000000
  138   1       0.001343       0.001343    -99       0.000000
  139   1       0.065952       0.108008      0       0.000000
  140   1       0.137050       0.108008    139       0.000000
  141   1       0.100697       0.108008    139       0.000000
  142   7      -0.274226      -0.274226    -99       0.003426
  143   6       0.226360       0.226360    -99       0.004041
  144   6       0.041576       0.041576    -99       0.009234
  145   8      -0.450019      -0.450019    -99       0.002169
  146   6      -0.253475      -0.285418      0       0.003307
  147   1       0.298346       0.298346    -99       0.000000
  148   1       0.017971       0.017971    -99       0.000000
  149   1       0.055103       0.081479      0       0.000000
  150   1       0.099004       0.081479    149       0.000000
  151   1       0.082446       0.081479    149       0.000000
  152   7       0.231649       0.231649    -99       0.003963
  153   6      -0.400383      -0.400383    -99       0.002423
  154   6       0.548704       0.548704    -99       0.001793
  155   8      -0.620185      -0.620185    -99       0.001592
  156   6       0.573476       0.799526      0       0.001241
  157   6      -0.665792      -1.009054      0       0.000986
  158   6       0.820577       0.820577    -99       0.001210
  159   8      -0.795835      -0.795835    -99       0.001247
  160   8      -0.795835      -0.795835    -99       0.001247
  161   1       0.784610       0.784610    -99       0.000000
  162   1       0.208787       0.208787    -99       0.000000
  163   1      -0.152229      -0.250595      0       0.000000
  164   1      -0.348402      -0.250595    163       0.000000
  165   1       0.103247       0.233518      0       0.000000
  166   1       0.174765       0.233518    165       0.000000
  167   7      -0.250424      -0.250424    -99       0.003708
  168   6       0.043163      -0.089783      0       0.007441
  169   1       0.047436       0.061426      0       0.000000
  170   1       0.025527       0.061426    169       0.000000
  171   1       0.001604       0.061426    169       0.000000
  172   1       0.014882       0.014882    -99       0.000000
  173  20       2.393305       2.393305    -99       0.000417
  174   8      -0.923235      -0.923235    -99       0.001077
  175   1       0.401018       0.401018    -99       0.000000
  176   1       0.401018       0.401018    -99       0.000000

 Sum over the calculated charges:     -0.000

        Statistics of the fitting:
  The initial sum of squares (ssvpot)                     95.199
  The residual sum of squares (chipot)                     0.196
  The std err of estimate (sqrt(chipot/N))               0.00261
  ESP relative RMS (SQRT(chipot/ssvpot))                 0.04533

 Center of Mass (Angst.):

 X  =  -0.05746      Y  =  -0.00038      Z  =  -0.00118

 Dipole (Debye):

 X  =  34.33461      Y  =  -0.80600      Z  = -27.61450

 Dipole Moment (Debye)=  44.06899

 Quadrupole (Debye*Angst.):

 Qxx =-453.81182     QYY = 329.65111     QZZ = 124.16071
 Qxy = 688.79853     QXZ =-375.61202     QYZ = -75.40325



 Dipole (Debye) (wrt. Center of Mass and rotated along the principal axes of moment of inertia):

 X  =  34.25500      Y  =  -0.64726      Z  = -27.71736

 Dipole Moment (Debye)=  44.06899

 Quadrupole (Debye*Angst.) (wrt. Center of Mass and rotated along the principal axes of moment of inertia):

 Qxx =-460.40555     QYY = 337.11565     QZZ = 123.28990
 Qxy = 679.45029     QXZ =-381.38658     QYZ = -82.06827
