
 -----------------------------------------------
    Iterated - Restrained ESP Fit 3.1  Amber 15 
 -----------------------------------------------
 Resp charges for organic molecule                                               
 -----------------------------------------------


 inopt       =     0   ioutopt     =     1
 nmol        =     1   iqopt       =     2
 ihfree      =     1   irstrnt     =     1
 iunits      =     0   qwt         =   0.00100000

 wtmol(1) =     1.000000
 subtitle:

Resp charges for organic molecule                                               
ich =   0  iuniq = 176
    1    6    0
    2    6  -99
    3    8  -99
    4    1    0
    5    1    4
    6    1    4
    7    7  -99
    8    6  -99
    9    6  -99
   10    8  -99
   11    6    0
   12    6  -99
   13    8  -99
   14    8  -99
   15    1  -99
   16    1  -99
   17    1    0
   18    1   17
   19    7  -99
   20    6  -99
   21    6  -99
   22    8  -99
   23    6    0
   24    6    0
   25    6    0
   26    6    0
   27    7  -99
   28    1  -99
   29    1  -99
   30    1    0
   31    1   30
   32    1    0
   33    1   32
   34    1    0
   35    1   34
   36    1    0
   37    1   36
   38    1  -99
   39    1  -99
   40    1  -99
   41    7  -99
   42    6  -99
   43    6  -99
   44    8  -99
   45    6    0
   46    6  -99
   47    8  -99
   48    8  -99
   49    1  -99
   50    1  -99
   51    1    0
   52    1   51
   53    7  -99
   54    6    0
   55    6  -99
   56    8  -99
   57    1  -99
   58    1    0
   59    1   58
   60    7  -99
   61    6  -99
   62    6  -99
   63    8  -99
   64    6    0
   65    6  -99
   66    7  -99
   67    8  -99
   68    1  -99
   69    1  -99
   70    1    0
   71    1   70
   72    1  -99
   73    1  -99
   74    7  -99
   75    6    0
   76    6  -99
   77    8  -99
   78    1  -99
   79    1    0
   80    1   79
   81    7  -99
   82    6  -99
   83    6  -99
   84    8  -99
   85    6    0
   86    6  -99
   87    6  -99
   88    6  -99
   89    6  -99
   90    6  -99
   91    6  -99
   92    8  -99
   93    1  -99
   94    1  -99
   95    1    0
   96    1   95
   97    1  -99
   98    1  -99
   99    1  -99
  100    1  -99
  101    1  -99
  102    7  -99
  103    6  -99
  104    6  -99
  105    8  -99
  106    6  -99
  107    6    0
  108    6    0
  109    6    0
  110    1  -99
  111    1  -99
  112    1  -99
  113    1    0
  114    1  113
  115    1    0
  116    1  115
  117    1  115
  118    1    0
  119    1  118
  120    1  118
  121    7  -99
  122    6  -99
  123    6  -99
  124    8  -99
  125    6    0
  126    8  -99
  127    1  -99
  128    1  -99
  129    1    0
  130    1  129
  131    1  -99
  132    7  -99
  133    6  -99
  134    6  -99
  135    8  -99
  136    6    0
  137    1  -99
  138    1  -99
  139    1    0
  140    1  139
  141    1  139
  142    7  -99
  143    6  -99
  144    6  -99
  145    8  -99
  146    6    0
  147    1  -99
  148    1  -99
  149    1    0
  150    1  149
  151    1  149
  152    7  -99
  153    6  -99
  154    6  -99
  155    8  -99
  156    6    0
  157    6    0
  158    6  -99
  159    8  -99
  160    8  -99
  161    1  -99
  162    1  -99
  163    1    0
  164    1  163
  165    1    0
  166    1  165
  167    7  -99
  168    6    0
  169    1    0
  170    1  169
  171    1  169
  172    1  -99
  173   20  -99
  174    8  -99
  175    1  -99
  176    1  -99
 new q0 values to be read 176

 Charge on the molecule(ich) =    0
 Total number of atoms (iuniq)     =  176
 Weight factor on initial charge restraints(qwt)=     0.10000D-02


  there are   1 charge constraints:


     1       1
     2       1
     3       1
     4       1
     5       1
     6       1
     7       1
     8       1
     9       1
    10       1
    11       1
    12       1
    13       1
    14       1
    15       1
    16       1
    17       1
    18       1
    19       1
    20       1
    21       1
    22       1
    23       1
    24       1
    25       1
    26       1
    27       1
    28       1
    29       1
    30       1
    31       1
    32       1
    33       1
    34       1
    35       1
    36       1
    37       1
    38       1
    39       1
    40       1
    41       1
    42       1
    43       1
    44       1
    45       1
    46       1
    47       1
    48       1
    49       1
    50       1
    51       1
    52       1
    53       1
    54       1
    55       1
    56       1
    57       1
    58       1
    59       1
    60       1
    61       1
    62       1
    63       1
    64       1
    65       1
    66       1
    67       1
    68       1
    69       1
    70       1
    71       1
    72       1
    73       1
    74       1
    75       1
    76       1
    77       1
    78       1
    79       1
    80       1
    81       1
    82       1
    83       1
    84       1
    85       1
    86       1
    87       1
    88       1
    89       1
    90       1
    91       1
    92       1
    93       1
    94       1
    95       1
    96       1
    97       1
    98       1
    99       1
   100       1
   101       1
   102       1
   103       1
   104       1
   105       1
   106       1
   107       1
   108       1
   109       1
   110       1
   111       1
   112       1
   113       1
   114       1
   115       1
   116       1
   117       1
   118       1
   119       1
   120       1
   121       1
   122       1
   123       1
   124       1
   125       1
   126       1
   127       1
   128       1
   129       1
   130       1
   131       1
   132       1
   133       1
   134       1
   135       1
   136       1
   137       1
   138       1
   139       1
   140       1
   141       1
   142       1
   143       1
   144       1
   145       1
   146       1
   147       1
   148       1
   149       1
   150       1
   151       1
   152       1
   153       1
   154       1
   155       1
   156       1
   157       1
   158       1
   159       1
   160       1
   161       1
   162       1
   163       1
   164       1
   165       1
   166       1
   167       1
   168       1
   169       1
   170       1
   171       1
   172       1
   173       1
   174       1
   175       1
   176       1

  charge:      0.000

 Reading esp's for molecule   1
 total number of atoms      =   176
 total number of esp points = 27409


 center     X             Y             Z 
    1   0.3687751E+01   0.4387723E+01   0.1102641E+02
    2   0.2974814E+01   0.4405471E+01   0.8245439E+01
    3   0.4354152E+01   0.3392274E+01   0.6673036E+01
    4   0.3386055E+01   0.2502409E+01   0.1179809E+02
    5   0.5672428E+01   0.4903678E+01   0.1123076E+02
    6   0.2517329E+01   0.5742480E+01   0.1204536E+02
    7   0.7329057E+00   0.5361039E+01   0.7588270E+01
    8  -0.2884138E+00   0.5467359E+01   0.5055659E+01
    9   0.3894158E-01   0.8005977E+01   0.3768805E+01
   10  -0.7486698E+00   0.9935045E+01   0.4803190E+01
   11  -0.3027951E+01   0.4539453E+01   0.5280527E+01
   12  -0.4253250E+01   0.4398581E+01   0.2676255E+01
   13  -0.4199376E+01   0.2377634E+01   0.1470991E+01
   14  -0.5436468E+01   0.6223831E+01   0.1791237E+01
   15  -0.2810986E+00   0.6234251E+01   0.8952481E+01
   16   0.8260692E+00   0.4101129E+01   0.3984856E+01
   17  -0.4087101E+01   0.5855068E+01   0.6448155E+01
   18  -0.3174513E+01   0.2656135E+01   0.6109548E+01
   19   0.7452494E+00   0.7795184E+01   0.1359231E+01
   20   0.1360788E+01   0.1000453E+02  -0.1353516E+00
   21  -0.2257089E-01   0.1045282E+02  -0.2632681E+01
   22   0.3194979E+00   0.1236293E+02  -0.3891362E+01
   23   0.4221824E+01   0.9914805E+01  -0.4747823E+00
   24   0.5907894E+01   0.9978532E+01   0.1866412E+01
   25   0.8644860E+01   0.9500592E+01   0.1081449E+01
   26   0.1064788E+02   0.9868331E+01   0.3131193E+01
   27   0.1321858E+02   0.9991374E+01   0.2062033E+01
   28   0.1067863E+01   0.6000171E+01   0.7823730E+00
   29   0.1016937E+01   0.1164555E+02   0.1048086E+01
   30   0.4925289E+01   0.1136056E+02  -0.1773345E+01
   31   0.4640528E+01   0.8205765E+01  -0.1566896E+01
   32   0.5300819E+01   0.8404577E+01   0.3068692E+01
   33   0.5687144E+01   0.1186459E+02   0.2646565E+01
   34   0.8936433E+01   0.1070971E+02  -0.5406393E+00
   35   0.8802429E+01   0.7666386E+01   0.1727191E+00
   36   0.1050418E+02   0.8260368E+01   0.4397578E+01
   37   0.1021866E+02   0.1143114E+02   0.4388924E+01
   38   0.1332959E+02   0.9111862E+01   0.3696625E+00
   39   0.1331679E+02   0.1180445E+02   0.1478412E+01
   40   0.1469106E+02   0.9650662E+01   0.3236912E+01
   41  -0.1774292E+01   0.8742910E+01  -0.3244661E+01
   42  -0.3067403E+01   0.8752780E+01  -0.5657618E+01
   43  -0.5926228E+01   0.8828365E+01  -0.5330532E+01
   44  -0.7393570E+01   0.9367512E+01  -0.7050050E+01
   45  -0.2292901E+01   0.6535092E+01  -0.7318542E+01
   46  -0.2537133E+01   0.3953105E+01  -0.6053917E+01
   47  -0.5299736E+00   0.2809801E+01  -0.5570959E+01
   48  -0.4636962E+01   0.3124052E+01  -0.5364743E+01
   49  -0.1953786E+01   0.7236020E+01  -0.2100461E+01
   50  -0.2470790E+01   0.1038408E+02  -0.6753864E+01
   51  -0.3232811E+00   0.6832813E+01  -0.7827487E+01
   52  -0.3429150E+01   0.6248840E+01  -0.9017005E+01
   53  -0.6885321E+01   0.8460868E+01  -0.3027162E+01
   54  -0.9461544E+01   0.8664224E+01  -0.2101404E+01
   55  -0.1106779E+02   0.6293082E+01  -0.1987774E+01
   56  -0.1320418E+02   0.6466132E+01  -0.1093167E+01
   57  -0.5629275E+01   0.8040950E+01  -0.1655666E+01
   58  -0.1032660E+02   0.1008545E+02  -0.3305686E+01
   59  -0.9333514E+01   0.9296035E+01  -0.1403386E+00
   60  -0.1020744E+02   0.3999469E+01  -0.2649422E+01
   61  -0.1164660E+02   0.1692609E+01  -0.2405889E+01
   62  -0.1152521E+02   0.4534038E+00   0.1926424E+00
   63  -0.1288836E+02  -0.1334661E+01   0.7524568E+00
   64  -0.1121854E+02  -0.4202184E-01  -0.4682204E+01
   65  -0.8948440E+01  -0.1781537E+01  -0.4366123E+01
   66  -0.8692828E+01  -0.3776128E+01  -0.5912631E+01
   67  -0.7311567E+01  -0.1524079E+01  -0.2747518E+01
   68  -0.8530333E+01   0.4077711E+01  -0.3566962E+01
   69  -0.1357925E+02   0.2264234E+01  -0.2828258E+01
   70  -0.1105379E+02   0.1109188E+01  -0.6376417E+01
   71  -0.1274456E+02  -0.1437033E+01  -0.4775396E+01
   72  -0.9923747E+01  -0.4177785E+01  -0.7322265E+01
   73  -0.7139751E+01  -0.4848232E+01  -0.5708316E+01
   74  -0.9644211E+01   0.1207231E+01   0.1691477E+01
   75  -0.9184318E+01   0.3789732E+00   0.4256060E+01
   76  -0.7500765E+01  -0.1942259E+01   0.4525794E+01
   77  -0.6172663E+01  -0.2235606E+01   0.6401744E+01
   78  -0.8363534E+01   0.2479687E+01   0.1042035E+01
   79  -0.1092484E+02   0.3553346E+00   0.5360091E+01
   80  -0.7863069E+01   0.1777858E+01   0.4973587E+01
   81  -0.7457998E+01  -0.3613243E+01   0.2628341E+01
   82  -0.6110206E+01  -0.5994375E+01   0.2675068E+01
   83  -0.3341778E+01  -0.5524455E+01   0.2054123E+01
   84  -0.2981591E+01  -0.4550031E+01  -0.1016673E-01
   85  -0.7271051E+01  -0.7855761E+01   0.8090049E+00
   86  -0.1008448E+02  -0.8157473E+01   0.9977451E+00
   87  -0.1117205E+02  -0.9368254E+01  -0.1108570E+01
   88  -0.1152166E+02  -0.7862456E+01   0.3208834E+01
   89  -0.1368626E+02  -0.1013778E+02  -0.1169412E+01
   90  -0.1406866E+02  -0.8529756E+01   0.3227550E+01
   91  -0.1512275E+02  -0.9584668E+01   0.1006553E+01
   92  -0.1767851E+02  -0.9923975E+01   0.9951921E+00
   93  -0.8617632E+01  -0.3253660E+01   0.1140699E+01
   94  -0.6383356E+01  -0.6755663E+01   0.4568677E+01
   95  -0.6411476E+01  -0.9663337E+01   0.1268600E+01
   96  -0.6743529E+01  -0.7334059E+01  -0.1111794E+01
   97  -0.9959124E+01  -0.9506272E+01  -0.2729547E+01
   98  -0.1076186E+02  -0.6987005E+01   0.4888273E+01
   99  -0.1442877E+02  -0.1108436E+02  -0.2822147E+01
  100  -0.1513308E+02  -0.8568953E+01   0.4962392E+01
  101  -0.1847761E+02  -0.9281423E+01   0.2488518E+01
  102  -0.1675202E+01  -0.6223932E+01   0.3819393E+01
  103   0.9847343E+00  -0.5635529E+01   0.3477291E+01
  104   0.1982942E+01  -0.7111936E+01   0.1238804E+01
  105   0.1175929E+01  -0.9284995E+01   0.1095130E+01
  106   0.2511718E+01  -0.5744398E+01   0.5929820E+01
  107   0.9041507E+00  -0.4452185E+01   0.7951855E+01
  108   0.5228503E+01  -0.4797493E+01   0.5823778E+01
  109   0.1938027E+00  -0.1678787E+01   0.7627873E+01
  110  -0.2432746E+01  -0.7442176E+01   0.5050189E+01
  111   0.1107546E+01  -0.3677896E+01   0.2848220E+01
  112   0.2631476E+01  -0.7750501E+01   0.6339606E+01
  113   0.2055770E+01  -0.4604200E+01   0.9663229E+01
  114  -0.8058075E+00  -0.5480243E+01   0.8446971E+01
  115   0.6237753E+01  -0.5112030E+01   0.7609006E+01
  116   0.6200399E+01  -0.5840638E+01   0.4328414E+01
  117   0.5349491E+01  -0.2768449E+01   0.5546576E+01
  118   0.1841391E+01  -0.5157213E+00   0.7198407E+01
  119  -0.1419112E+01  -0.1065596E+01   0.6520785E+01
  120  -0.4580715E+00  -0.7089950E+00   0.9322462E+01
  121   0.3587940E+01  -0.6032525E+01  -0.3755282E+00
  122   0.4810817E+01  -0.7373686E+01  -0.2439353E+01
  123   0.7655637E+01  -0.7659016E+01  -0.2152566E+01
  124   0.8625599E+01  -0.6672530E+01  -0.2733281E+00
  125   0.4114502E+01  -0.6186731E+01  -0.4965306E+01
  126   0.4881982E+01  -0.3626224E+01  -0.4954257E+01
  127   0.3851753E+01  -0.4162210E+01  -0.9812591E-01
  128   0.4104521E+01  -0.9293300E+01  -0.2508095E+01
  129   0.2084477E+01  -0.6112946E+01  -0.5326724E+01
  130   0.5064048E+01  -0.7252853E+01  -0.6467287E+01
  131   0.3857173E+01  -0.2617216E+01  -0.3863265E+01
  132   0.8927430E+01  -0.8911880E+01  -0.3932637E+01
  133   0.1164808E+02  -0.9175512E+01  -0.3895485E+01
  134   0.1304557E+02  -0.6678477E+01  -0.3525261E+01
  135   0.1480344E+02  -0.6404654E+01  -0.2048387E+01
  136   0.1253571E+02  -0.1027925E+02  -0.6407065E+01
  137   0.7967535E+01  -0.9746626E+01  -0.5347356E+01
  138   0.1215967E+02  -0.1044428E+02  -0.2350498E+01
  139   0.1137659E+02  -0.1195076E+02  -0.6725391E+01
  140   0.1213967E+02  -0.8978377E+01  -0.7968115E+01
  141   0.1455205E+02  -0.1056045E+02  -0.6736367E+01
  142   0.1228899E+02  -0.4694376E+01  -0.4891930E+01
  143   0.1314848E+02  -0.2098070E+01  -0.4992203E+01
  144   0.1258696E+02  -0.3789316E+00  -0.2750987E+01
  145   0.1392386E+02   0.1463871E+01  -0.2278747E+01
  146   0.1204532E+02  -0.9544023E+00  -0.7396798E+01
  147   0.1113116E+02  -0.5056170E+01  -0.6363063E+01
  148   0.1516861E+02  -0.1780710E+01  -0.5254196E+01
  149   0.1309599E+02  -0.1809059E+01  -0.8949291E+01
  150   0.1005315E+02  -0.1470849E+01  -0.7509342E+01
  151   0.1216852E+02   0.1060505E+01  -0.7686341E+01
  152   0.1071636E+02  -0.1108848E+01  -0.1237378E+01
  153   0.1005752E+02   0.3160283E+00   0.1005208E+01
  154   0.1096136E+02  -0.9387478E+00   0.3443497E+01
  155   0.1167742E+02   0.4489233E+00   0.5164897E+01
  156   0.7190870E+01   0.4607095E+00   0.1280681E+01
  157   0.5909644E+01   0.1981480E+01  -0.8065804E+00
  158   0.3104183E+01   0.1336478E+01  -0.8018504E+00
  159   0.1350056E+01   0.2807437E+01  -0.2549373E+00
  160   0.2397238E+01  -0.8726282E+00  -0.1320301E+01
  161   0.9571037E+01  -0.2500005E+01  -0.1874372E+01
  162   0.1057785E+02   0.2311148E+01   0.9541453E+00
  163   0.6784143E+01   0.1357307E+01   0.3103030E+01
  164   0.6269202E+01  -0.1389850E+01   0.1267847E+01
  165   0.6630376E+01   0.1690568E+01  -0.2716736E+01
  166   0.5988302E+01   0.4010456E+01  -0.4547607E+00
  167   0.1115126E+02  -0.3451783E+01   0.3433863E+01
  168   0.1218288E+02  -0.5006803E+01   0.5457769E+01
  169   0.1102437E+02  -0.6695532E+01   0.5682958E+01
  170   0.1411149E+02  -0.5555392E+01   0.4987928E+01
  171   0.1218275E+02  -0.3935742E+01   0.7216779E+01
  172   0.1055289E+02  -0.4343718E+01   0.1860095E+01
  173  -0.2447452E+01  -0.4538366E-01  -0.2238929E+01
  174  -0.1367341E+01  -0.2789030E+01  -0.6020206E+01
  175  -0.7421030E+00  -0.2597147E+01  -0.7719300E+01
  176  -0.2416111E+01  -0.4248355E+01  -0.6098888E+01
 ipol imol nesp i matpot     0    127409
 Initial ssvpot =    63.048


 Number of unique UNfrozen centers=   40

 Non-linear optimization requested.
 qchnge =    0.3175838691E-01
 qchnge =    0.4756013951E-03
 qchnge =    0.5203085734E-04
 qchnge =    0.7696198769E-05

 Convergence in    3 iterations
elec_mom    3.7489    4.2972   11.0989
elec_mom    3.0344    4.3379    8.3186
elec_mom    4.4232    3.3560    6.7347
elec_mom    3.4668    2.4006   11.8502
elec_mom    5.7284    4.8311   11.3081
elec_mom    2.5653    5.6288   12.1330
elec_mom    0.7826    5.2777    7.6727
elec_mom   -0.2411    5.4012    5.1418
elec_mom    0.0598    7.9568    3.8826
elec_mom   -0.7469    9.8664    4.9382
elec_mom   -2.9709    4.4430    5.3577
elec_mom   -4.1960    4.3180    2.7525
elec_mom   -4.1222    2.3110    1.5253
elec_mom   -5.3982    6.1406    1.8879
elec_mom   -0.2396    6.1257    9.0468
elec_mom    0.8867    4.0581    4.0558
elec_mom   -4.0428    5.7350    6.5400
elec_mom   -3.0979    2.5494    6.1663
elec_mom    0.7670    7.7795    1.4705
elec_mom    1.3592   10.0111   -0.0002
elec_mom   -0.0299   10.4724   -2.4919
elec_mom    0.2921   12.3994   -3.7299
elec_mom    4.2209    9.9542   -0.3417
elec_mom    5.9074   10.0096    1.9994
elec_mom    8.6487    9.5681    1.2082
elec_mom   10.6489    9.9339    3.2610
elec_mom   13.2177   10.0947    2.1922
elec_mom    1.1076    5.9942    0.8741
elec_mom    0.9993   11.6355    1.2012
elec_mom    4.9089   11.4211   -1.6247
elec_mom    4.6564    8.2615   -1.4525
elec_mom    5.3170    8.4166    3.1847
elec_mom    5.6679   11.8847    2.8001
elec_mom    8.9271   10.7977   -0.4008
elec_mom    8.8245    7.7456    0.2795
elec_mom   10.5222    8.3109    4.5099
elec_mom   10.2044   11.4785    4.5358
elec_mom   13.3368    9.2349    0.4903
elec_mom   13.2971   11.9150    1.6283
elec_mom   14.6942    9.7563    3.3627
elec_mom   -1.7644    8.7515   -3.1218
elec_mom   -3.0588    8.7744   -5.5339
elec_mom   -5.9181    8.8173   -5.2049
elec_mom   -7.3917    9.3602   -6.9179
elec_mom   -2.2626    6.5829   -7.2192
elec_mom   -2.4799    3.9850   -5.9826
elec_mom   -0.4610    2.8570   -5.5130
elec_mom   -4.5708    3.1272   -5.3017
elec_mom   -1.9280    7.2305   -1.9939
elec_mom   -2.4794   10.4235   -6.6126
elec_mom   -0.2964    6.9062   -7.7257
elec_mom   -3.3968    6.3036   -8.9202
elec_mom   -6.8722    8.4151   -2.9053
elec_mom   -9.4499    8.5821   -1.9763
elec_mom  -11.0319    6.1936   -1.8879
elec_mom  -13.1694    6.3352   -0.9906
elec_mom   -5.6112    7.9931   -1.5389
elec_mom  -10.3300   10.0075   -3.1648
elec_mom   -9.3273    9.1938   -0.0086
elec_mom  -10.1486    3.9162   -2.5748
elec_mom  -11.5640    1.5923   -2.3558
elec_mom  -11.4287    0.3263    0.2291
elec_mom  -12.7733   -1.4816    0.7699
elec_mom  -11.1195   -0.1130   -4.6510
elec_mom   -8.8317   -1.8326   -4.3548
elec_mom   -8.5566   -3.8076   -5.9230
elec_mom   -7.1967   -1.5761   -2.7341
elec_mom   -8.4728    4.0215   -3.4921
elec_mom  -13.5026    2.1488   -2.7711
elec_mom  -10.9674    1.0582   -6.3327
elec_mom  -12.6313   -1.5224   -4.7587
elec_mom   -9.7841   -4.2064   -7.3364
elec_mom   -6.9926   -4.8660   -5.7310
elec_mom   -9.5547    1.0829    1.7353
elec_mom   -9.0851    0.2315    4.2905
elec_mom   -7.3779   -2.0753    4.5343
elec_mom   -6.0459   -2.3755    6.4064
elec_mom   -8.2874    2.3753    1.0992
elec_mom  -10.8248    0.1781    5.3949
elec_mom   -7.7778    1.6359    5.0227
elec_mom   -7.3191   -3.7250    2.6188
elec_mom   -5.9471   -6.0927    2.6391
elec_mom   -3.1839   -5.5879    2.0221
elec_mom   -2.8347   -4.5874   -0.0316
elec_mom   -7.0899   -7.9454    0.7533
elec_mom   -9.9000   -8.2778    0.9399
elec_mom  -10.9763   -9.4766   -1.1790
elec_mom  -11.3390   -8.0214    3.1546
elec_mom  -13.4826  -10.2709   -1.2472
elec_mom  -13.8791   -8.7148    3.1671
elec_mom  -14.9235   -9.7562    0.9352
elec_mom  -17.4757  -10.1213    0.9212
elec_mom   -8.4831   -3.3611    1.1356
elec_mom   -6.2116   -6.8772    4.5244
elec_mom   -6.2118   -9.7490    1.1929
elec_mom   -6.5687   -7.3975   -1.1619
elec_mom   -9.7629   -9.5846   -2.8019
elec_mom  -10.5873   -7.1566    4.8432
elec_mom  -14.2163  -11.2070   -2.9099
elec_mom  -14.9422   -8.7837    4.9018
elec_mom  -18.2805   -9.5032    2.4217
elec_mom   -1.5094   -6.2895    3.7790
elec_mom    1.1442   -5.6704    3.4423
elec_mom    2.1562   -7.1121    1.1875
elec_mom    1.3713   -9.2916    1.0205
elec_mom    2.6735   -5.7903    5.8929
elec_mom    1.0539   -4.5366    7.9295
elec_mom    5.3804   -4.8147    5.7961
elec_mom    0.3152   -1.7672    7.6360
elec_mom   -2.2539   -7.5287    4.9968
elec_mom    1.2468   -3.7049    2.8345
elec_mom    2.8138   -7.7995    6.2808
elec_mom    2.2078   -4.6955    9.6387
elec_mom   -0.6453   -5.5874    8.4141
elec_mom    6.3937   -5.1384    7.5774
elec_mom    6.3621   -5.8316    4.2890
elec_mom    5.4806   -2.7817    5.5409
elec_mom    1.9506   -0.5829    7.2185
elec_mom   -1.3045   -1.1585    6.5363
elec_mom   -0.3457   -0.8226    9.3413
elec_mom    3.7493   -5.9989   -0.4157
elec_mom    4.9848   -7.3050   -2.4944
elec_mom    7.8325   -7.5645   -2.2119
elec_mom    8.7933   -6.5887   -0.3224
elec_mom    4.2751   -6.0978   -5.0071
elec_mom    5.0165   -3.5299   -4.9685
elec_mom    3.9943   -4.1291   -0.1180
elec_mom    4.2980   -9.2309   -2.5838
elec_mom    2.2443   -6.0408   -5.3668
elec_mom    5.2347   -7.1379   -6.5209
elec_mom    3.9820   -2.5433   -3.8661
elec_mom    9.1160   -8.7849   -4.0060
elec_mom   11.8392   -9.0212   -3.9728
elec_mom   13.2114   -6.5143   -3.5760
elec_mom   14.9672   -6.2386   -2.0969
elec_mom   12.7368  -10.0885   -6.4966
elec_mom    8.1640   -9.6140   -5.4293
elec_mom   12.3645  -10.3015   -2.4419
elec_mom   11.5946  -11.7682   -6.8326
elec_mom   12.3267   -8.7748   -8.0433
elec_mom   14.7557  -10.3456   -6.8298
elec_mom   12.4340   -4.5232   -4.9207
elec_mom   13.2670   -1.9174   -4.9931
elec_mom   12.6892   -0.2285   -2.7331
elec_mom   14.0075    1.6226   -2.2414
elec_mom   12.1510   -0.7589   -7.3847
elec_mom   11.2792   -4.8808   -6.3952
elec_mom   15.2837   -1.5766   -5.2524
elec_mom   13.2095   -1.5859   -8.9468
elec_mom   10.1642   -1.2944   -7.5020
elec_mom   12.2536    1.2602   -7.6523
elec_mom   10.8269   -0.9939   -1.2267
elec_mom   10.1547    0.3998    1.0315
elec_mom   11.0725   -0.8722    3.4556
elec_mom   11.7753    0.5039    5.1917
elec_mom    7.2869    0.5123    1.3096
elec_mom    5.9892    2.0425   -0.7604
elec_mom    3.1904    1.3690   -0.7616
elec_mom    1.4217    2.8160   -0.1980
elec_mom    2.5057   -0.8414   -1.3038
elec_mom    9.6954   -2.3896   -1.8784
elec_mom   10.6547    2.4005    1.0019
elec_mom    6.8720    1.3848    3.1418
elec_mom    6.3841   -1.3473    1.2770
elec_mom    6.7118    1.7797   -2.6739
elec_mom    6.0474    4.0682   -0.3866
elec_mom   11.2880   -3.3829    3.4186
elec_mom   12.3364   -4.9492    5.4250
elec_mom   11.1952   -6.6520    5.6323
elec_mom   14.2702   -5.4730    4.9485
elec_mom   12.3262   -3.8974    7.1956
elec_mom   10.6979   -4.2637    1.8354
elec_mom   -2.3476   -0.0536   -2.2114
elec_mom   -1.2416   -2.7449   -6.0227
elec_mom   -0.6192   -2.5282   -7.7199
elec_mom   -2.2755   -4.2138   -6.1169


Resp charges for organic molecule                                               

          Point Charges Before & After Optimization

    no.  At.no.    q(init)       q(opt)     ivary    d(rstr)/dq
    1   6      -0.563925      -0.573873      0       0.001717
    2   6       0.612797       0.612797    -99       0.001611
    3   8      -0.551056      -0.551056    -99       0.001786
    4   1       0.188269       0.179840      0       0.000000
    5   1       0.178008       0.179840      4       0.000000
    6   1       0.162887       0.179840      4       0.000000
    7   7      -0.428919      -0.428919    -99       0.002271
    8   6       0.181109       0.181109    -99       0.004834
    9   6       0.088255       0.088255    -99       0.007498
   10   8      -0.427480      -0.427480    -99       0.002278
   11   6      -0.338383      -0.367431      0       0.002626
   12   6       0.565434       0.565434    -99       0.001742
   13   8      -0.732705      -0.732705    -99       0.001352
   14   8      -0.732705      -0.732705    -99       0.001352
   15   1       0.338730       0.338730    -99       0.000000
   16   1      -0.139177      -0.139177    -99       0.000000
   17   1       0.145388       0.145649      0       0.000000
   18   1       0.155028       0.145649     17       0.000000
   19   7       0.327145       0.327145    -99       0.002923
   20   6      -0.946735      -0.946735    -99       0.001050
   21   6       1.204813       1.204813    -99       0.000827
   22   8      -0.729974      -0.729974    -99       0.001357
   23   6       0.607490       0.631159      0       0.001564
   24   6      -0.292947      -0.259979      0       0.003579
   25   6      -0.123888      -0.154184      0       0.005450
   26   6       0.423007       0.459039      0       0.002129
   27   7      -0.338445      -0.338445    -99       0.002834
   28   1      -0.062970      -0.062970    -99       0.000000
   29   1       0.269258       0.269258    -99       0.000000
   30   1      -0.125016      -0.143286      0       0.000000
   31   1      -0.152362      -0.143286     30       0.000000
   32   1       0.103877       0.097153      0       0.000000
   33   1       0.109060       0.097153     32       0.000000
   34   1       0.045071       0.054460      0       0.000000
   35   1       0.070727       0.054460     34       0.000000
   36   1      -0.057128      -0.051066      0       0.000000
   37   1      -0.024037      -0.051066     36       0.000000
   38   1       0.342739       0.342739    -99       0.000000
   39   1       0.342739       0.342739    -99       0.000000
   40   1       0.342739       0.342739    -99       0.000000
   41   7      -1.259816      -1.259816    -99       0.000791
   42   6       1.100343       1.100343    -99       0.000905
   43   6      -0.349368      -0.349368    -99       0.002752
   44   8      -0.421563      -0.421563    -99       0.002308
   45   6      -1.034958      -1.068870      0       0.000931
   46   6       1.043563       1.043563    -99       0.000954
   47   8      -0.843137      -0.843137    -99       0.001178
   48   8      -0.843137      -0.843137    -99       0.001178
   49   1       0.739542       0.739542    -99       0.000000
   50   1      -0.116887      -0.116887    -99       0.000000
   51   1       0.280754       0.272897      0       0.000000
   52   1       0.241554       0.272897     51       0.000000
   53   7       0.434447       0.434447    -99       0.002243
   54   6      -0.700852      -0.648083      0       0.001525
   55   6       0.779771       0.779771    -99       0.001272
   56   8      -0.638449      -0.638449    -99       0.001547
   57   1      -0.083729      -0.083729    -99       0.000000
   58   1       0.262047       0.240372      0       0.000000
   59   1       0.255451       0.240372     58       0.000000
   60   7      -0.394945      -0.394945    -99       0.002455
   61   6       0.138909       0.138909    -99       0.005842
   62   6       0.134971       0.134971    -99       0.005953
   63   8      -0.505695      -0.505695    -99       0.001940
   64   6      -0.250702      -0.302552      0       0.003138
   65   6       0.590229       0.590229    -99       0.001670
   66   7      -0.922705      -0.922705    -99       0.001077
   67   8      -0.370569      -0.370569    -99       0.002605
   68   1       0.226289       0.226289    -99       0.000000
   69   1       0.057070       0.057070    -99       0.000000
   70   1       0.162095       0.163277      0       0.000000
   71   1       0.128522       0.163277     70       0.000000
   72   1       0.433646       0.433646    -99       0.000000
   73   1       0.433646       0.433646    -99       0.000000
   74   7       0.230760       0.230760    -99       0.003976
   75   6      -0.660526      -0.712953      0       0.001389
   76   6       0.883173       0.883173    -99       0.001125
   77   8      -0.643338      -0.643338    -99       0.001536
   78   1       0.042184       0.042184    -99       0.000000
   79   1       0.256845       0.258538      0       0.000000
   80   1       0.203612       0.258538     79       0.000000
   81   7      -0.636301      -0.636301    -99       0.001553
   82   6      -0.058166      -0.058166    -99       0.008644
   83   6       0.613784       0.613784    -99       0.001608
   84   8      -0.501303      -0.501303    -99       0.001956
   85   6      -0.120197      -0.073321      0       0.008065
   86   6       0.179448       0.179448    -99       0.004868
   87   6      -0.150591      -0.150591    -99       0.005532
   88   6      -0.150591      -0.150591    -99       0.005532
   89   6      -0.399314      -0.399314    -99       0.002429
   90   6      -0.399314      -0.399314    -99       0.002429
   91   6       0.530330       0.530330    -99       0.001853
   92   8      -0.580400      -0.580400    -99       0.001698
   93   1       0.346563       0.346563    -99       0.000000
   94   1       0.100671       0.100671    -99       0.000000
   95   1       0.049737       0.016627      0       0.000000
   96   1       0.028875       0.016627     95       0.000000
   97   1       0.162751       0.162751    -99       0.000000
   98   1       0.162751       0.162751    -99       0.000000
   99   1       0.201333       0.201333    -99       0.000000
  100   1       0.201333       0.201333    -99       0.000000
  101   1       0.422914       0.422914    -99       0.000000
  102   7      -0.614269      -0.614269    -99       0.001607
  103   6       0.209883       0.209883    -99       0.004301
  104   6       0.083478       0.083478    -99       0.007677
  105   8      -0.415003      -0.415003    -99       0.002343
  106   6       0.033170       0.033170    -99       0.009491
  107   6       0.006870      -0.011768      0       0.009936
  108   6      -0.085597      -0.145280      0       0.005656
  109   6      -0.085448      -0.071318      0       0.008126
  110   1       0.382750       0.382750    -99       0.000000
  111   1      -0.001683      -0.001683    -99       0.000000
  112   1       0.066469       0.066469    -99       0.000000
  113   1       0.037679       0.034889      0       0.000000
  114   1       0.024208       0.034889    113       0.000000
  115   1       0.054598       0.069020      0       0.000000
  116   1       0.018543       0.069020    115       0.000000
  117   1       0.033998       0.069020    115       0.000000
  118   1       0.052560       0.034407      0       0.000000
  119   1       0.011964       0.034407    118       0.000000
  120   1       0.031006       0.034407    118       0.000000
  121   7       0.151759       0.151759    -99       0.005502
  122   6      -0.333733      -0.333733    -99       0.002870
  123   6       0.443812       0.443812    -99       0.002198
  124   8      -0.354510      -0.354510    -99       0.002715
  125   6       0.600320       0.574406      0       0.001715
  126   8      -0.615503      -0.615503    -99       0.001604
  127   1      -0.565108      -0.565108    -99       0.000000
  128   1       0.124292       0.124292    -99       0.000000
  129   1      -0.186577      -0.105963      0       0.000000
  130   1      -0.047652      -0.105963    129       0.000000
  131   1       0.349179       0.349179    -99       0.000000
  132   7      -0.313130      -0.313130    -99       0.003042
  133   6       0.231626       0.231626    -99       0.003964
  134   6       0.314535       0.314535    -99       0.003030
  135   8      -0.539677      -0.539677    -99       0.001822
  136   6      -0.301555      -0.250509      0       0.003707
  137   1       0.348067       0.348067    -99       0.000000
  138   1       0.008754       0.008754    -99       0.000000
  139   1       0.104383       0.085464      0       0.000000
  140   1       0.088840       0.085464    139       0.000000
  141   1       0.097537       0.085464    139       0.000000
  142   7      -0.073298      -0.073298    -99       0.008065
  143   6       0.001610       0.001610    -99       0.009999
  144   6       0.324172       0.324172    -99       0.002948
  145   8      -0.566605      -0.566605    -99       0.001738
  146   6      -0.000846       0.008790      0       0.009962
  147   1       0.232240       0.232240    -99       0.000000
  148   1       0.066469       0.066469    -99       0.000000
  149   1       0.027710       0.020284      0       0.000000
  150   1      -0.010132       0.020284    149       0.000000
  151   1       0.034283       0.020284    149       0.000000
  152   7      -0.082981      -0.082981    -99       0.007696
  153   6       0.167518       0.167518    -99       0.005126
  154   6       0.238799       0.238799    -99       0.003863
  155   8      -0.514941      -0.514941    -99       0.001906
  156   6       0.192453       0.180116      0       0.004854
  157   6       0.207235       0.187530      0       0.004702
  158   6       0.167874       0.167874    -99       0.005118
  159   8      -0.318611      -0.318611    -99       0.002995
  160   8      -0.318611      -0.318611    -99       0.002995
  161   1       0.042847       0.042847    -99       0.000000
  162   1       0.012149       0.012149    -99       0.000000
  163   1      -0.092684      -0.084416      0       0.000000
  164   1      -0.030701      -0.084416    163       0.000000
  165   1       0.011137      -0.006852      0       0.000000
  166   1      -0.061146      -0.006852    165       0.000000
  167   7       0.000322       0.000322    -99       0.010000
  168   6      -0.017707      -0.013446      0       0.009911
  169   1       0.071249       0.055540      0       0.000000
  170   1       0.054842       0.055540    169       0.000000
  171   1       0.050936       0.055540    169       0.000000
  172   1      -0.129157      -0.129157    -99       0.000000
  173  20       1.681751       1.681751    -99       0.000594
  174   8      -0.471302      -0.471302    -99       0.002076
  175   1       0.296102       0.296102    -99       0.000000
  176   1       0.296102       0.296102    -99       0.000000

 Sum over the calculated charges:     -0.000

        Statistics of the fitting:
  The initial sum of squares (ssvpot)                     63.048
  The residual sum of squares (chipot)                     0.128
  The std err of estimate (sqrt(chipot/N))               0.00216
  ESP relative RMS (SQRT(chipot/ssvpot))                 0.04513

 Center of Mass (Angst.):

 X  =  -0.05308      Y  =   0.00445      Z  =  -0.01431

 Dipole (Debye):

 X  =  27.44377      Y  =  -9.82995      Z  =  -4.19501

 Dipole Moment (Debye)=  29.45143

 Quadrupole (Debye*Angst.):

 Qxx =  31.02206     QYY = -32.04944     QZZ =   1.02739
 Qxy = 663.22871     QXZ = -54.27915     QYZ = 331.95812



 Dipole (Debye) (wrt. Center of Mass and rotated along the principal axes of moment of inertia):

 X  =  27.54023      Y  =  -9.50387      Z  =  -4.31266

 Dipole Moment (Debye)=  29.45143

 Quadrupole (Debye*Angst.) (wrt. Center of Mass and rotated along the principal axes of moment of inertia):

 Qxx =  23.35858     QYY = -28.39189     QZZ =   5.03331
 Qxy = 662.63959     QXZ = -49.95175     QYZ = 330.40468
