
 -----------------------------------------------
    Iterated - Restrained ESP Fit 3.1  Amber 15 
 -----------------------------------------------
 Resp charges for organic molecule                                               
 -----------------------------------------------


 inopt       =     0   ioutopt     =     1
 nmol        =     1   iqopt       =     2
 ihfree      =     1   irstrnt     =     1
 iunits      =     0   qwt         =   0.00100000

 wtmol(1) =     1.000000
 subtitle:

Resp charges for organic molecule                                               
ich =   0  iuniq = 176
    1    6    0
    2    6  -99
    3    8  -99
    4    1    0
    5    1    4
    6    1    4
    7    7  -99
    8    6  -99
    9    6  -99
   10    8  -99
   11    6    0
   12    6  -99
   13    8  -99
   14    8  -99
   15    1  -99
   16    1  -99
   17    1    0
   18    1   17
   19    7  -99
   20    6  -99
   21    6  -99
   22    8  -99
   23    6    0
   24    6    0
   25    6    0
   26    6    0
   27    7  -99
   28    1  -99
   29    1  -99
   30    1    0
   31    1   30
   32    1    0
   33    1   32
   34    1    0
   35    1   34
   36    1    0
   37    1   36
   38    1  -99
   39    1  -99
   40    1  -99
   41    7  -99
   42    6  -99
   43    6  -99
   44    8  -99
   45    6    0
   46    6  -99
   47    8  -99
   48    8  -99
   49    1  -99
   50    1  -99
   51    1    0
   52    1   51
   53    7  -99
   54    6    0
   55    6  -99
   56    8  -99
   57    1  -99
   58    1    0
   59    1   58
   60    7  -99
   61    6  -99
   62    6  -99
   63    8  -99
   64    6    0
   65    6  -99
   66    7  -99
   67    8  -99
   68    1  -99
   69    1  -99
   70    1    0
   71    1   70
   72    1  -99
   73    1  -99
   74    7  -99
   75    6    0
   76    6  -99
   77    8  -99
   78    1  -99
   79    1    0
   80    1   79
   81    7  -99
   82    6  -99
   83    6  -99
   84    8  -99
   85    6    0
   86    6  -99
   87    6  -99
   88    6  -99
   89    6  -99
   90    6  -99
   91    6  -99
   92    8  -99
   93    1  -99
   94    1  -99
   95    1    0
   96    1   95
   97    1  -99
   98    1  -99
   99    1  -99
  100    1  -99
  101    1  -99
  102    7  -99
  103    6  -99
  104    6  -99
  105    8  -99
  106    6  -99
  107    6    0
  108    6    0
  109    6    0
  110    1  -99
  111    1  -99
  112    1  -99
  113    1    0
  114    1  113
  115    1    0
  116    1  115
  117    1  115
  118    1    0
  119    1  118
  120    1  118
  121    7  -99
  122    6  -99
  123    6  -99
  124    8  -99
  125    6    0
  126    8  -99
  127    1  -99
  128    1  -99
  129    1    0
  130    1  129
  131    1  -99
  132    7  -99
  133    6  -99
  134    6  -99
  135    8  -99
  136    6    0
  137    1  -99
  138    1  -99
  139    1    0
  140    1  139
  141    1  139
  142    7  -99
  143    6  -99
  144    6  -99
  145    8  -99
  146    6    0
  147    1  -99
  148    1  -99
  149    1    0
  150    1  149
  151    1  149
  152    7  -99
  153    6  -99
  154    6  -99
  155    8  -99
  156    6    0
  157    6    0
  158    6  -99
  159    8  -99
  160    8  -99
  161    1  -99
  162    1  -99
  163    1    0
  164    1  163
  165    1    0
  166    1  165
  167    7  -99
  168    6    0
  169    1    0
  170    1  169
  171    1  169
  172    1  -99
  173   20  -99
  174    8  -99
  175    1  -99
  176    1  -99
 new q0 values to be read 176

 Charge on the molecule(ich) =    0
 Total number of atoms (iuniq)     =  176
 Weight factor on initial charge restraints(qwt)=     0.10000D-02


  there are   1 charge constraints:


     1       1
     2       1
     3       1
     4       1
     5       1
     6       1
     7       1
     8       1
     9       1
    10       1
    11       1
    12       1
    13       1
    14       1
    15       1
    16       1
    17       1
    18       1
    19       1
    20       1
    21       1
    22       1
    23       1
    24       1
    25       1
    26       1
    27       1
    28       1
    29       1
    30       1
    31       1
    32       1
    33       1
    34       1
    35       1
    36       1
    37       1
    38       1
    39       1
    40       1
    41       1
    42       1
    43       1
    44       1
    45       1
    46       1
    47       1
    48       1
    49       1
    50       1
    51       1
    52       1
    53       1
    54       1
    55       1
    56       1
    57       1
    58       1
    59       1
    60       1
    61       1
    62       1
    63       1
    64       1
    65       1
    66       1
    67       1
    68       1
    69       1
    70       1
    71       1
    72       1
    73       1
    74       1
    75       1
    76       1
    77       1
    78       1
    79       1
    80       1
    81       1
    82       1
    83       1
    84       1
    85       1
    86       1
    87       1
    88       1
    89       1
    90       1
    91       1
    92       1
    93       1
    94       1
    95       1
    96       1
    97       1
    98       1
    99       1
   100       1
   101       1
   102       1
   103       1
   104       1
   105       1
   106       1
   107       1
   108       1
   109       1
   110       1
   111       1
   112       1
   113       1
   114       1
   115       1
   116       1
   117       1
   118       1
   119       1
   120       1
   121       1
   122       1
   123       1
   124       1
   125       1
   126       1
   127       1
   128       1
   129       1
   130       1
   131       1
   132       1
   133       1
   134       1
   135       1
   136       1
   137       1
   138       1
   139       1
   140       1
   141       1
   142       1
   143       1
   144       1
   145       1
   146       1
   147       1
   148       1
   149       1
   150       1
   151       1
   152       1
   153       1
   154       1
   155       1
   156       1
   157       1
   158       1
   159       1
   160       1
   161       1
   162       1
   163       1
   164       1
   165       1
   166       1
   167       1
   168       1
   169       1
   170       1
   171       1
   172       1
   173       1
   174       1
   175       1
   176       1

  charge:      0.000

 Reading esp's for molecule   1
 total number of atoms      =   176
 total number of esp points = 28136


 center     X             Y             Z 
    1   0.4248422E+01   0.2968004E+01   0.1088254E+02
    2   0.3234767E+01   0.3075711E+01   0.8190872E+01
    3   0.4642633E+01   0.3009090E+01   0.6350143E+01
    4   0.6110843E+01   0.2087539E+01   0.1088006E+02
    5   0.4394000E+01   0.4878180E+01   0.1163924E+02
    6   0.2968482E+01   0.1858772E+01   0.1205479E+02
    7   0.7300201E+00   0.3170357E+01   0.7846235E+01
    8  -0.5571139E+00   0.3526953E+01   0.5469710E+01
    9  -0.3258643E-01   0.6174810E+01   0.4483001E+01
   10  -0.9185278E+00   0.8057669E+01   0.5485020E+01
   11  -0.3277051E+01   0.2755213E+01   0.6065650E+01
   12  -0.4701544E+01   0.2504425E+01   0.3596347E+01
   13  -0.3651414E+01   0.3056883E+01   0.1557962E+01
   14  -0.6911936E+01   0.1708607E+01   0.3776411E+01
   15  -0.3486847E+00   0.3044694E+01   0.9423037E+01
   16   0.9724152E-01   0.2270222E+01   0.3971660E+01
   17  -0.3926892E+01   0.4361059E+01   0.7172914E+01
   18  -0.3321358E+01   0.1123096E+01   0.7332061E+01
   19   0.1345271E+01   0.6388621E+01   0.2378889E+01
   20   0.2506202E+01   0.8663358E+01   0.1391517E+01
   21   0.7059922E+00   0.1041708E+02   0.1596629E-01
   22   0.1895339E+00   0.1262272E+02   0.5941771E+00
   23   0.4906226E+01   0.7922302E+01  -0.8568018E-02
   24   0.6649541E+01   0.1018645E+02  -0.4878498E+00
   25   0.8820328E+01   0.9742352E+01  -0.2322530E+01
   26   0.1059066E+02   0.1202134E+02  -0.2450132E+01
   27   0.1281332E+02   0.1173428E+02  -0.4096399E+01
   28   0.1683425E+01   0.4779238E+01   0.1398280E+01
   29   0.3013882E+01   0.9876736E+01   0.2984886E+01
   30   0.4367831E+01   0.7374913E+01  -0.1921137E+01
   31   0.5915577E+01   0.6422548E+01   0.9560294E+00
   32   0.7700906E+01   0.1056782E+02   0.1224763E+01
   33   0.5577870E+01   0.1185296E+02  -0.1073910E+01
   34   0.8186866E+01   0.9065250E+01  -0.4176627E+01
   35   0.9838513E+01   0.8225157E+01  -0.1376153E+01
   36   0.1114275E+02   0.1255571E+02  -0.5380655E+00
   37   0.9541690E+01   0.1345559E+02  -0.3508431E+01
   38   0.1399145E+02   0.1034510E+02  -0.3528190E+01
   39   0.1250631E+02   0.1123493E+02  -0.5923170E+01
   40   0.1378305E+02   0.1334091E+02  -0.4360554E+01
   41  -0.7598777E+00   0.9242559E+01  -0.1687181E+01
   42  -0.3001699E+01   0.1030393E+02  -0.2849302E+01
   43  -0.5487585E+01   0.1002186E+02  -0.1452251E+01
   44  -0.7287124E+01   0.1133712E+02  -0.2113785E+01
   45  -0.3347839E+01   0.9414033E+01  -0.5575548E+01
   46  -0.3695858E+01   0.6560239E+01  -0.5815269E+01
   47  -0.3889096E+01   0.5239507E+01  -0.3880369E+01
   48  -0.4082381E+01   0.5604202E+01  -0.7929411E+01
   49  -0.5851140E+00   0.7343284E+01  -0.1744351E+01
   50  -0.2515072E+01   0.1230177E+02  -0.2957792E+01
   51  -0.1818912E+01   0.1000076E+02  -0.6826628E+01
   52  -0.5013052E+01   0.1035172E+02  -0.6300520E+01
   53  -0.5565048E+01   0.8332144E+01   0.4019938E+00
   54  -0.7646015E+01   0.7995457E+01   0.2165239E+01
   55  -0.9614799E+01   0.6066916E+01   0.1312398E+01
   56  -0.1169486E+02   0.6060342E+01   0.2368106E+01
   57  -0.3897796E+01   0.7492342E+01   0.7794666E+00
   58  -0.8706845E+01   0.9718972E+01   0.2529425E+01
   59  -0.6841445E+01   0.7536482E+01   0.3994214E+01
   60  -0.9163444E+01   0.4729145E+01  -0.7748765E+00
   61  -0.1125485E+02   0.3453459E+01  -0.1978902E+01
   62  -0.1247653E+02   0.1237128E+01  -0.6065113E+00
   63  -0.1408838E+02  -0.3652840E-02  -0.1729037E+01
   64  -0.1060173E+02   0.2736573E+01  -0.4699870E+01
   65  -0.9171275E+01   0.2460083E+00  -0.4973780E+01
   66  -0.9706167E+01  -0.1143146E+01  -0.7019659E+01
   67  -0.7323113E+01  -0.3289635E+00  -0.3684144E+01
   68  -0.7463333E+01   0.4958195E+01  -0.1600585E+01
   69  -0.1281368E+02   0.4784112E+01  -0.2166083E+01
   70  -0.9559561E+01   0.4226797E+01  -0.5660245E+01
   71  -0.1232349E+02   0.2475885E+01  -0.5775088E+01
   72  -0.1103297E+02  -0.6245903E+00  -0.8276909E+01
   73  -0.8788517E+01  -0.2804935E+01  -0.7198766E+01
   74  -0.1167720E+02   0.4813132E+00   0.1660858E+01
   75  -0.1259178E+02  -0.1661141E+01   0.3091830E+01
   76  -0.1061485E+02  -0.3710777E+01   0.3444770E+01
   77  -0.1110436E+02  -0.5720964E+01   0.4504442E+01
   78  -0.1024401E+02   0.1494643E+01   0.2385307E+01
   79  -0.1434325E+02  -0.2401738E+01   0.2265587E+01
   80  -0.1307995E+02  -0.1095996E+01   0.4999263E+01
   81  -0.8314690E+01  -0.3556663E+01   0.2432943E+01
   82  -0.6593409E+01  -0.5623564E+01   0.1953294E+01
   83  -0.3949775E+01  -0.4466443E+01   0.2088219E+01
   84  -0.3588541E+01  -0.2504488E+01   0.9145272E+00
   85  -0.7174785E+01  -0.6543439E+01  -0.7211175E+00
   86  -0.9719689E+01  -0.7749849E+01  -0.1152975E+01
   87  -0.1003684E+02  -0.1032649E+02  -0.6238685E+00
   88  -0.1175243E+02  -0.6366672E+01  -0.2110178E+01
   89  -0.1216575E+02  -0.1162650E+02  -0.1509203E+01
   90  -0.1407418E+02  -0.7556073E+01  -0.2587316E+01
   91  -0.1416958E+02  -0.1020917E+02  -0.2563487E+01
   92  -0.1610849E+02  -0.1157923E+02  -0.3564040E+01
   93  -0.7937019E+01  -0.1865927E+01   0.1624830E+01
   94  -0.6817958E+01  -0.7094404E+01   0.3369928E+01
   95  -0.5719940E+01  -0.7929655E+01  -0.1217137E+01
   96  -0.6811325E+01  -0.4906849E+01  -0.1935070E+01
   97  -0.8469346E+01  -0.1147278E+02  -0.1390838E-02
   98  -0.1167959E+02  -0.4379151E+01  -0.2566206E+01
   99  -0.1211556E+02  -0.1364118E+02  -0.1261521E+01
  100  -0.1558213E+02  -0.6371247E+01  -0.3296213E+01
  101  -0.1704926E+02  -0.1076201E+02  -0.4880814E+01
  102  -0.2077693E+01  -0.5592072E+01   0.3367773E+01
  103   0.6110731E+00  -0.5195692E+01   0.3116020E+01
  104   0.1729812E+01  -0.7246893E+01   0.1447248E+01
  105   0.1157038E+01  -0.9478057E+01   0.1698115E+01
  106   0.2173140E+01  -0.5292066E+01   0.5533550E+01
  107   0.7129804E+00  -0.4892701E+01   0.7990774E+01
  108   0.4407242E+01  -0.3508169E+01   0.5281540E+01
  109   0.2185693E+01  -0.6035010E+01   0.1019022E+02
  110  -0.2723067E+01  -0.6920830E+01   0.4561965E+01
  111   0.9667385E+00  -0.3436801E+01   0.2075204E+01
  112   0.2837380E+01  -0.7237558E+01   0.5797135E+01
  113  -0.1177010E+01  -0.5698620E+01   0.7924267E+01
  114   0.5594477E+00  -0.2840763E+01   0.8225694E+01
  115   0.3669889E+01  -0.1592003E+01   0.5206571E+01
  116   0.5683988E+01  -0.3435151E+01   0.6908613E+01
  117   0.5490455E+01  -0.3617586E+01   0.3520365E+01
  118   0.1370257E+01  -0.5509173E+01   0.1201580E+02
  119   0.2119320E+01  -0.8073548E+01   0.1001224E+02
  120   0.4121704E+01  -0.5349880E+01   0.1037506E+02
  121   0.3323484E+01  -0.6407156E+01  -0.3282114E+00
  122   0.4863936E+01  -0.7989950E+01  -0.1927298E+01
  123   0.7664712E+01  -0.7417001E+01  -0.1568590E+01
  124   0.8173414E+01  -0.5847850E+01   0.7670776E-01
  125   0.4011580E+01  -0.7492236E+01  -0.4639687E+01
  126   0.4161751E+01  -0.4920665E+01  -0.5323296E+01
  127   0.3588406E+01  -0.4530877E+01  -0.4866309E+00
  128   0.4451907E+01  -0.9951176E+01  -0.1445300E+01
  129   0.2239475E+01  -0.8404505E+01  -0.5135213E+01
  130   0.5339156E+01  -0.8349461E+01  -0.5958559E+01
  131   0.4149130E+01  -0.4808807E+01  -0.7141613E+01
  132   0.9450796E+01  -0.8815239E+01  -0.2676470E+01
  133   0.1201104E+02  -0.8984757E+01  -0.1723683E+01
  134   0.1345321E+02  -0.6520460E+01  -0.2089776E+01
  135   0.1495018E+02  -0.5719513E+01  -0.5235391E+00
  136   0.1354927E+02  -0.1107729E+02  -0.2973108E+01
  137   0.8974755E+01  -0.1000175E+02  -0.4103827E+01
  138   0.1196023E+02  -0.9199460E+01   0.3191161E+00
  139   0.1548229E+02  -0.1126528E+02  -0.2287147E+01
  140   0.1265676E+02  -0.1293118E+02  -0.2728825E+01
  141   0.1383387E+02  -0.1072807E+02  -0.4972531E+01
  142   0.1294439E+02  -0.5217743E+01  -0.4210625E+01
  143   0.1399718E+02  -0.2745434E+01  -0.4733975E+01
  144   0.1331464E+02  -0.7105691E+00  -0.2838083E+01
  145   0.1484264E+02   0.7204524E+00  -0.1820715E+01
  146   0.1306776E+02  -0.1921897E+01  -0.7325234E+01
  147   0.1183045E+02  -0.6008953E+01  -0.5541678E+01
  148   0.1604525E+02  -0.2695397E+01  -0.4945241E+01
  149   0.1107286E+02  -0.1413815E+01  -0.7328442E+01
  150   0.1415321E+02  -0.2647960E+00  -0.7875590E+01
  151   0.1349175E+02  -0.3455088E+01  -0.8650744E+01
  152   0.1094180E+02  -0.7701389E+00  -0.1991189E+01
  153   0.1007074E+02   0.7284043E+00   0.1306878E+00
  154   0.1117249E+02  -0.1303042E+00   0.2643171E+01
  155   0.1161832E+02   0.1456074E+01   0.4261094E+01
  156   0.7181127E+01   0.6254464E+00   0.1021888E+00
  157   0.5806863E+01   0.1059505E+01  -0.2390730E+01
  158   0.2953986E+01   0.9802387E+00  -0.2032113E+01
  159   0.1988808E+01  -0.1000547E+01  -0.1192005E+01
  160   0.1654805E+01   0.2943390E+01  -0.2287258E+01
  161   0.9686482E+01  -0.1948857E+01  -0.2823870E+01
  162   0.1071275E+02   0.2673677E+01  -0.6774290E-01
  163   0.6585500E+01   0.2059163E+01   0.1459299E+01
  164   0.6544046E+01  -0.1121197E+01   0.9752403E+00
  165   0.6274418E+01  -0.5124181E+00  -0.3658043E+01
  166   0.6456306E+01   0.2893881E+01  -0.3067379E+01
  167   0.1160850E+02  -0.2591451E+01   0.2936910E+01
  168   0.1264003E+02  -0.3437672E+01   0.5344597E+01
  169   0.1453374E+02  -0.4194385E+01   0.5050680E+01
  170   0.1273142E+02  -0.1847149E+01   0.6649513E+01
  171   0.1143046E+02  -0.4905313E+01   0.6133597E+01
  172   0.1112046E+02  -0.3877098E+01   0.1618231E+01
  173  -0.2676691E+01   0.7547225E+00  -0.2507899E+01
  174  -0.1037777E+01  -0.3820194E+01  -0.4233016E+01
  175   0.7630865E+00  -0.3816901E+01  -0.4284202E+01
  176  -0.1494027E+01  -0.5555137E+01  -0.4420243E+01
 ipol imol nesp i matpot     0    128136
 Initial ssvpot =   105.320


 Number of unique UNfrozen centers=   40

 Non-linear optimization requested.
 qchnge =    0.3200378383E-01
 qchnge =    0.7209164705E-03
 qchnge =    0.8201050524E-04
 qchnge =    0.1070267819E-04
 qchnge =    0.1422263159E-05

 Convergence in    4 iterations
elec_mom    4.3677    3.0340   10.8686
elec_mom    3.3480    3.1219    8.1785
elec_mom    4.7526    3.0555    6.3353
elec_mom    6.2359    2.1658   10.8667
elec_mom    4.5022    4.9488   11.6157
elec_mom    3.0974    1.9221   12.0489
elec_mom    0.8420    3.1983    7.8385
elec_mom   -0.4522    3.5348    5.4628
elec_mom    0.0529    6.1812    4.4622
elec_mom   -0.8434    8.0630    5.4568
elec_mom   -3.1657    2.7480    6.0680
elec_mom   -4.5934    2.4758    3.6028
elec_mom   -3.5510    3.0252    1.5597
elec_mom   -6.7982    1.6663    3.7912
elec_mom   -0.2327    3.0732    9.4180
elec_mom    0.2075    2.2751    3.9696
elec_mom   -3.8240    4.3550    7.1688
elec_mom   -3.1968    1.1219    7.3425
elec_mom    1.4252    6.3938    2.3543
elec_mom    2.5691    8.6713    1.3535
elec_mom    0.7546   10.4064   -0.0269
elec_mom    0.2247   12.6113    0.5416
elec_mom    4.9712    7.9392   -0.0478
elec_mom    6.6985   10.2125   -0.5416
elec_mom    8.8686    9.7737   -2.3785
elec_mom   10.6235   12.0637   -2.5208
elec_mom   12.8448   11.7833   -4.1701
elec_mom    1.7720    4.7819    1.3809
elec_mom    3.0719    9.8958    2.9399
elec_mom    4.4326    7.3790   -1.9566
elec_mom    5.9923    6.4509    0.9221
elec_mom    7.7507   10.6091    1.1670
elec_mom    5.6147   11.8690   -1.1336
elec_mom    8.2359    9.0834   -4.2280
elec_mom    9.8986    8.2679   -1.4268
elec_mom   11.1759   12.6110   -0.6124
elec_mom    9.5630   13.4858   -3.5839
elec_mom   14.0332   10.4047   -3.5975
elec_mom   12.5374   11.2730   -5.9938
elec_mom   13.8034   13.3949   -4.4440
elec_mom   -0.7069    9.2139   -1.7214
elec_mom   -2.9579   10.2548   -2.8841
elec_mom   -5.4391    9.9631   -1.4807
elec_mom   -7.2486   11.2633   -2.1450
elec_mom   -3.3036    9.3493   -5.6053
elec_mom   -3.6332    6.4921   -5.8304
elec_mom   -3.8139    5.1796   -3.8887
elec_mom   -4.0176    5.5233   -7.9391
elec_mom   -0.5197    7.3156   -1.7697
elec_mom   -2.4847   12.2552   -3.0033
elec_mom   -1.7811    9.9400   -6.8623
elec_mom   -4.9764   10.2724   -6.3315
elec_mom   -5.5018    8.2820    0.3819
elec_mom   -7.5770    7.9402    2.1509
elec_mom   -9.5346    5.9946    1.3115
elec_mom  -11.6125    5.9795    2.3714
elec_mom   -3.8283    7.4551    0.7601
elec_mom   -8.6484    9.6585    2.5089
elec_mom   -6.7657    7.4955    3.9805
elec_mom   -9.0786    4.6497   -0.7702
elec_mom  -11.1639    3.3544   -1.9637
elec_mom  -12.3682    1.1367   -0.5781
elec_mom  -13.9741   -0.1201   -1.6913
elec_mom  -10.5115    2.6285   -4.6825
elec_mom   -9.0652    0.1461   -4.9471
elec_mom   -9.5949   -1.2565   -6.9851
elec_mom   -7.2107   -0.4103   -3.6584
elec_mom   -7.3817    4.8859   -1.6004
elec_mom  -12.7319    4.6738   -2.1542
elec_mom   -9.4811    4.1209   -5.6522
elec_mom  -12.2336    2.3512   -5.7529
elec_mom  -10.9276   -0.7529   -8.2422
elec_mom   -8.6667   -2.9131   -7.1580
elec_mom  -11.5594    0.3973    1.6913
elec_mom  -12.4570   -1.7441    3.1345
elec_mom  -10.4659   -3.7789    3.4935
elec_mom  -10.9400   -5.7871    4.5639
elec_mom  -10.1315    1.4236    2.4079
elec_mom  -14.2052   -2.5003    2.3155
elec_mom  -12.9451   -1.1729    5.0402
elec_mom   -8.1688   -3.6146    2.4763
elec_mom   -6.4348   -5.6724    2.0032
elec_mom   -3.7987   -4.4972    2.1272
elec_mom   -3.4527   -2.5387    0.9432
elec_mom   -7.0154   -6.6092   -0.6655
elec_mom   -9.5532   -7.8344   -1.0863
elec_mom   -9.8523  -10.4105   -0.5440
elec_mom  -11.5969   -6.4694   -2.0462
elec_mom  -11.9743  -11.7288   -1.4187
elec_mom  -13.9117   -7.6764   -2.5128
elec_mom  -13.9895  -10.3299   -2.4759
elec_mom  -15.9213  -11.7176   -3.4658
elec_mom   -7.8039   -1.9254    1.6592
elec_mom   -6.6469   -7.1378    3.4275
elec_mom   -5.5525   -7.9882   -1.1577
elec_mom   -6.6652   -4.9762   -1.8881
elec_mom   -8.2760  -11.5433    0.0809
elec_mom  -11.5381   -4.4837   -2.5120
elec_mom  -11.9103  -13.7419   -1.1613
elec_mom  -15.4288   -6.5050   -3.2244
elec_mom  -16.8701  -10.9130   -4.7847
elec_mom   -1.9166   -5.6042    3.4084
elec_mom    0.7689   -5.1914    3.1493
elec_mom    1.8979   -7.2433    1.4883
elec_mom    1.3404   -9.4769    1.7512
elec_mom    2.3364   -5.2656    5.5641
elec_mom    0.8785   -4.8639    8.0223
elec_mom    4.5582   -3.4683    5.2989
elec_mom    2.3631   -5.9857   10.2243
elec_mom   -2.5509   -6.9314    4.6104
elec_mom    1.1109   -3.4353    2.0992
elec_mom    3.0140   -7.2054    5.8359
elec_mom   -1.0062   -5.6826    7.9636
elec_mom    0.7119   -2.8119    8.2476
elec_mom    3.8080   -1.5574    5.2161
elec_mom    5.8376   -3.3789    6.9231
elec_mom    5.6386   -3.5792    3.5361
elec_mom    1.5478   -5.4563   12.0490
elec_mom    2.3098   -8.0255   10.0564
elec_mom    4.2949   -5.2869   10.4019
elec_mom    3.4825   -6.4017   -0.2944
elec_mom    5.0301   -7.9821   -1.8889
elec_mom    7.8278   -7.3890   -1.5386
elec_mom    8.3294   -5.8085    0.0980
elec_mom    4.1691   -7.5033   -4.6019
elec_mom    4.3010   -4.9342   -5.2984
elec_mom    3.7347   -4.5245   -0.4625
elec_mom    4.6320   -9.9436   -1.3965
elec_mom    2.4021   -8.4296   -5.0894
elec_mom    5.4997   -8.3582   -5.9193
elec_mom    4.2840   -4.8313   -7.1172
elec_mom    9.6209   -8.7808   -2.6433
elec_mom   12.1841   -8.9288   -1.6948
elec_mom   13.6092   -6.4568   -2.0758
elec_mom   15.1039   -5.6384   -0.5165
elec_mom   13.7336  -11.0172   -2.9371
elec_mom    9.1498   -9.9774   -4.0639
elec_mom   12.1387   -9.1338    0.3491
elec_mom   15.6692  -11.1891   -2.2542
elec_mom   12.8538  -12.8757   -2.6820
elec_mom   14.0119  -10.6759   -4.9388
elec_mom   13.0876   -5.1679   -4.2020
elec_mom   14.1230   -2.6913   -4.7395
elec_mom   13.4308   -0.6517   -2.8522
elec_mom   14.9513    0.7943   -1.8449
elec_mom   13.1830   -1.8865   -7.3328
elec_mom   11.9762   -5.9729   -5.5269
elec_mom   16.1702   -2.6288   -4.9551
elec_mom   11.1848   -1.3917   -7.3345
elec_mom   14.2564   -0.2250   -7.8935
elec_mom   13.6145   -3.4234   -8.6517
elec_mom   11.0601   -0.7228   -2.0002
elec_mom   10.1833    0.7803    0.1161
elec_mom   11.2957   -0.0588    2.6305
elec_mom   11.7343    1.5384    4.2398
elec_mom    7.2944    0.6582    0.0939
elec_mom    5.9124    1.0710   -2.3983
elec_mom    3.0608    0.9747   -2.0335
elec_mom    2.1104   -1.0083   -1.1819
elec_mom    1.7482    2.9279   -2.2956
elec_mom    9.8109   -1.9138   -2.8246
elec_mom   10.8121    2.7288   -0.0931
elec_mom    6.6920    2.0946    1.4452
elec_mom    6.6706   -1.0883    0.9768
elec_mom    6.3878   -0.5040   -3.6589
elec_mom    6.5483    2.9063   -3.0852
elec_mom   11.7486   -2.5156    2.9354
elec_mom   12.7904   -3.3432    5.3451
elec_mom   14.6885   -4.0888    5.0510
elec_mom   12.8739   -1.7457    6.6420
elec_mom   11.5921   -4.8149    6.1436
elec_mom   11.2664   -3.8108    1.6239
elec_mom   -2.5692    0.7097   -2.4969
elec_mom   -0.9035   -3.8627   -4.2030
elec_mom    0.8972   -3.8478   -4.2578
elec_mom   -1.3487   -5.6015   -4.3808


Resp charges for organic molecule                                               

          Point Charges Before & After Optimization

    no.  At.no.    q(init)       q(opt)     ivary    d(rstr)/dq
    1   6      -0.621710      -0.561033      0       0.001755
    2   6       0.775598       0.775598    -99       0.001279
    3   8      -0.690198      -0.690198    -99       0.001434
    4   1       0.177067       0.170204      0       0.000000
    5   1       0.184579       0.170204      4       0.000000
    6   1       0.205512       0.170204      4       0.000000
    7   7      -0.707582      -0.707582    -99       0.001399
    8   6       0.246720       0.246720    -99       0.003756
    9   6       0.466073       0.466073    -99       0.002098
   10   8      -0.511624      -0.511624    -99       0.001918
   11   6      -0.025510       0.050345      0       0.008932
   12   6       0.010885       0.010885    -99       0.009941
   13   8      -0.632387      -0.632387    -99       0.001562
   14   8      -0.632387      -0.632387    -99       0.001562
   15   1       0.383852       0.383852    -99       0.000000
   16   1       0.031671       0.031671    -99       0.000000
   17   1       0.046215       0.050832      0       0.000000
   18   1       0.107513       0.050832     17       0.000000
   19   7       0.414535       0.414535    -99       0.002345
   20   6      -0.853099      -0.853099    -99       0.001164
   21   6       1.065430       1.065430    -99       0.000934
   22   8      -0.736032      -0.736032    -99       0.001346
   23   6       0.655945       0.650372      0       0.001520
   24   6      -0.406202      -0.446290      0       0.002186
   25   6       0.174533       0.068311      0       0.008253
   26   6      -0.041067      -0.006892      0       0.009976
   27   7       0.010595       0.010595    -99       0.009944
   28   1      -0.152813      -0.152813    -99       0.000000
   29   1       0.221323       0.221323    -99       0.000000
   30   1      -0.182990      -0.139669      0       0.000000
   31   1      -0.063582      -0.139669     30       0.000000
   32   1       0.123993       0.170264      0       0.000000
   33   1       0.156429       0.170264     32       0.000000
   34   1      -0.012277       0.015571      0       0.000000
   35   1      -0.010802       0.015571     34       0.000000
   36   1       0.103169       0.090401      0       0.000000
   37   1       0.087542       0.090401     36       0.000000
   38   1       0.250779       0.250779    -99       0.000000
   39   1       0.250779       0.250779    -99       0.000000
   40   1       0.250779       0.250779    -99       0.000000
   41   7      -0.646727      -0.646727    -99       0.001528
   42   6       0.887736       0.887736    -99       0.001119
   43   6      -0.465797      -0.465797    -99       0.002099
   44   8      -0.371546      -0.371546    -99       0.002599
   45   6      -0.816909      -0.800566      0       0.001239
   46   6       0.825043       0.825043    -99       0.001203
   47   8      -0.723185      -0.723185    -99       0.001370
   48   8      -0.723185      -0.723185    -99       0.001370
   49   1       0.265945       0.265945    -99       0.000000
   50   1      -0.084120      -0.084120    -99       0.000000
   51   1       0.230097       0.228133      0       0.000000
   52   1       0.238131       0.228133     51       0.000000
   53   7       0.725459       0.725459    -99       0.001366
   54   6      -0.731933      -0.631754      0       0.001563
   55   6       0.825843       0.825843    -99       0.001202
   56   8      -0.644366      -0.644366    -99       0.001534
   57   1      -0.563785      -0.563785    -99       0.000000
   58   1       0.256351       0.230096      0       0.000000
   59   1       0.295839       0.230096     58       0.000000
   60   7      -0.427862      -0.427862    -99       0.002276
   61   6      -0.061115      -0.061115    -99       0.008533
   62   6       0.323207       0.323207    -99       0.002956
   63   8      -0.529754      -0.529754    -99       0.001855
   64   6      -0.127347      -0.243163      0       0.003803
   65   6       0.435353       0.435353    -99       0.002239
   66   7      -0.750452      -0.750452    -99       0.001321
   67   8      -0.400905      -0.400905    -99       0.002420
   68   1       0.375313       0.375313    -99       0.000000
   69   1       0.120347       0.120347    -99       0.000000
   70   1       0.168616       0.158198      0       0.000000
   71   1       0.071853       0.158198     70       0.000000
   72   1       0.395220       0.395220    -99       0.000000
   73   1       0.395220       0.395220    -99       0.000000
   74   7      -0.122283      -0.122283    -99       0.006330
   75   6      -0.214137      -0.195014      0       0.004563
   76   6       0.497453       0.497453    -99       0.001971
   77   8      -0.619427      -0.619427    -99       0.001594
   78   1       0.177817       0.177817    -99       0.000000
   79   1       0.129787       0.133221      0       0.000000
   80   1       0.153991       0.133221     79       0.000000
   81   7      -0.234837      -0.234837    -99       0.003918
   82   6      -0.216713      -0.216713    -99       0.004190
   83   6       0.793794       0.793794    -99       0.001250
   84   8      -0.327134      -0.327134    -99       0.002923
   85   6      -0.191046      -0.207560      0       0.004340
   86   6       0.269098       0.269098    -99       0.003483
   87   6      -0.182162      -0.182162    -99       0.004812
   88   6      -0.182162      -0.182162    -99       0.004812
   89   6      -0.381382      -0.381382    -99       0.002536
   90   6      -0.381382      -0.381382    -99       0.002536
   91   6       0.499971       0.499971    -99       0.001961
   92   8      -0.605845      -0.605845    -99       0.001629
   93   1       0.056489       0.056489    -99       0.000000
   94   1       0.140799       0.140799    -99       0.000000
   95   1       0.094472       0.085123      0       0.000000
   96   1       0.053640       0.085123     95       0.000000
   97   1       0.174785       0.174785    -99       0.000000
   98   1       0.174785       0.174785    -99       0.000000
   99   1       0.190844       0.190844    -99       0.000000
  100   1       0.190844       0.190844    -99       0.000000
  101   1       0.446710       0.446710    -99       0.000000
  102   7      -0.915376      -0.915376    -99       0.001086
  103   6       0.457179       0.457179    -99       0.002137
  104   6       0.320599       0.320599    -99       0.002978
  105   8      -0.455750      -0.455750    -99       0.002143
  106   6      -0.051159      -0.051159    -99       0.008903
  107   6       0.241864       0.398734      0       0.002432
  108   6       0.054757      -0.390290      0       0.002482
  109   6      -0.253674      -0.251660      0       0.003692
  110   1       0.411109       0.411109    -99       0.000000
  111   1      -0.161671      -0.161671    -99       0.000000
  112   1       0.021614       0.021614    -99       0.000000
  113   1      -0.034687      -0.086444      0       0.000000
  114   1      -0.077239      -0.086444    113       0.000000
  115   1       0.034879       0.084702      0       0.000000
  116   1       0.012609       0.084702    115       0.000000
  117   1      -0.227796       0.084702    115       0.000000
  118   1       0.058730       0.064754      0       0.000000
  119   1       0.078094       0.064754    118       0.000000
  120   1       0.072390       0.064754    118       0.000000
  121   7       0.002497       0.002497    -99       0.009997
  122   6      -0.373630      -0.373630    -99       0.002585
  123   6       0.337945       0.337945    -99       0.002837
  124   8      -0.256134      -0.256134    -99       0.003637
  125   6       0.364219       0.402978      0       0.002408
  126   8      -0.592270      -0.592270    -99       0.001665
  127   1      -0.014019      -0.014019    -99       0.000000
  128   1       0.176920       0.176920    -99       0.000000
  129   1      -0.049111      -0.065581      0       0.000000
  130   1      -0.058137      -0.065581    129       0.000000
  131   1       0.424357       0.424357    -99       0.000000
  132   7      -0.125939      -0.125939    -99       0.006218
  133   6      -0.053088      -0.053088    -99       0.008833
  134   6       0.673804       0.673804    -99       0.001468
  135   8      -0.644693      -0.644693    -99       0.001533
  136   6      -0.149177      -0.172363      0       0.005018
  137   1       0.287717       0.287717    -99       0.000000
  138   1       0.077057       0.077057    -99       0.000000
  139   1       0.045705       0.069726      0       0.000000
  140   1       0.083463       0.069726    139       0.000000
  141   1       0.059767       0.069726    139       0.000000
  142   7      -0.660731      -0.660731    -99       0.001496
  143   6       0.476088       0.476088    -99       0.002056
  144   6       0.040366       0.040366    -99       0.009273
  145   8      -0.499611      -0.499611    -99       0.001963
  146   6      -0.289858      -0.347184      0       0.002768
  147   1       0.366793       0.366793    -99       0.000000
  148   1      -0.054070      -0.054070    -99       0.000000
  149   1       0.101624       0.114546      0       0.000000
  150   1       0.081312       0.114546    149       0.000000
  151   1       0.110576       0.114546    149       0.000000
  152   7       0.103188       0.103188    -99       0.006959
  153   6       0.069898       0.069898    -99       0.008196
  154   6       0.276878       0.276878    -99       0.003397
  155   8      -0.548317      -0.548317    -99       0.001794
  156   6       0.303405       0.418582      0       0.002324
  157   6      -0.697789      -0.723204      0       0.001370
  158   6       0.859993       0.859993    -99       0.001155
  159   8      -0.706592      -0.706592    -99       0.001401
  160   8      -0.706592      -0.706592    -99       0.001401
  161   1       0.177028       0.177028    -99       0.000000
  162   1       0.065533       0.065533    -99       0.000000
  163   1      -0.138041      -0.116771      0       0.000000
  164   1      -0.008385      -0.116771    163       0.000000
  165   1       0.180938       0.151243      0       0.000000
  166   1       0.134176       0.151243    165       0.000000
  167   7      -0.017886      -0.017886    -99       0.009844
  168   6      -0.063056      -0.216241      0       0.004197
  169   1       0.050567       0.105259      0       0.000000
  170   1       0.067184       0.105259    169       0.000000
  171   1       0.073846       0.105259    169       0.000000
  172   1      -0.050406      -0.050406    -99       0.000000
  173  20       1.840211       1.840211    -99       0.000543
  174   8      -0.805343      -0.805343    -99       0.001232
  175   1       0.394371       0.394371    -99       0.000000
  176   1       0.394371       0.394371    -99       0.000000

 Sum over the calculated charges:     -0.000

        Statistics of the fitting:
  The initial sum of squares (ssvpot)                    105.320
  The residual sum of squares (chipot)                     0.145
  The std err of estimate (sqrt(chipot/N))               0.00227
  ESP relative RMS (SQRT(chipot/ssvpot))                 0.03712

 Center of Mass (Angst.):

 X  =  -0.06205      Y  =   0.00842      Z  =  -0.00499

 Dipole (Debye):

 X  =  42.71714      Y  =  -6.01325      Z  = -31.48709

 Dipole Moment (Debye)=  53.40740

 Quadrupole (Debye*Angst.):

 Qxx =-169.20781     QYY = 121.40420     QZZ =  47.80361
 Qxy = 562.85071     QXZ =-223.94535     QYZ =  -3.20074



 Dipole (Debye) (wrt. Center of Mass and rotated along the principal axes of moment of inertia):

 X  =  42.69335      Y  =  -5.88518      Z  = -31.54350

 Dipole Moment (Debye)=  53.40740

 Quadrupole (Debye*Angst.) (wrt. Center of Mass and rotated along the principal axes of moment of inertia):

 Qxx =-166.69343     QYY = 123.96079     QZZ =  42.73263
 Qxy = 557.65343     QXZ =-231.45951     QYZ =  -5.51451
